Using pre-set license
Built from '2021.3/staging' branch; Version is '2021.3.5f1 (40eb3a945986) revision 4254522'; Using compiler version '192829333'; Build Type 'Release'
OS: 'Windows 10  (10.0.19044) 64bit Professional' Language: 'ko' Physical Memory: 16311 MB
BatchMode: 1, IsHumanControllingUs: 0, StartBugReporterOnCrash: 0, Is64bit: 1, IsPro: 1

COMMAND LINE ARGUMENTS:
C:\Program Files\Unity\Hub\Editor\2021.3.5f1\Editor\Unity.exe
-adb2
-batchMode
-noUpm
-name
AssetImportWorker6
-projectPath
C:/Users/USER/HeroTurnCU
-logFile
Logs/AssetImportWorker6.log
-srvPort
6074
Successfully changed project path to: C:/Users/USER/HeroTurnCU
C:/Users/USER/HeroTurnCU
[UnityMemory] Configuration Parameters - Can be set up in boot.config
    "memorysetup-bucket-allocator-granularity=16"
    "memorysetup-bucket-allocator-bucket-count=8"
    "memorysetup-bucket-allocator-block-size=33554432"
    "memorysetup-bucket-allocator-block-count=8"
    "memorysetup-main-allocator-block-size=16777216"
    "memorysetup-thread-allocator-block-size=16777216"
    "memorysetup-gfx-main-allocator-block-size=16777216"
    "memorysetup-gfx-thread-allocator-block-size=16777216"
    "memorysetup-cache-allocator-block-size=4194304"
    "memorysetup-typetree-allocator-block-size=2097152"
    "memorysetup-profiler-bucket-allocator-granularity=16"
    "memorysetup-profiler-bucket-allocator-bucket-count=8"
    "memorysetup-profiler-bucket-allocator-block-size=33554432"
    "memorysetup-profiler-bucket-allocator-block-count=8"
    "memorysetup-profiler-allocator-block-size=16777216"
    "memorysetup-profiler-editor-allocator-block-size=1048576"
    "memorysetup-temp-allocator-size-main=16777216"
    "memorysetup-job-temp-allocator-block-size=2097152"
    "memorysetup-job-temp-allocator-block-size-background=1048576"
    "memorysetup-job-temp-allocator-reduction-small-platforms=262144"
    "memorysetup-temp-allocator-size-background-worker=32768"
    "memorysetup-temp-allocator-size-job-worker=262144"
    "memorysetup-temp-allocator-size-preload-manager=33554432"
    "memorysetup-temp-allocator-size-nav-mesh-worker=65536"
    "memorysetup-temp-allocator-size-audio-worker=65536"
    "memorysetup-temp-allocator-size-cloud-worker=32768"
    "memorysetup-temp-allocator-size-gi-baking-worker=262144"
    "memorysetup-temp-allocator-size-gfx=262144"
Default GameObject BitMask: Player already registered
Refreshing native plugins compatible for Editor in 144.15 ms, found 4 plugins.
Preloading 0 native plugins for Editor in 0.00 ms.
Initialize engine version: 2021.3.5f1 (40eb3a945986)
[Subsystems] Discovering subsystems at path C:/Program Files/Unity/Hub/Editor/2021.3.5f1/Editor/Data/Resources/UnitySubsystems
[Subsystems] Discovering subsystems at path C:/Users/USER/HeroTurnCU/Assets
GfxDevice: creating device client; threaded=0; jobified=0
Direct3D:
    Version:  Direct3D 11.0 [level 11.1]
    Renderer: NVIDIA GeForce RTX 3060 (ID=0x2487)
    Vendor:   NVIDIA
    VRAM:     12124 MB
    Driver:   31.0.15.2756
Initialize mono
Mono path[0] = 'C:/Program Files/Unity/Hub/Editor/2021.3.5f1/Editor/Data/Managed'
Mono path[1] = 'C:/Program Files/Unity/Hub/Editor/2021.3.5f1/Editor/Data/MonoBleedingEdge/lib/mono/unityjit-win32'
Mono config path = 'C:/Program Files/Unity/Hub/Editor/2021.3.5f1/Editor/Data/MonoBleedingEdge/etc'
Using monoOptions --debugger-agent=transport=dt_socket,embedding=1,server=y,suspend=n,address=127.0.0.1:56456
Begin MonoManager ReloadAssembly
Registering precompiled unity dll's ...
Register platform support module: C:/Program Files/Unity/Hub/Editor/2021.3.5f1/Editor/Data/PlaybackEngines/WindowsStandaloneSupport/UnityEditor.WindowsStandalone.Extensions.dll
Registered in 0.013828 seconds.
Native extension for WindowsStandalone target not found
Refreshing native plugins compatible for Editor in 120.06 ms, found 4 plugins.
Preloading 0 native plugins for Editor in 0.00 ms.
Mono: successfully reloaded assembly
- Completed reload, in  0.943 seconds
Domain Reload Profiling:
	ReloadAssembly (943ms)
		BeginReloadAssembly (90ms)
			ExecutionOrderSort (0ms)
			DisableScriptedObjects (0ms)
			BackupInstance (0ms)
			ReleaseScriptingObjects (0ms)
			CreateAndSetChildDomain (1ms)
		EndReloadAssembly (477ms)
			LoadAssemblies (86ms)
			RebuildTransferFunctionScriptingTraits (0ms)
			SetupTypeCache (95ms)
			ReleaseScriptCaches (0ms)
			RebuildScriptCaches (32ms)
			SetupLoadedEditorAssemblies (292ms)
				LogAssemblyErrors (0ms)
				InitializePlatformSupportModulesInManaged (13ms)
				SetLoadedEditorAssemblies (0ms)
				RefreshPlugins (120ms)
				BeforeProcessingInitializeOnLoad (1ms)
				ProcessInitializeOnLoadAttributes (112ms)
				ProcessInitializeOnLoadMethodAttributes (46ms)
				AfterProcessingInitializeOnLoad (0ms)
				EditorAssembliesLoaded (0ms)
			ExecutionOrderSort2 (0ms)
			AwakeInstancesAfterBackupRestoration (0ms)
Platform modules already initialized, skipping
Registering precompiled user dll's ...
Registered in 0.015747 seconds.
Begin MonoManager ReloadAssembly
Symbol file LoadedFromMemory doesn't match image C:\Users\USER\HeroTurnCU\Library\PackageCache\com.unity.visualscripting@1.7.8\Editor\VisualScripting.Core\Dependencies\DotNetZip\Unity.VisualScripting.IonicZip.dll
Symbol file LoadedFromMemory doesn't match image C:\Users\USER\HeroTurnCU\Library\PackageCache\com.unity.visualscripting@1.7.8\Editor\VisualScripting.Core\Dependencies\YamlDotNet\Unity.VisualScripting.YamlDotNet.dll
Native extension for WindowsStandalone target not found
Refreshing native plugins compatible for Editor in 122.00 ms, found 4 plugins.
Preloading 0 native plugins for Editor in 0.00 ms.
System.Exception: Error! Visual Scripting: couldn't find visual scripting package
  at Unity.VisualScripting.PackageVersionUtility.get_version () [0x00043] in C:\Users\USER\HeroTurnCU\Library\PackageCache\com.unity.visualscripting@1.7.8\Editor\VisualScripting.Core\Utilities\PackageVersionUtility.cs:31 
  at Unity.VisualScripting.BoltCoreManifest.get_version () [0x00000] in C:\Users\USER\HeroTurnCU\Library\PackageCache\com.unity.visualscripting@1.7.8\Editor\VisualScripting.Core\Plugin\BoltCoreManifest.cs:11 
  at Unity.VisualScripting.PluginManifest.get_currentVersion () [0x00000] in C:\Users\USER\HeroTurnCU\Library\PackageCache\com.unity.visualscripting@1.7.8\Editor\VisualScripting.Core\Plugins\PluginManifest.cs:33 
  at Unity.VisualScripting.PluginManifest.get_versionMismatch () [0x00000] in C:\Users\USER\HeroTurnCU\Library\PackageCache\com.unity.visualscripting@1.7.8\Editor\VisualScripting.Core\Plugins\PluginManifest.cs:48 
  at Unity.VisualScripting.PluginContainer.Initialize () [0x00525] in C:\Users\USER\HeroTurnCU\Library\PackageCache\com.unity.visualscripting@1.7.8\Editor\VisualScripting.Core\Plugins\PluginContainer.cs:208 
  at Unity.VisualScripting.PluginContainer.InitializeOnLoad () [0x00009] in C:\Users\USER\HeroTurnCU\Library\PackageCache\com.unity.visualscripting@1.7.8\Editor\VisualScripting.Core\Plugins\PluginContainer.cs:32 
  at Unity.VisualScripting.VSUsageUtility.DoInitializeOnLoadCalls () [0x00034] in C:\Users\USER\HeroTurnCU\Library\PackageCache\com.unity.visualscripting@1.7.8\Editor\VisualScripting.Core\Utilities\VSUsageUtility.cs:76 
  at Unity.VisualScripting.VSUsageUtility.set_isVisualScriptingUsed (System.Boolean value) [0x0002c] in C:\Users\USER\HeroTurnCU\Library\PackageCache\com.unity.visualscripting@1.7.8\Editor\VisualScripting.Core\Utilities\VSUsageUtility.cs:114 
  at Unity.VisualScripting.VSUsageUtility.CheckAndSetIsVisualScriptingUsed () [0x00032] in C:\Users\USER\HeroTurnCU\Library\PackageCache\com.unity.visualscripting@1.7.8\Editor\VisualScripting.Core\Utilities\VSUsageUtility.cs:48 
  at Unity.VisualScripting.VSUsageUtility..cctor () [0x00000] in C:\Users\USER\HeroTurnCU\Library\PackageCache\com.unity.visualscripting@1.7.8\Editor\VisualScripting.Core\Utilities\VSUsageUtility.cs:22 
UnityEngine.StackTraceUtility:ExtractStackTrace ()
UnityEngine.DebugLogHandler:LogFormat (UnityEngine.LogType,UnityEngine.Object,string,object[])
UnityEngine.Logger:Log (UnityEngine.LogType,object)
UnityEngine.Debug:LogError (object)
UnityEditor.EditorAssemblies:ProcessInitializeOnLoadAttributes (System.Type[])

Package Manager log level set to [2]
Mono: successfully reloaded assembly
- Completed reload, in  1.663 seconds
Domain Reload Profiling:
	ReloadAssembly (1663ms)
		BeginReloadAssembly (139ms)
			ExecutionOrderSort (0ms)
			DisableScriptedObjects (6ms)
			BackupInstance (0ms)
			ReleaseScriptingObjects (0ms)
			CreateAndSetChildDomain (18ms)
		EndReloadAssembly (1393ms)
			LoadAssemblies (139ms)
			RebuildTransferFunctionScriptingTraits (0ms)
			SetupTypeCache (241ms)
			ReleaseScriptCaches (1ms)
			RebuildScriptCaches (59ms)
			SetupLoadedEditorAssemblies (921ms)
				LogAssemblyErrors (0ms)
				InitializePlatformSupportModulesInManaged (7ms)
				SetLoadedEditorAssemblies (0ms)
				RefreshPlugins (122ms)
				BeforeProcessingInitializeOnLoad (128ms)
				ProcessInitializeOnLoadAttributes (555ms)
				ProcessInitializeOnLoadMethodAttributes (94ms)
				AfterProcessingInitializeOnLoad (15ms)
				EditorAssembliesLoaded (0ms)
			ExecutionOrderSort2 (0ms)
			AwakeInstancesAfterBackupRestoration (8ms)
Platform modules already initialized, skipping
========================================================================
Worker process is ready to serve import requests
Default GameObject BitMask: Player already registered
Launched and connected shader compiler UnityShaderCompiler.exe after 0.05 seconds
Refreshing native plugins compatible for Editor in 1.20 ms, found 4 plugins.
Preloading 0 native plugins for Editor in 0.00 ms.
Unloading 4782 Unused Serialized files (Serialized files now loaded: 0)
Unloading 75 unused Assets / (56.7 KB). Loaded Objects now: 5211.
Memory consumption went from 181.4 MB to 181.4 MB.
Total: 11.070900 ms (FindLiveObjects: 0.671200 ms CreateObjectMapping: 0.440900 ms MarkObjects: 9.864100 ms  DeleteObjects: 0.094200 ms)

AssetImportParameters requested are different than current active one (requested -> active):
  custom:video-decoder-ogg-theora: a1e56fd34408186e4bbccfd4996cb3dc -> 
  custom:container-muxer-webm: aa71ff27fc2769a1b78a27578f13a17b -> 
  custom:container-demuxer-webm: 4f35f7cbe854078d1ac9338744f61a02 -> 
  custom:video-encoder-webm-vp8: eb34c28f22e8b96e1ab97ce403110664 -> 
  custom:audio-encoder-webm-vorbis: bf7c407c2cedff20999df2af8eb42d56 -> 
  custom:framework-win-MediaFoundation: 216162199b28c13a410421893ffa2e32 -> 
  custom:container-demuxer-ogg: 62fdf1f143b41e24485cea50d1cbac27 -> 
  custom:video-decoder-webm-vp8: 9c59270c3fd7afecdb556c50c9e8de78 -> 
  custom:audio-decoder-ogg-vorbis: bf7c407c2cedff20999df2af8eb42d56 -> 
========================================================================
Received Import Request.
  Time since last request: 13255.925529 seconds.
  path: Assets/Images/Portraits/portrait_karl.png
  artifactKey: Guid(37e3b72b84edf7145a41bb992af84cae) Importer(815301076,1909f56bfc062723c751e8b465ee728b)
Start importing Assets/Images/Portraits/portrait_karl.png using Guid(37e3b72b84edf7145a41bb992af84cae) Importer(815301076,1909f56bfc062723c751e8b465ee728b)  -> (artifact id: '897cf15cf6655863b616171d3d735540') in 0.102721 seconds 
========================================================================
Received Import Request.
  Time since last request: 13.763139 seconds.
  path: Assets/Images/Portraits/portrait_hinami.png
  artifactKey: Guid(3e684b8484187f34db0ccc054f1f91b5) Importer(815301076,1909f56bfc062723c751e8b465ee728b)
Start importing Assets/Images/Portraits/portrait_hinami.png using Guid(3e684b8484187f34db0ccc054f1f91b5) Importer(815301076,1909f56bfc062723c751e8b465ee728b)  -> (artifact id: '8f7e420f0bd3b29c3c95f8feb18f5337') in 0.031966 seconds 
========================================================================
Received Import Request.
  Time since last request: 5.849818 seconds.
  path: Assets/Images/Portraits/portrait_controller.png
  artifactKey: Guid(391d614373a17a6499cd4ebd6dc5aede) Importer(815301076,1909f56bfc062723c751e8b465ee728b)
Start importing Assets/Images/Portraits/portrait_controller.png using Guid(391d614373a17a6499cd4ebd6dc5aede) Importer(815301076,1909f56bfc062723c751e8b465ee728b)  -> (artifact id: 'a99ff78807448c1af4f3d672cb2766b7') in 0.030841 seconds 
========================================================================
Received Import Request.
  Time since last request: 9.080423 seconds.
  path: Assets/Images/Portraits/portrait_ghost.png
  artifactKey: Guid(84f358c6f9d48ca4aa84b8572102fd82) Importer(815301076,1909f56bfc062723c751e8b465ee728b)
Start importing Assets/Images/Portraits/portrait_ghost.png using Guid(84f358c6f9d48ca4aa84b8572102fd82) Importer(815301076,1909f56bfc062723c751e8b465ee728b)  -> (artifact id: '24a7993446d04e08420c71fb0836df6d') in 0.029954 seconds 
========================================================================
Received Import Request.
  Time since last request: 3.017726 seconds.
  path: Assets/Images/Portraits/portrait_hero.png
  artifactKey: Guid(7663034113ae19249a13b6ca89cb98e7) Importer(815301076,1909f56bfc062723c751e8b465ee728b)
Start importing Assets/Images/Portraits/portrait_hero.png using Guid(7663034113ae19249a13b6ca89cb98e7) Importer(815301076,1909f56bfc062723c751e8b465ee728b)  -> (artifact id: '229944b47051e6aedf0dfa4ab2dd6a2d') in 0.032610 seconds 
========================================================================
Received Import Request.
  Time since last request: 3.232712 seconds.
  path: Assets/Images/Portraits/portrait_it.png
  artifactKey: Guid(cb04b9140e5cfa6439b0358ea1e4e68c) Importer(815301076,1909f56bfc062723c751e8b465ee728b)
Start importing Assets/Images/Portraits/portrait_it.png using Guid(cb04b9140e5cfa6439b0358ea1e4e68c) Importer(815301076,1909f56bfc062723c751e8b465ee728b)  -> (artifact id: 'ea62863c306a977bf42b4b1962d32dc4') in 0.032915 seconds 
========================================================================
Received Import Request.
  Time since last request: 3.744185 seconds.
  path: Assets/Images/Portraits/portrait_lord.png
  artifactKey: Guid(58e2924890955ad438508dba2a8fd1e1) Importer(815301076,1909f56bfc062723c751e8b465ee728b)
Start importing Assets/Images/Portraits/portrait_lord.png using Guid(58e2924890955ad438508dba2a8fd1e1) Importer(815301076,1909f56bfc062723c751e8b465ee728b)  -> (artifact id: '0915147a57321cdff8c600335c3dc1e5') in 0.031034 seconds 
========================================================================
Received Import Request.
  Time since last request: 2.996614 seconds.
  path: Assets/Images/Portraits/portrait_mashiro.png
  artifactKey: Guid(0c5e2ea226a5adc4aa4bf72336ca99bc) Importer(815301076,1909f56bfc062723c751e8b465ee728b)
Start importing Assets/Images/Portraits/portrait_mashiro.png using Guid(0c5e2ea226a5adc4aa4bf72336ca99bc) Importer(815301076,1909f56bfc062723c751e8b465ee728b)  -> (artifact id: '28f1be83b187b5c89e5324234378adeb') in 0.037857 seconds 
========================================================================
Received Import Request.
  Time since last request: 3.444079 seconds.
  path: Assets/Images/Portraits/portrait_mir.png
  artifactKey: Guid(343c8a6c2911ee64c9992a39dfb06444) Importer(815301076,1909f56bfc062723c751e8b465ee728b)
Start importing Assets/Images/Portraits/portrait_mir.png using Guid(343c8a6c2911ee64c9992a39dfb06444) Importer(815301076,1909f56bfc062723c751e8b465ee728b)  -> (artifact id: '8750fa06eb591e3a5c9a4d98cef08462') in 0.033952 seconds 
========================================================================
Received Import Request.
  Time since last request: 4.416619 seconds.
  path: Assets/Images/Portraits/portrait_salamandar.png
  artifactKey: Guid(22728f75d2fb724459e24b52f2444440) Importer(815301076,1909f56bfc062723c751e8b465ee728b)
Start importing Assets/Images/Portraits/portrait_salamandar.png using Guid(22728f75d2fb724459e24b52f2444440) Importer(815301076,1909f56bfc062723c751e8b465ee728b)  -> (artifact id: '5157b03079c01046f44c99046870c492') in 0.033457 seconds 
========================================================================
Received Import Request.
  Time since last request: 4.132555 seconds.
  path: Assets/Images/Portraits/portrait_treka.png
  artifactKey: Guid(4c9fc007135cb964fb4ac7436a8bb85c) Importer(815301076,1909f56bfc062723c751e8b465ee728b)
Start importing Assets/Images/Portraits/portrait_treka.png using Guid(4c9fc007135cb964fb4ac7436a8bb85c) Importer(815301076,1909f56bfc062723c751e8b465ee728b)  -> (artifact id: '03486e86deb9a3911a1c73b6871e5aff') in 0.037755 seconds 
========================================================================
Received Import Request.
  Time since last request: 2.712415 seconds.
  path: Assets/Images/Portraits/portrait_violet.png
  artifactKey: Guid(0a6e949f91ec7a443a14a5c7c8d60445) Importer(815301076,1909f56bfc062723c751e8b465ee728b)
Start importing Assets/Images/Portraits/portrait_violet.png using Guid(0a6e949f91ec7a443a14a5c7c8d60445) Importer(815301076,1909f56bfc062723c751e8b465ee728b)  -> (artifact id: 'd7b1a89cdd230f2697199e04c5256d20') in 0.033194 seconds 
========================================================================
Received Import Request.
  Time since last request: 87.120376 seconds.
  path: Assets/Images/Units/units_treka.png
  artifactKey: Guid(b9891a3e1fc0f0d46ae4fc5f2daa74a8) Importer(815301076,1909f56bfc062723c751e8b465ee728b)
Start importing Assets/Images/Units/units_treka.png using Guid(b9891a3e1fc0f0d46ae4fc5f2daa74a8) Importer(815301076,1909f56bfc062723c751e8b465ee728b)  -> (artifact id: 'a4fa9199419eaa057d0b408d49a0a1fa') in 0.224581 seconds 
========================================================================
Received Import Request.
  Time since last request: 140.776236 seconds.
  path: Assets/Images/Portraits/portrait_lord_reverse.png
  artifactKey: Guid(af1ea94e53067934999bf143ad254957) Importer(815301076,1909f56bfc062723c751e8b465ee728b)
Start importing Assets/Images/Portraits/portrait_lord_reverse.png using Guid(af1ea94e53067934999bf143ad254957) Importer(815301076,1909f56bfc062723c751e8b465ee728b)  -> (artifact id: '455417bc3f008402f38e98b7bb1a90b7') in 0.017486 seconds 
========================================================================
Received Import Request.
  Time since last request: 14.762142 seconds.
  path: Assets/Images/Portraits/portrait_lord_reverse.png
  artifactKey: Guid(af1ea94e53067934999bf143ad254957) Importer(815301076,1909f56bfc062723c751e8b465ee728b)
Start importing Assets/Images/Portraits/portrait_lord_reverse.png using Guid(af1ea94e53067934999bf143ad254957) Importer(815301076,1909f56bfc062723c751e8b465ee728b)  -> (artifact id: '168957d21049e65f2c9bd99bbb82799f') in 0.011750 seconds 
========================================================================
Received Import Request.
  Time since last request: 8.768425 seconds.
  path: Assets/Images/Portraits/portrait_lord_reverse.png
  artifactKey: Guid(af1ea94e53067934999bf143ad254957) Importer(815301076,1909f56bfc062723c751e8b465ee728b)
Start importing Assets/Images/Portraits/portrait_lord_reverse.png using Guid(af1ea94e53067934999bf143ad254957) Importer(815301076,1909f56bfc062723c751e8b465ee728b)  -> (artifact id: 'cb12dc41f09f584c62f9426534075ecb') in 0.010878 seconds 
========================================================================
Received Import Request.
  Time since last request: 4.939821 seconds.
  path: Assets/Images/Portraits/portrait_lord_reverse.png
  artifactKey: Guid(af1ea94e53067934999bf143ad254957) Importer(815301076,1909f56bfc062723c751e8b465ee728b)
Start importing Assets/Images/Portraits/portrait_lord_reverse.png using Guid(af1ea94e53067934999bf143ad254957) Importer(815301076,1909f56bfc062723c751e8b465ee728b)  -> (artifact id: '75deee9659b8413cebb5f0405a1b5756') in 0.033134 seconds 
========================================================================
Received Import Request.
  Time since last request: 215.618380 seconds.
  path: Assets/Images/RPGXPACE/Characters/People1.png
  artifactKey: Guid(b96d653ffe0293a47ab8ebf16a7e2f0c) Importer(815301076,1909f56bfc062723c751e8b465ee728b)
Start importing Assets/Images/RPGXPACE/Characters/People1.png using Guid(b96d653ffe0293a47ab8ebf16a7e2f0c) Importer(815301076,1909f56bfc062723c751e8b465ee728b)  -> (artifact id: 'b31a0b3150bddf5a716c96714bfebfea') in 0.044599 seconds 
========================================================================
Received Import Request.
  Time since last request: 0.000062 seconds.
  path: Assets/Images/RPGXPACE/Battlers/Plant.png
  artifactKey: Guid(35696fc3d8a02de41b96766d935975c0) Importer(815301076,1909f56bfc062723c751e8b465ee728b)
Start importing Assets/Images/RPGXPACE/Battlers/Plant.png using Guid(35696fc3d8a02de41b96766d935975c0) Importer(815301076,1909f56bfc062723c751e8b465ee728b)  -> (artifact id: 'c1a9d5254fb85f189fbfa103d1a42ef9') in 0.044612 seconds 
========================================================================
Received Import Request.
  Time since last request: 0.000029 seconds.
  path: Assets/Images/RPGXPACE/Characters/People7.png
  artifactKey: Guid(cf8a432cb4f668644ac9b1f0d0267ef9) Importer(815301076,1909f56bfc062723c751e8b465ee728b)
Start importing Assets/Images/RPGXPACE/Characters/People7.png using Guid(cf8a432cb4f668644ac9b1f0d0267ef9) Importer(815301076,1909f56bfc062723c751e8b465ee728b)  -> (artifact id: 'b0ce1f6a8f97375bc57bf9e336eb083b') in 0.032801 seconds 
========================================================================
Received Import Request.
  Time since last request: 0.000092 seconds.
  path: Assets/Images/RPGXPACE/Characters/People6.png
  artifactKey: Guid(b3774ec0916c44b4187f75751afc37cc) Importer(815301076,1909f56bfc062723c751e8b465ee728b)
Start importing Assets/Images/RPGXPACE/Characters/People6.png using Guid(b3774ec0916c44b4187f75751afc37cc) Importer(815301076,1909f56bfc062723c751e8b465ee728b)  -> (artifact id: '665cae47924259b217197ffd8c525716') in 0.044487 seconds 
========================================================================
Received Import Request.
  Time since last request: 0.000043 seconds.
  path: Assets/Images/RPGXPACE/Faces/People4.png
  artifactKey: Guid(ae792d1dfba945f4b95ec2c6d7bc5e78) Importer(815301076,1909f56bfc062723c751e8b465ee728b)
Start importing Assets/Images/RPGXPACE/Faces/People4.png using Guid(ae792d1dfba945f4b95ec2c6d7bc5e78) Importer(815301076,1909f56bfc062723c751e8b465ee728b)  -> (artifact id: 'fe62fbf2ab738bfcee3f56345018c9d9') in 0.034389 seconds 
========================================================================
Received Import Request.
  Time since last request: 0.000039 seconds.
  path: Assets/Images/RPGXPACE/Characters/People4.png
  artifactKey: Guid(cae453665a37f91498aecbe966fc970c) Importer(815301076,1909f56bfc062723c751e8b465ee728b)
Start importing Assets/Images/RPGXPACE/Characters/People4.png using Guid(cae453665a37f91498aecbe966fc970c) Importer(815301076,1909f56bfc062723c751e8b465ee728b)  -> (artifact id: '524eb5b7fe994899bbd8d9c73bf6807d') in 0.031223 seconds 
========================================================================
Received Import Request.
  Time since last request: 0.000112 seconds.
  path: Assets/Images/RPGXPACE/Characters/People5.png
  artifactKey: Guid(aed808952e203274f9a50582ff48402f) Importer(815301076,1909f56bfc062723c751e8b465ee728b)
Start importing Assets/Images/RPGXPACE/Characters/People5.png using Guid(aed808952e203274f9a50582ff48402f) Importer(815301076,1909f56bfc062723c751e8b465ee728b)  -> (artifact id: 'ef0d1fb324ba7f7d853813e61d85deea') in 0.051144 seconds 
========================================================================
Received Import Request.
  Time since last request: 2.046564 seconds.
  path: Assets/Images/RPGXPACE/Battlebacks2/Town5.png
  artifactKey: Guid(04e1314185098b3478e21067696b4669) Importer(815301076,1909f56bfc062723c751e8b465ee728b)
Start importing Assets/Images/RPGXPACE/Battlebacks2/Town5.png using Guid(04e1314185098b3478e21067696b4669) Importer(815301076,1909f56bfc062723c751e8b465ee728b)  -> (artifact id: '7b53a242658518553b48021eefa4068d') in 0.055988 seconds 
========================================================================
Received Import Request.
  Time since last request: 0.000026 seconds.
  path: Assets/Images/RPGXPACE/Battlers/Wizard_m.png
  artifactKey: Guid(60528e759e68d534492303810108afd2) Importer(815301076,1909f56bfc062723c751e8b465ee728b)
Start importing Assets/Images/RPGXPACE/Battlers/Wizard_m.png using Guid(60528e759e68d534492303810108afd2) Importer(815301076,1909f56bfc062723c751e8b465ee728b)  -> (artifact id: 'c1e44c1d4959e95585460c64d082e77a') in 0.035089 seconds 
========================================================================
Received Import Request.
  Time since last request: 0.000026 seconds.
  path: Assets/Images/RPGXPACE/Animations/Water2.png
  artifactKey: Guid(678c4bfff97587a47b19c10eec2453e6) Importer(815301076,1909f56bfc062723c751e8b465ee728b)
Start importing Assets/Images/RPGXPACE/Animations/Water2.png using Guid(678c4bfff97587a47b19c10eec2453e6) Importer(815301076,1909f56bfc062723c751e8b465ee728b)  -> (artifact id: '186320e3cafc15a6ce060cd1243522a9') in 0.041093 seconds 
========================================================================
Received Import Request.
  Time since last request: 0.000020 seconds.
  path: Assets/Images/RPGXPACE/Battlers/Wizard_f.png
  artifactKey: Guid(a86589732c9b8bc4b95d6703bbafb78f) Importer(815301076,1909f56bfc062723c751e8b465ee728b)
Start importing Assets/Images/RPGXPACE/Battlers/Wizard_f.png using Guid(a86589732c9b8bc4b95d6703bbafb78f) Importer(815301076,1909f56bfc062723c751e8b465ee728b)  -> (artifact id: '02794ceee3f1cedf004f239e12271354') in 0.026184 seconds 
========================================================================
Received Import Request.
  Time since last request: 0.000031 seconds.
  path: Assets/Images/RPGXPACE/Animations/Water1.png
  artifactKey: Guid(26c7df41906466e4bac461e1094d5bca) Importer(815301076,1909f56bfc062723c751e8b465ee728b)
Start importing Assets/Images/RPGXPACE/Animations/Water1.png using Guid(26c7df41906466e4bac461e1094d5bca) Importer(815301076,1909f56bfc062723c751e8b465ee728b)  -> (artifact id: 'c386f8668cfab2edc50b8764d6d0c2fc') in 0.061474 seconds 
========================================================================
Received Import Request.
  Time since last request: 0.000028 seconds.
  path: Assets/Images/RPGXPACE/Animations/Wind2.png
  artifactKey: Guid(fdf717491730f584eb62a2603bb26c16) Importer(815301076,1909f56bfc062723c751e8b465ee728b)
Start importing Assets/Images/RPGXPACE/Animations/Wind2.png using Guid(fdf717491730f584eb62a2603bb26c16) Importer(815301076,1909f56bfc062723c751e8b465ee728b)  -> (artifact id: '496cde339e34388e7f093e9b1ee14cd3') in 0.052008 seconds 
========================================================================
Received Import Request.
  Time since last request: 0.000023 seconds.
  path: Assets/Images/RPGXPACE/Battlebacks2/Wasteland.png
  artifactKey: Guid(4c835b26cae6ffa48a5e6f0da386deda) Importer(815301076,1909f56bfc062723c751e8b465ee728b)
Start importing Assets/Images/RPGXPACE/Battlebacks2/Wasteland.png using Guid(4c835b26cae6ffa48a5e6f0da386deda) Importer(815301076,1909f56bfc062723c751e8b465ee728b)  -> (artifact id: '75dcbfbc1cbdb550efa2c737ec5e092f') in 0.037707 seconds 
========================================================================
Received Import Request.
  Time since last request: 0.000036 seconds.
  path: Assets/Images/RPGXPACE/Animations/Water3.png
  artifactKey: Guid(f88d65931e3c6914a9f6f786b6e0855d) Importer(815301076,1909f56bfc062723c751e8b465ee728b)
Start importing Assets/Images/RPGXPACE/Animations/Water3.png using Guid(f88d65931e3c6914a9f6f786b6e0855d) Importer(815301076,1909f56bfc062723c751e8b465ee728b)  -> (artifact id: '1394be9726f4140abc3af9edef115716') in 0.075722 seconds 
========================================================================
Received Import Request.
  Time since last request: 0.000043 seconds.
  path: Assets/Images/RPGXPACE/Battlers/Waterspirit.png
  artifactKey: Guid(b209e7d9f727f0349ba55a22b412c89e) Importer(815301076,1909f56bfc062723c751e8b465ee728b)
Start importing Assets/Images/RPGXPACE/Battlers/Waterspirit.png using Guid(b209e7d9f727f0349ba55a22b412c89e) Importer(815301076,1909f56bfc062723c751e8b465ee728b)  -> (artifact id: '62695dd6a006c878a00564213b687967') in 0.035615 seconds 
Editor requested this worker to shutdown with reason: Scaling down because of idle timeout
AssetImportWorker is now disconnected from the server
Process exiting
Exiting without the bug reporter. Application will terminate with return code 0