Using pre-set license
Built from '2021.3/staging' branch; Version is '2021.3.5f1 (40eb3a945986) revision 4254522'; Using compiler version '192829333'; Build Type 'Release'
OS: 'Windows 10  (10.0.19044) 64bit Professional' Language: 'ko' Physical Memory: 16311 MB
BatchMode: 1, IsHumanControllingUs: 0, StartBugReporterOnCrash: 0, Is64bit: 1, IsPro: 1

COMMAND LINE ARGUMENTS:
C:\Program Files\Unity\Hub\Editor\2021.3.5f1\Editor\Unity.exe
-adb2
-batchMode
-noUpm
-name
AssetImportWorker0
-projectPath
C:/Users/USER/HeroTurnCU
-logFile
Logs/AssetImportWorker0.log
-srvPort
8100
Successfully changed project path to: C:/Users/USER/HeroTurnCU
C:/Users/USER/HeroTurnCU
[UnityMemory] Configuration Parameters - Can be set up in boot.config
    "memorysetup-bucket-allocator-granularity=16"
    "memorysetup-bucket-allocator-bucket-count=8"
    "memorysetup-bucket-allocator-block-size=33554432"
    "memorysetup-bucket-allocator-block-count=8"
    "memorysetup-main-allocator-block-size=16777216"
    "memorysetup-thread-allocator-block-size=16777216"
    "memorysetup-gfx-main-allocator-block-size=16777216"
    "memorysetup-gfx-thread-allocator-block-size=16777216"
    "memorysetup-cache-allocator-block-size=4194304"
    "memorysetup-typetree-allocator-block-size=2097152"
    "memorysetup-profiler-bucket-allocator-granularity=16"
    "memorysetup-profiler-bucket-allocator-bucket-count=8"
    "memorysetup-profiler-bucket-allocator-block-size=33554432"
    "memorysetup-profiler-bucket-allocator-block-count=8"
    "memorysetup-profiler-allocator-block-size=16777216"
    "memorysetup-profiler-editor-allocator-block-size=1048576"
    "memorysetup-temp-allocator-size-main=16777216"
    "memorysetup-job-temp-allocator-block-size=2097152"
    "memorysetup-job-temp-allocator-block-size-background=1048576"
    "memorysetup-job-temp-allocator-reduction-small-platforms=262144"
    "memorysetup-temp-allocator-size-background-worker=32768"
    "memorysetup-temp-allocator-size-job-worker=262144"
    "memorysetup-temp-allocator-size-preload-manager=33554432"
    "memorysetup-temp-allocator-size-nav-mesh-worker=65536"
    "memorysetup-temp-allocator-size-audio-worker=65536"
    "memorysetup-temp-allocator-size-cloud-worker=32768"
    "memorysetup-temp-allocator-size-gi-baking-worker=262144"
    "memorysetup-temp-allocator-size-gfx=262144"
Default GameObject BitMask: Player already registered
Refreshing native plugins compatible for Editor in 148.79 ms, found 4 plugins.
Preloading 0 native plugins for Editor in 0.00 ms.
Initialize engine version: 2021.3.5f1 (40eb3a945986)
[Subsystems] Discovering subsystems at path C:/Program Files/Unity/Hub/Editor/2021.3.5f1/Editor/Data/Resources/UnitySubsystems
[Subsystems] Discovering subsystems at path C:/Users/USER/HeroTurnCU/Assets
GfxDevice: creating device client; threaded=0; jobified=0
Direct3D:
    Version:  Direct3D 11.0 [level 11.1]
    Renderer: NVIDIA GeForce RTX 3060 (ID=0x2487)
    Vendor:   NVIDIA
    VRAM:     12124 MB
    Driver:   31.0.15.2756
Initialize mono
Mono path[0] = 'C:/Program Files/Unity/Hub/Editor/2021.3.5f1/Editor/Data/Managed'
Mono path[1] = 'C:/Program Files/Unity/Hub/Editor/2021.3.5f1/Editor/Data/MonoBleedingEdge/lib/mono/unityjit-win32'
Mono config path = 'C:/Program Files/Unity/Hub/Editor/2021.3.5f1/Editor/Data/MonoBleedingEdge/etc'
Using monoOptions --debugger-agent=transport=dt_socket,embedding=1,server=y,suspend=n,address=127.0.0.1:56740
Begin MonoManager ReloadAssembly
Registering precompiled unity dll's ...
Register platform support module: C:/Program Files/Unity/Hub/Editor/2021.3.5f1/Editor/Data/PlaybackEngines/WindowsStandaloneSupport/UnityEditor.WindowsStandalone.Extensions.dll
Registered in 0.016594 seconds.
Native extension for WindowsStandalone target not found
Refreshing native plugins compatible for Editor in 132.77 ms, found 4 plugins.
Preloading 0 native plugins for Editor in 0.00 ms.
Mono: successfully reloaded assembly
- Completed reload, in  0.705 seconds
Domain Reload Profiling:
	ReloadAssembly (705ms)
		BeginReloadAssembly (100ms)
			ExecutionOrderSort (0ms)
			DisableScriptedObjects (0ms)
			BackupInstance (0ms)
			ReleaseScriptingObjects (0ms)
			CreateAndSetChildDomain (1ms)
		EndReloadAssembly (479ms)
			LoadAssemblies (95ms)
			RebuildTransferFunctionScriptingTraits (0ms)
			SetupTypeCache (95ms)
			ReleaseScriptCaches (0ms)
			RebuildScriptCaches (26ms)
			SetupLoadedEditorAssemblies (302ms)
				LogAssemblyErrors (0ms)
				InitializePlatformSupportModulesInManaged (9ms)
				SetLoadedEditorAssemblies (0ms)
				RefreshPlugins (133ms)
				BeforeProcessingInitializeOnLoad (1ms)
				ProcessInitializeOnLoadAttributes (112ms)
				ProcessInitializeOnLoadMethodAttributes (46ms)
				AfterProcessingInitializeOnLoad (0ms)
				EditorAssembliesLoaded (0ms)
			ExecutionOrderSort2 (0ms)
			AwakeInstancesAfterBackupRestoration (0ms)
Platform modules already initialized, skipping
Registering precompiled user dll's ...
Registered in 0.017130 seconds.
Begin MonoManager ReloadAssembly
Symbol file LoadedFromMemory doesn't match image C:\Users\USER\HeroTurnCU\Library\PackageCache\com.unity.visualscripting@1.7.8\Editor\VisualScripting.Core\Dependencies\DotNetZip\Unity.VisualScripting.IonicZip.dll
Symbol file LoadedFromMemory doesn't match image C:\Users\USER\HeroTurnCU\Library\PackageCache\com.unity.visualscripting@1.7.8\Editor\VisualScripting.Core\Dependencies\YamlDotNet\Unity.VisualScripting.YamlDotNet.dll
Native extension for WindowsStandalone target not found
Refreshing native plugins compatible for Editor in 140.74 ms, found 4 plugins.
Preloading 0 native plugins for Editor in 0.00 ms.
System.Exception: Error! Visual Scripting: couldn't find visual scripting package
  at Unity.VisualScripting.PackageVersionUtility.get_version () [0x00043] in C:\Users\USER\HeroTurnCU\Library\PackageCache\com.unity.visualscripting@1.7.8\Editor\VisualScripting.Core\Utilities\PackageVersionUtility.cs:31 
  at Unity.VisualScripting.BoltCoreManifest.get_version () [0x00000] in C:\Users\USER\HeroTurnCU\Library\PackageCache\com.unity.visualscripting@1.7.8\Editor\VisualScripting.Core\Plugin\BoltCoreManifest.cs:11 
  at Unity.VisualScripting.PluginManifest.get_currentVersion () [0x00000] in C:\Users\USER\HeroTurnCU\Library\PackageCache\com.unity.visualscripting@1.7.8\Editor\VisualScripting.Core\Plugins\PluginManifest.cs:33 
  at Unity.VisualScripting.PluginManifest.get_versionMismatch () [0x00000] in C:\Users\USER\HeroTurnCU\Library\PackageCache\com.unity.visualscripting@1.7.8\Editor\VisualScripting.Core\Plugins\PluginManifest.cs:48 
  at Unity.VisualScripting.PluginContainer.Initialize () [0x00525] in C:\Users\USER\HeroTurnCU\Library\PackageCache\com.unity.visualscripting@1.7.8\Editor\VisualScripting.Core\Plugins\PluginContainer.cs:208 
  at Unity.VisualScripting.PluginContainer.InitializeOnLoad () [0x00009] in C:\Users\USER\HeroTurnCU\Library\PackageCache\com.unity.visualscripting@1.7.8\Editor\VisualScripting.Core\Plugins\PluginContainer.cs:32 
  at Unity.VisualScripting.VSUsageUtility.DoInitializeOnLoadCalls () [0x00034] in C:\Users\USER\HeroTurnCU\Library\PackageCache\com.unity.visualscripting@1.7.8\Editor\VisualScripting.Core\Utilities\VSUsageUtility.cs:76 
  at Unity.VisualScripting.VSUsageUtility.set_isVisualScriptingUsed (System.Boolean value) [0x0002c] in C:\Users\USER\HeroTurnCU\Library\PackageCache\com.unity.visualscripting@1.7.8\Editor\VisualScripting.Core\Utilities\VSUsageUtility.cs:114 
  at Unity.VisualScripting.VSUsageUtility.CheckAndSetIsVisualScriptingUsed () [0x00032] in C:\Users\USER\HeroTurnCU\Library\PackageCache\com.unity.visualscripting@1.7.8\Editor\VisualScripting.Core\Utilities\VSUsageUtility.cs:48 
  at Unity.VisualScripting.VSUsageUtility..cctor () [0x00000] in C:\Users\USER\HeroTurnCU\Library\PackageCache\com.unity.visualscripting@1.7.8\Editor\VisualScripting.Core\Utilities\VSUsageUtility.cs:22 
UnityEngine.StackTraceUtility:ExtractStackTrace ()
UnityEngine.DebugLogHandler:LogFormat (UnityEngine.LogType,UnityEngine.Object,string,object[])
UnityEngine.Logger:Log (UnityEngine.LogType,object)
UnityEngine.Debug:LogError (object)
UnityEditor.EditorAssemblies:ProcessInitializeOnLoadAttributes (System.Type[])

Package Manager log level set to [2]
Mono: successfully reloaded assembly
- Completed reload, in  1.806 seconds
Domain Reload Profiling:
	ReloadAssembly (1807ms)
		BeginReloadAssembly (122ms)
			ExecutionOrderSort (0ms)
			DisableScriptedObjects (5ms)
			BackupInstance (0ms)
			ReleaseScriptingObjects (0ms)
			CreateAndSetChildDomain (16ms)
		EndReloadAssembly (1551ms)
			LoadAssemblies (132ms)
			RebuildTransferFunctionScriptingTraits (0ms)
			SetupTypeCache (259ms)
			ReleaseScriptCaches (1ms)
			RebuildScriptCaches (64ms)
			SetupLoadedEditorAssemblies (1046ms)
				LogAssemblyErrors (0ms)
				InitializePlatformSupportModulesInManaged (7ms)
				SetLoadedEditorAssemblies (0ms)
				RefreshPlugins (141ms)
				BeforeProcessingInitializeOnLoad (144ms)
				ProcessInitializeOnLoadAttributes (617ms)
				ProcessInitializeOnLoadMethodAttributes (121ms)
				AfterProcessingInitializeOnLoad (16ms)
				EditorAssembliesLoaded (0ms)
			ExecutionOrderSort2 (0ms)
			AwakeInstancesAfterBackupRestoration (8ms)
Platform modules already initialized, skipping
========================================================================
Worker process is ready to serve import requests
Default GameObject BitMask: Player already registered
Launched and connected shader compiler UnityShaderCompiler.exe after 0.05 seconds
Refreshing native plugins compatible for Editor in 1.21 ms, found 4 plugins.
Preloading 0 native plugins for Editor in 0.00 ms.
Unloading 4760 Unused Serialized files (Serialized files now loaded: 0)
Unloading 75 unused Assets / (56.6 KB). Loaded Objects now: 5189.
Memory consumption went from 180.9 MB to 180.9 MB.
Total: 11.864900 ms (FindLiveObjects: 0.383400 ms CreateObjectMapping: 0.321400 ms MarkObjects: 11.056200 ms  DeleteObjects: 0.102900 ms)

AssetImportParameters requested are different than current active one (requested -> active):
  custom:video-decoder-ogg-theora: a1e56fd34408186e4bbccfd4996cb3dc -> 
  custom:container-muxer-webm: aa71ff27fc2769a1b78a27578f13a17b -> 
  custom:container-demuxer-webm: 4f35f7cbe854078d1ac9338744f61a02 -> 
  custom:video-encoder-webm-vp8: eb34c28f22e8b96e1ab97ce403110664 -> 
  custom:audio-encoder-webm-vorbis: bf7c407c2cedff20999df2af8eb42d56 -> 
  custom:framework-win-MediaFoundation: 216162199b28c13a410421893ffa2e32 -> 
  custom:container-demuxer-ogg: 62fdf1f143b41e24485cea50d1cbac27 -> 
  custom:video-decoder-webm-vp8: 9c59270c3fd7afecdb556c50c9e8de78 -> 
  custom:audio-decoder-ogg-vorbis: bf7c407c2cedff20999df2af8eb42d56 -> 
========================================================================
Received Import Request.
  Time since last request: 8594.335432 seconds.
  path: Assets/Audio/슬라임 피격.mp3
  artifactKey: Guid(3d4e1ec4081ab2849ad88fb44ddc51dd) Importer(815301076,1909f56bfc062723c751e8b465ee728b)
Start importing Assets/Audio/슬라임 피격.mp3 using Guid(3d4e1ec4081ab2849ad88fb44ddc51dd) Importer(815301076,1909f56bfc062723c751e8b465ee728b)  -> (artifact id: '8d2316b994e22bbb72b873b0c93116eb') in 0.114719 seconds 
========================================================================
Received Import Request.
  Time since last request: 0.000038 seconds.
  path: Assets/Audio/주인공 점프, 착지.mp3
  artifactKey: Guid(0367253e0bce0384b85d975e70da8d58) Importer(815301076,1909f56bfc062723c751e8b465ee728b)
Start importing Assets/Audio/주인공 점프, 착지.mp3 using Guid(0367253e0bce0384b85d975e70da8d58) Importer(815301076,1909f56bfc062723c751e8b465ee728b)  -> (artifact id: '6a003d06235ea8215167c13f49996f20') in 0.020060 seconds 
========================================================================
Received Import Request.
  Time since last request: 0.000039 seconds.
  path: Assets/Audio/7. drawbridge.mp3
  artifactKey: Guid(58292e6c860d6cc4e9de20fbf08d938b) Importer(815301076,1909f56bfc062723c751e8b465ee728b)
Start importing Assets/Audio/7. drawbridge.mp3 using Guid(58292e6c860d6cc4e9de20fbf08d938b) Importer(815301076,1909f56bfc062723c751e8b465ee728b)  -> (artifact id: '5689c33cde1787c8544c488ba84c2828') in 0.014863 seconds 
========================================================================
Received Import Request.
  Time since last request: 0.000029 seconds.
  path: Assets/Audio/10. lonely-castle-2.mp3
  artifactKey: Guid(f595470c4f8c38c4e9e76f3a05ae8220) Importer(815301076,1909f56bfc062723c751e8b465ee728b)
Start importing Assets/Audio/10. lonely-castle-2.mp3 using Guid(f595470c4f8c38c4e9e76f3a05ae8220) Importer(815301076,1909f56bfc062723c751e8b465ee728b)  -> (artifact id: '7fdb8000c5a38c04acafd0eb8c075a1c') in 0.016306 seconds 
========================================================================
Received Import Request.
  Time since last request: 0.000049 seconds.
  path: Assets/Audio/주인공 피격.mp3
  artifactKey: Guid(f7fb86c40795ea54d8defa70c6d87476) Importer(815301076,1909f56bfc062723c751e8b465ee728b)
Start importing Assets/Audio/주인공 피격.mp3 using Guid(f7fb86c40795ea54d8defa70c6d87476) Importer(815301076,1909f56bfc062723c751e8b465ee728b)  -> (artifact id: '5237c818ee6ce1ff7a70d5dc0c037870') in 0.021186 seconds 
========================================================================
Received Import Request.
  Time since last request: 0.000042 seconds.
  path: Assets/Audio/보스 피격.mp3.mp3
  artifactKey: Guid(ac07b2547b3cb5c4d805226da1bd1066) Importer(815301076,1909f56bfc062723c751e8b465ee728b)
Start importing Assets/Audio/보스 피격.mp3.mp3 using Guid(ac07b2547b3cb5c4d805226da1bd1066) Importer(815301076,1909f56bfc062723c751e8b465ee728b)  -> (artifact id: '6b0cbe5c1579693c586fdeb8ce87cca5') in 0.012327 seconds 
========================================================================
Received Import Request.
  Time since last request: 0.000040 seconds.
  path: Assets/Audio/11. boss-battle-loop-3.mp3
  artifactKey: Guid(bf6cb7cf0c1c2a7498786eb1802a58e1) Importer(815301076,1909f56bfc062723c751e8b465ee728b)
Start importing Assets/Audio/11. boss-battle-loop-3.mp3 using Guid(bf6cb7cf0c1c2a7498786eb1802a58e1) Importer(815301076,1909f56bfc062723c751e8b465ee728b)  -> (artifact id: '7a6fcfdd7b6576f24cbb162523ed7c43') in 0.018625 seconds 
========================================================================
Received Import Request.
  Time since last request: 0.000030 seconds.
  path: Assets/Audio/uplifting-strings-short-version-tictac9-2.mp3
  artifactKey: Guid(4d06203cb2b133245ba9f64288792c96) Importer(815301076,1909f56bfc062723c751e8b465ee728b)
Start importing Assets/Audio/uplifting-strings-short-version-tictac9-2.mp3 using Guid(4d06203cb2b133245ba9f64288792c96) Importer(815301076,1909f56bfc062723c751e8b465ee728b)  -> (artifact id: '5858a43ff7cfaf1e9d2e6c353b7394ee') in 0.014281 seconds 
========================================================================
Received Import Request.
  Time since last request: 0.000026 seconds.
  path: Assets/Audio/슬라임 공격시전.mp3
  artifactKey: Guid(9c6b89c3e7e17e04ab2a01820f1263ea) Importer(815301076,1909f56bfc062723c751e8b465ee728b)
Start importing Assets/Audio/슬라임 공격시전.mp3 using Guid(9c6b89c3e7e17e04ab2a01820f1263ea) Importer(815301076,1909f56bfc062723c751e8b465ee728b)  -> (artifact id: 'b026d600c2c2f38cec5e0dc8b50f3f3f') in 0.014937 seconds 
========================================================================
Received Import Request.
  Time since last request: 0.000040 seconds.
  path: Assets/Audio/9. dance-2.mp3
  artifactKey: Guid(7e0125a05cb36844ea892916ef927953) Importer(815301076,1909f56bfc062723c751e8b465ee728b)
Start importing Assets/Audio/9. dance-2.mp3 using Guid(7e0125a05cb36844ea892916ef927953) Importer(815301076,1909f56bfc062723c751e8b465ee728b)  -> (artifact id: 'fa1b250a00b004142ebc33e243cfbaf8') in 0.025358 seconds 
========================================================================
Received Import Request.
  Time since last request: 0.000045 seconds.
  path: Assets/Audio/1, 14. castle-music-loop-1.mp3.mp3
  artifactKey: Guid(9c80726794a94dd4f97a3923eeeaea8c) Importer(815301076,1909f56bfc062723c751e8b465ee728b)
Start importing Assets/Audio/1, 14. castle-music-loop-1.mp3.mp3 using Guid(9c80726794a94dd4f97a3923eeeaea8c) Importer(815301076,1909f56bfc062723c751e8b465ee728b)  -> (artifact id: '9a4a63ff47b242405dac4191eab40daa') in 0.019053 seconds 
========================================================================
Received Import Request.
  Time since last request: 0.000020 seconds.
  path: Assets/Audio/lonely-night.mp3
  artifactKey: Guid(a2bdc026c79918a45b84186510326dac) Importer(815301076,1909f56bfc062723c751e8b465ee728b)
Start importing Assets/Audio/lonely-night.mp3 using Guid(a2bdc026c79918a45b84186510326dac) Importer(815301076,1909f56bfc062723c751e8b465ee728b)  -> (artifact id: 'ef773e0ad7a78707e29886aaeb58a6bf') in 0.037959 seconds 
========================================================================
Received Import Request.
  Time since last request: 0.000045 seconds.
  path: Assets/Audio/12. sad-guitar.mp3.mp3
  artifactKey: Guid(3322c42f5e2bab64dad112235f57667a) Importer(815301076,1909f56bfc062723c751e8b465ee728b)
Start importing Assets/Audio/12. sad-guitar.mp3.mp3 using Guid(3322c42f5e2bab64dad112235f57667a) Importer(815301076,1909f56bfc062723c751e8b465ee728b)  -> (artifact id: '286ccf1cf56ba62ce82cf13d728d6e73') in 0.018773 seconds 
Editor requested this worker to shutdown with reason: Scaling down because of idle timeout
AssetImportWorker is now disconnected from the server
Process exiting
Exiting without the bug reporter. Application will terminate with return code 0