Using pre-set license
Built from '2021.3/staging' branch; Version is '2021.3.5f1 (40eb3a945986) revision 4254522'; Using compiler version '192829333'; Build Type 'Release'
OS: 'Windows 10  (10.0.19044) 64bit Education' Language: 'ko' Physical Memory: 16103 MB
BatchMode: 1, IsHumanControllingUs: 0, StartBugReporterOnCrash: 0, Is64bit: 1, IsPro: 1

COMMAND LINE ARGUMENTS:
C:\Program Files\Unity 2021.3.5f1\Editor\Unity.exe
-adb2
-batchMode
-noUpm
-name
AssetImportWorker2
-projectPath
C:/Users/User/My project
-logFile
Logs/AssetImportWorker2.log
-srvPort
2679
Successfully changed project path to: C:/Users/User/My project
C:/Users/User/My project
[UnityMemory] Configuration Parameters - Can be set up in boot.config
    "memorysetup-bucket-allocator-granularity=16"
    "memorysetup-bucket-allocator-bucket-count=8"
    "memorysetup-bucket-allocator-block-size=33554432"
    "memorysetup-bucket-allocator-block-count=8"
    "memorysetup-main-allocator-block-size=16777216"
    "memorysetup-thread-allocator-block-size=16777216"
    "memorysetup-gfx-main-allocator-block-size=16777216"
    "memorysetup-gfx-thread-allocator-block-size=16777216"
    "memorysetup-cache-allocator-block-size=4194304"
    "memorysetup-typetree-allocator-block-size=2097152"
    "memorysetup-profiler-bucket-allocator-granularity=16"
    "memorysetup-profiler-bucket-allocator-bucket-count=8"
    "memorysetup-profiler-bucket-allocator-block-size=33554432"
    "memorysetup-profiler-bucket-allocator-block-count=8"
    "memorysetup-profiler-allocator-block-size=16777216"
    "memorysetup-profiler-editor-allocator-block-size=1048576"
    "memorysetup-temp-allocator-size-main=16777216"
    "memorysetup-job-temp-allocator-block-size=2097152"
    "memorysetup-job-temp-allocator-block-size-background=1048576"
    "memorysetup-job-temp-allocator-reduction-small-platforms=262144"
    "memorysetup-temp-allocator-size-background-worker=32768"
    "memorysetup-temp-allocator-size-job-worker=262144"
    "memorysetup-temp-allocator-size-preload-manager=33554432"
    "memorysetup-temp-allocator-size-nav-mesh-worker=65536"
    "memorysetup-temp-allocator-size-audio-worker=65536"
    "memorysetup-temp-allocator-size-cloud-worker=32768"
    "memorysetup-temp-allocator-size-gi-baking-worker=262144"
    "memorysetup-temp-allocator-size-gfx=262144"
Refreshing native plugins compatible for Editor in 94.17 ms, found 4 plugins.
Preloading 0 native plugins for Editor in 0.00 ms.
Initialize engine version: 2021.3.5f1 (40eb3a945986)
[Subsystems] Discovering subsystems at path C:/Program Files/Unity 2021.3.5f1/Editor/Data/Resources/UnitySubsystems
[Subsystems] Discovering subsystems at path C:/Users/User/My project/Assets
GfxDevice: creating device client; threaded=0; jobified=0
Direct3D:
    Version:  Direct3D 11.0 [level 11.1]
    Renderer: NVIDIA GeForce GT 1030 (ID=0x1d01)
    Vendor:   NVIDIA
    VRAM:     1982 MB
    Driver:   30.0.15.1179
Initialize mono
Mono path[0] = 'C:/Program Files/Unity 2021.3.5f1/Editor/Data/Managed'
Mono path[1] = 'C:/Program Files/Unity 2021.3.5f1/Editor/Data/MonoBleedingEdge/lib/mono/unityjit-win32'
Mono config path = 'C:/Program Files/Unity 2021.3.5f1/Editor/Data/MonoBleedingEdge/etc'
Using monoOptions --debugger-agent=transport=dt_socket,embedding=1,server=y,suspend=n,address=127.0.0.1:56764
Begin MonoManager ReloadAssembly
Registering precompiled unity dll's ...
Register platform support module: C:/Program Files/Unity 2021.3.5f1/Editor/Data/PlaybackEngines/WebGLSupport/UnityEditor.WebGL.Extensions.dll
Register platform support module: C:/Program Files/Unity 2021.3.5f1/Editor/Data/PlaybackEngines/WindowsStandaloneSupport/UnityEditor.WindowsStandalone.Extensions.dll
Register platform support module: C:/Program Files/Unity 2021.3.5f1/Editor/Data/PlaybackEngines/MetroSupport/UnityEditor.UWP.Extensions.dll
Registered in 0.010284 seconds.
Native extension for UWP target not found
Native extension for WindowsStandalone target not found
Native extension for WebGL target not found
Refreshing native plugins compatible for Editor in 67.96 ms, found 4 plugins.
Preloading 0 native plugins for Editor in 0.00 ms.
Mono: successfully reloaded assembly
- Completed reload, in  0.535 seconds
Domain Reload Profiling:
	ReloadAssembly (535ms)
		BeginReloadAssembly (80ms)
			ExecutionOrderSort (0ms)
			DisableScriptedObjects (0ms)
			BackupInstance (0ms)
			ReleaseScriptingObjects (0ms)
			CreateAndSetChildDomain (1ms)
		EndReloadAssembly (359ms)
			LoadAssemblies (79ms)
			RebuildTransferFunctionScriptingTraits (0ms)
			SetupTypeCache (83ms)
			ReleaseScriptCaches (0ms)
			RebuildScriptCaches (23ms)
			SetupLoadedEditorAssemblies (209ms)
				LogAssemblyErrors (0ms)
				InitializePlatformSupportModulesInManaged (9ms)
				SetLoadedEditorAssemblies (0ms)
				RefreshPlugins (68ms)
				BeforeProcessingInitializeOnLoad (1ms)
				ProcessInitializeOnLoadAttributes (94ms)
				ProcessInitializeOnLoadMethodAttributes (36ms)
				AfterProcessingInitializeOnLoad (0ms)
				EditorAssembliesLoaded (0ms)
			ExecutionOrderSort2 (0ms)
			AwakeInstancesAfterBackupRestoration (0ms)
Platform modules already initialized, skipping
Registering precompiled user dll's ...
Registered in 0.010035 seconds.
Begin MonoManager ReloadAssembly
Symbol file LoadedFromMemory doesn't match image C:\Users\User\My project\Library\PackageCache\com.unity.visualscripting@1.7.8\Editor\VisualScripting.Core\Dependencies\YamlDotNet\Unity.VisualScripting.YamlDotNet.dll
Symbol file LoadedFromMemory doesn't match image C:\Users\User\My project\Library\PackageCache\com.unity.visualscripting@1.7.8\Editor\VisualScripting.Core\Dependencies\DotNetZip\Unity.VisualScripting.IonicZip.dll
Native extension for UWP target not found
Native extension for WindowsStandalone target not found
Native extension for WebGL target not found
Refreshing native plugins compatible for Editor in 69.54 ms, found 4 plugins.
Preloading 0 native plugins for Editor in 0.00 ms.
Mono: successfully reloaded assembly
- Completed reload, in  0.946 seconds
Domain Reload Profiling:
	ReloadAssembly (947ms)
		BeginReloadAssembly (99ms)
			ExecutionOrderSort (0ms)
			DisableScriptedObjects (4ms)
			BackupInstance (0ms)
			ReleaseScriptingObjects (0ms)
			CreateAndSetChildDomain (15ms)
		EndReloadAssembly (739ms)
			LoadAssemblies (94ms)
			RebuildTransferFunctionScriptingTraits (0ms)
			SetupTypeCache (192ms)
			ReleaseScriptCaches (1ms)
			RebuildScriptCaches (42ms)
			SetupLoadedEditorAssemblies (384ms)
				LogAssemblyErrors (0ms)
				InitializePlatformSupportModulesInManaged (6ms)
				SetLoadedEditorAssemblies (0ms)
				RefreshPlugins (70ms)
				BeforeProcessingInitializeOnLoad (96ms)
				ProcessInitializeOnLoadAttributes (169ms)
				ProcessInitializeOnLoadMethodAttributes (34ms)
				AfterProcessingInitializeOnLoad (10ms)
				EditorAssembliesLoaded (0ms)
			ExecutionOrderSort2 (0ms)
			AwakeInstancesAfterBackupRestoration (7ms)
Platform modules already initialized, skipping
========================================================================
Worker process is ready to serve import requests
Launched and connected shader compiler UnityShaderCompiler.exe after 0.04 seconds
Refreshing native plugins compatible for Editor in 0.57 ms, found 4 plugins.
Preloading 0 native plugins for Editor in 0.00 ms.
Unloading 4108 Unused Serialized files (Serialized files now loaded: 0)
Unloading 44 unused Assets / (222.4 KB). Loaded Objects now: 4559.
Memory consumption went from 154.3 MB to 154.1 MB.
Total: 3.600900 ms (FindLiveObjects: 0.281600 ms CreateObjectMapping: 0.132500 ms MarkObjects: 3.050000 ms  DeleteObjects: 0.135900 ms)

AssetImportParameters requested are different than current active one (requested -> active):
  custom:video-decoder-ogg-theora: a1e56fd34408186e4bbccfd4996cb3dc -> 
  custom:container-muxer-webm: aa71ff27fc2769a1b78a27578f13a17b -> 
  custom:container-demuxer-webm: 4f35f7cbe854078d1ac9338744f61a02 -> 
  custom:video-encoder-webm-vp8: eb34c28f22e8b96e1ab97ce403110664 -> 
  custom:audio-encoder-webm-vorbis: bf7c407c2cedff20999df2af8eb42d56 -> 
  custom:framework-win-MediaFoundation: 216162199b28c13a410421893ffa2e32 -> 
  custom:container-demuxer-ogg: 62fdf1f143b41e24485cea50d1cbac27 -> 
  custom:video-decoder-webm-vp8: 9c59270c3fd7afecdb556c50c9e8de78 -> 
  custom:audio-decoder-ogg-vorbis: bf7c407c2cedff20999df2af8eb42d56 -> 
========================================================================
Received Import Request.
  Time since last request: 15761.538418 seconds.
  path: Assets/Src/Images/UI/ui_balloon.png
  artifactKey: Guid(ee7ab6768ac07274785b302e62c82d68) Importer(815301076,1909f56bfc062723c751e8b465ee728b)
Start importing Assets/Src/Images/UI/ui_balloon.png using Guid(ee7ab6768ac07274785b302e62c82d68) Importer(815301076,1909f56bfc062723c751e8b465ee728b)  -> (artifact id: '6e13fe0b19ae4afc218004799a3ab289') in 0.088408 seconds 
========================================================================
Received Import Request.
  Time since last request: 8.842921 seconds.
  path: Assets/Src/Images/UI/ui_balloon_botton.png
  artifactKey: Guid(b7071320851a1604ab4ef91ef13df30e) Importer(815301076,1909f56bfc062723c751e8b465ee728b)
Start importing Assets/Src/Images/UI/ui_balloon_botton.png using Guid(b7071320851a1604ab4ef91ef13df30e) Importer(815301076,1909f56bfc062723c751e8b465ee728b)  -> (artifact id: 'c219fb37bc0511c4c26534e99de2c69d') in 0.038379 seconds 
========================================================================
Received Import Request.
  Time since last request: 35.407620 seconds.
  path: Assets/Src/Images/UI/ui_balloon_button.png
  artifactKey: Guid(b7071320851a1604ab4ef91ef13df30e) Importer(815301076,1909f56bfc062723c751e8b465ee728b)
Start importing Assets/Src/Images/UI/ui_balloon_button.png using Guid(b7071320851a1604ab4ef91ef13df30e) Importer(815301076,1909f56bfc062723c751e8b465ee728b)  -> (artifact id: '6d46630fdf4bcbb10a72e18ec8f282b5') in 0.017066 seconds 
========================================================================
Received Import Request.
  Time since last request: 23.935843 seconds.
  path: Assets/Src/Images/UI/ui_balloon_button.png
  artifactKey: Guid(b7071320851a1604ab4ef91ef13df30e) Importer(815301076,1909f56bfc062723c751e8b465ee728b)
Start importing Assets/Src/Images/UI/ui_balloon_button.png using Guid(b7071320851a1604ab4ef91ef13df30e) Importer(815301076,1909f56bfc062723c751e8b465ee728b)  -> (artifact id: '0729dbfdec2208607ed29341099d4846') in 0.020054 seconds 
========================================================================
Received Import Request.
  Time since last request: 528.105584 seconds.
  path: Assets/Src/Images/UI/ui_balloon_button.png
  artifactKey: Guid(b7071320851a1604ab4ef91ef13df30e) Importer(815301076,1909f56bfc062723c751e8b465ee728b)
Start importing Assets/Src/Images/UI/ui_balloon_button.png using Guid(b7071320851a1604ab4ef91ef13df30e) Importer(815301076,1909f56bfc062723c751e8b465ee728b)  -> (artifact id: 'a8e724edf0a6915253e8bedf8e8e5a87') in 0.026923 seconds 
========================================================================
Received Import Request.
  Time since last request: 32.634006 seconds.
  path: Assets/Src/Animation/hero_down_idle.anim
  artifactKey: Guid(d94cd48025af9bd40b115d2462c49756) Importer(815301076,1909f56bfc062723c751e8b465ee728b)
Start importing Assets/Src/Animation/hero_down_idle.anim using Guid(d94cd48025af9bd40b115d2462c49756) Importer(815301076,1909f56bfc062723c751e8b465ee728b)  -> (artifact id: 'a1bd4c5ee7768423e8c08570a5ec90e7') in 0.008231 seconds 
========================================================================
Received Import Request.
  Time since last request: 1.989690 seconds.
  path: Assets/Src/Animation/NPC_Idle.anim
  artifactKey: Guid(b323848515221d44b8d4213226852351) Importer(815301076,1909f56bfc062723c751e8b465ee728b)
Start importing Assets/Src/Animation/NPC_Idle.anim using Guid(b323848515221d44b8d4213226852351) Importer(815301076,1909f56bfc062723c751e8b465ee728b)  -> (artifact id: 'ca2b8f2805750a7a84726b8df2b09243') in 0.004599 seconds 
========================================================================
Received Import Request.
  Time since last request: 6.720818 seconds.
  path: Assets/Src/Animation/hero_down_walk.anim
  artifactKey: Guid(743f70b2f42db694f8e1fefee6b929bc) Importer(815301076,1909f56bfc062723c751e8b465ee728b)
Start importing Assets/Src/Animation/hero_down_walk.anim using Guid(743f70b2f42db694f8e1fefee6b929bc) Importer(815301076,1909f56bfc062723c751e8b465ee728b)  -> (artifact id: '88572018a3a7da3c1c9e5eaf1b3cfdef') in 0.003686 seconds 
========================================================================
Received Import Request.
  Time since last request: 5.424000 seconds.
  path: Assets/Src/Animation/hero_left_idle.anim
  artifactKey: Guid(3c0e5893e11c494478db82ac6b6b5257) Importer(815301076,1909f56bfc062723c751e8b465ee728b)
Start importing Assets/Src/Animation/hero_left_idle.anim using Guid(3c0e5893e11c494478db82ac6b6b5257) Importer(815301076,1909f56bfc062723c751e8b465ee728b)  -> (artifact id: 'b540c2d8b2f9e565475fca7c35911714') in 0.003944 seconds 
========================================================================
Received Import Request.
  Time since last request: 5.653317 seconds.
  path: Assets/Src/Animation/hero_left_walk.anim
  artifactKey: Guid(48940909493e05d469e50190603e6d51) Importer(815301076,1909f56bfc062723c751e8b465ee728b)
Start importing Assets/Src/Animation/hero_left_walk.anim using Guid(48940909493e05d469e50190603e6d51) Importer(815301076,1909f56bfc062723c751e8b465ee728b)  -> (artifact id: 'e90f22bd3be48b06ea363569b21cf319') in 0.003873 seconds 
========================================================================
Received Import Request.
  Time since last request: 0.821312 seconds.
  path: Assets/Src/Animation/1_Hero_Right_Idle.anim
  artifactKey: Guid(052e4fd6a0897e24cb6ccc8c471fa583) Importer(815301076,1909f56bfc062723c751e8b465ee728b)
Start importing Assets/Src/Animation/1_Hero_Right_Idle.anim using Guid(052e4fd6a0897e24cb6ccc8c471fa583) Importer(815301076,1909f56bfc062723c751e8b465ee728b)  -> (artifact id: '6e810f31a29d85c4495e26a8f40d79f4') in 0.004621 seconds 
========================================================================
Received Import Request.
  Time since last request: 5.339719 seconds.
  path: Assets/Src/Animation/hero_right_idle.anim
  artifactKey: Guid(052e4fd6a0897e24cb6ccc8c471fa583) Importer(815301076,1909f56bfc062723c751e8b465ee728b)
Start importing Assets/Src/Animation/hero_right_idle.anim using Guid(052e4fd6a0897e24cb6ccc8c471fa583) Importer(815301076,1909f56bfc062723c751e8b465ee728b)  -> (artifact id: 'ab7e8cac11f2d369b824e3f2640a3a44') in 0.003585 seconds 
========================================================================
Received Import Request.
  Time since last request: 0.914330 seconds.
  path: Assets/Src/Animation/1_Hero_Right_Walk.anim
  artifactKey: Guid(79e38d928310493448f0b4a19f2c2bcb) Importer(815301076,1909f56bfc062723c751e8b465ee728b)
Start importing Assets/Src/Animation/1_Hero_Right_Walk.anim using Guid(79e38d928310493448f0b4a19f2c2bcb) Importer(815301076,1909f56bfc062723c751e8b465ee728b)  -> (artifact id: 'c9e278a4c1aa4e03b519ff02382c70f9') in 0.004333 seconds 
========================================================================
Received Import Request.
  Time since last request: 7.159922 seconds.
  path: Assets/Src/Animation/hero_right_walk.anim
  artifactKey: Guid(79e38d928310493448f0b4a19f2c2bcb) Importer(815301076,1909f56bfc062723c751e8b465ee728b)
Start importing Assets/Src/Animation/hero_right_walk.anim using Guid(79e38d928310493448f0b4a19f2c2bcb) Importer(815301076,1909f56bfc062723c751e8b465ee728b)  -> (artifact id: '95298390626fd19429d40d6931571011') in 0.003530 seconds 
========================================================================
Received Import Request.
  Time since last request: 0.822821 seconds.
  path: Assets/Src/Animation/1_Hero_Up_Idle.anim
  artifactKey: Guid(a4d5581553eb3a4498a5d959511c34bc) Importer(815301076,1909f56bfc062723c751e8b465ee728b)
Start importing Assets/Src/Animation/1_Hero_Up_Idle.anim using Guid(a4d5581553eb3a4498a5d959511c34bc) Importer(815301076,1909f56bfc062723c751e8b465ee728b)  -> (artifact id: '4368aa7c9a3d50d3873385df0b381a02') in 0.003856 seconds 
========================================================================
Received Import Request.
  Time since last request: 5.076711 seconds.
  path: Assets/Src/Animation/hero_up_idle.anim
  artifactKey: Guid(a4d5581553eb3a4498a5d959511c34bc) Importer(815301076,1909f56bfc062723c751e8b465ee728b)
Start importing Assets/Src/Animation/hero_up_idle.anim using Guid(a4d5581553eb3a4498a5d959511c34bc) Importer(815301076,1909f56bfc062723c751e8b465ee728b)  -> (artifact id: 'd6b93c6851650e35caeca0246465f7fb') in 0.003780 seconds 
========================================================================
Received Import Request.
  Time since last request: 0.825404 seconds.
  path: Assets/Src/Animation/1_Hero_Up_Walk.anim
  artifactKey: Guid(afee21ecc55346a4fa29dacc64c847c7) Importer(815301076,1909f56bfc062723c751e8b465ee728b)
Start importing Assets/Src/Animation/1_Hero_Up_Walk.anim using Guid(afee21ecc55346a4fa29dacc64c847c7) Importer(815301076,1909f56bfc062723c751e8b465ee728b)  -> (artifact id: '61fe2f93979adb6250d877f8b1a3d993') in 0.004400 seconds 
========================================================================
Received Import Request.
  Time since last request: 2.622691 seconds.
  path: Assets/Src/Animation/hero_Up_Walk.anim
  artifactKey: Guid(afee21ecc55346a4fa29dacc64c847c7) Importer(815301076,1909f56bfc062723c751e8b465ee728b)
Start importing Assets/Src/Animation/hero_Up_Walk.anim using Guid(afee21ecc55346a4fa29dacc64c847c7) Importer(815301076,1909f56bfc062723c751e8b465ee728b)  -> (artifact id: '85281a5dc680871c92ad9515a15caf12') in 0.004172 seconds 
========================================================================
Received Import Request.
  Time since last request: 4.554491 seconds.
  path: Assets/Src/Animation/hero_up_walk.anim
  artifactKey: Guid(afee21ecc55346a4fa29dacc64c847c7) Importer(815301076,1909f56bfc062723c751e8b465ee728b)
Start importing Assets/Src/Animation/hero_up_walk.anim using Guid(afee21ecc55346a4fa29dacc64c847c7) Importer(815301076,1909f56bfc062723c751e8b465ee728b)  -> (artifact id: '65c26683f242b5a19e6a982c54dc558c') in 0.003572 seconds 
