Using pre-set license
Built from '2021.3/staging' branch; Version is '2021.3.5f1 (40eb3a945986) revision 4254522'; Using compiler version '192829333'; Build Type 'Release'
OS: 'Windows 10  (10.0.19044) 64bit Professional' Language: 'ko' Physical Memory: 16311 MB
BatchMode: 1, IsHumanControllingUs: 0, StartBugReporterOnCrash: 0, Is64bit: 1, IsPro: 1

COMMAND LINE ARGUMENTS:
C:\Program Files\Unity\Hub\Editor\2021.3.5f1\Editor\Unity.exe
-adb2
-batchMode
-noUpm
-name
AssetImportWorker4
-projectPath
C:/Users/USER/HeroTurnCU
-logFile
Logs/AssetImportWorker4.log
-srvPort
6074
Successfully changed project path to: C:/Users/USER/HeroTurnCU
C:/Users/USER/HeroTurnCU
[UnityMemory] Configuration Parameters - Can be set up in boot.config
    "memorysetup-bucket-allocator-granularity=16"
    "memorysetup-bucket-allocator-bucket-count=8"
    "memorysetup-bucket-allocator-block-size=33554432"
    "memorysetup-bucket-allocator-block-count=8"
    "memorysetup-main-allocator-block-size=16777216"
    "memorysetup-thread-allocator-block-size=16777216"
    "memorysetup-gfx-main-allocator-block-size=16777216"
    "memorysetup-gfx-thread-allocator-block-size=16777216"
    "memorysetup-cache-allocator-block-size=4194304"
    "memorysetup-typetree-allocator-block-size=2097152"
    "memorysetup-profiler-bucket-allocator-granularity=16"
    "memorysetup-profiler-bucket-allocator-bucket-count=8"
    "memorysetup-profiler-bucket-allocator-block-size=33554432"
    "memorysetup-profiler-bucket-allocator-block-count=8"
    "memorysetup-profiler-allocator-block-size=16777216"
    "memorysetup-profiler-editor-allocator-block-size=1048576"
    "memorysetup-temp-allocator-size-main=16777216"
    "memorysetup-job-temp-allocator-block-size=2097152"
    "memorysetup-job-temp-allocator-block-size-background=1048576"
    "memorysetup-job-temp-allocator-reduction-small-platforms=262144"
    "memorysetup-temp-allocator-size-background-worker=32768"
    "memorysetup-temp-allocator-size-job-worker=262144"
    "memorysetup-temp-allocator-size-preload-manager=33554432"
    "memorysetup-temp-allocator-size-nav-mesh-worker=65536"
    "memorysetup-temp-allocator-size-audio-worker=65536"
    "memorysetup-temp-allocator-size-cloud-worker=32768"
    "memorysetup-temp-allocator-size-gi-baking-worker=262144"
    "memorysetup-temp-allocator-size-gfx=262144"
Default GameObject BitMask: Player already registered
Refreshing native plugins compatible for Editor in 152.76 ms, found 4 plugins.
Preloading 0 native plugins for Editor in 0.00 ms.
Initialize engine version: 2021.3.5f1 (40eb3a945986)
[Subsystems] Discovering subsystems at path C:/Program Files/Unity/Hub/Editor/2021.3.5f1/Editor/Data/Resources/UnitySubsystems
[Subsystems] Discovering subsystems at path C:/Users/USER/HeroTurnCU/Assets
GfxDevice: creating device client; threaded=0; jobified=0
Direct3D:
    Version:  Direct3D 11.0 [level 11.1]
    Renderer: NVIDIA GeForce RTX 3060 (ID=0x2487)
    Vendor:   NVIDIA
    VRAM:     12124 MB
    Driver:   31.0.15.2756
Initialize mono
Mono path[0] = 'C:/Program Files/Unity/Hub/Editor/2021.3.5f1/Editor/Data/Managed'
Mono path[1] = 'C:/Program Files/Unity/Hub/Editor/2021.3.5f1/Editor/Data/MonoBleedingEdge/lib/mono/unityjit-win32'
Mono config path = 'C:/Program Files/Unity/Hub/Editor/2021.3.5f1/Editor/Data/MonoBleedingEdge/etc'
Using monoOptions --debugger-agent=transport=dt_socket,embedding=1,server=y,suspend=n,address=127.0.0.1:56968
Begin MonoManager ReloadAssembly
Registering precompiled unity dll's ...
Register platform support module: C:/Program Files/Unity/Hub/Editor/2021.3.5f1/Editor/Data/PlaybackEngines/WindowsStandaloneSupport/UnityEditor.WindowsStandalone.Extensions.dll
Registered in 0.013561 seconds.
Native extension for WindowsStandalone target not found
Refreshing native plugins compatible for Editor in 121.38 ms, found 4 plugins.
Preloading 0 native plugins for Editor in 0.00 ms.
Mono: successfully reloaded assembly
- Completed reload, in  0.689 seconds
Domain Reload Profiling:
	ReloadAssembly (689ms)
		BeginReloadAssembly (112ms)
			ExecutionOrderSort (0ms)
			DisableScriptedObjects (0ms)
			BackupInstance (0ms)
			ReleaseScriptingObjects (0ms)
			CreateAndSetChildDomain (1ms)
		EndReloadAssembly (459ms)
			LoadAssemblies (108ms)
			RebuildTransferFunctionScriptingTraits (0ms)
			SetupTypeCache (99ms)
			ReleaseScriptCaches (0ms)
			RebuildScriptCaches (24ms)
			SetupLoadedEditorAssemblies (282ms)
				LogAssemblyErrors (0ms)
				InitializePlatformSupportModulesInManaged (9ms)
				SetLoadedEditorAssemblies (0ms)
				RefreshPlugins (121ms)
				BeforeProcessingInitializeOnLoad (1ms)
				ProcessInitializeOnLoadAttributes (107ms)
				ProcessInitializeOnLoadMethodAttributes (44ms)
				AfterProcessingInitializeOnLoad (0ms)
				EditorAssembliesLoaded (0ms)
			ExecutionOrderSort2 (0ms)
			AwakeInstancesAfterBackupRestoration (0ms)
Platform modules already initialized, skipping
Registering precompiled user dll's ...
Registered in 0.016425 seconds.
Begin MonoManager ReloadAssembly
Symbol file LoadedFromMemory doesn't match image C:\Users\USER\HeroTurnCU\Library\PackageCache\com.unity.visualscripting@1.7.8\Editor\VisualScripting.Core\Dependencies\DotNetZip\Unity.VisualScripting.IonicZip.dll
Symbol file LoadedFromMemory doesn't match image C:\Users\USER\HeroTurnCU\Library\PackageCache\com.unity.visualscripting@1.7.8\Editor\VisualScripting.Core\Dependencies\YamlDotNet\Unity.VisualScripting.YamlDotNet.dll
Native extension for WindowsStandalone target not found
Refreshing native plugins compatible for Editor in 118.94 ms, found 4 plugins.
Preloading 0 native plugins for Editor in 0.00 ms.
System.Exception: Error! Visual Scripting: couldn't find visual scripting package
  at Unity.VisualScripting.PackageVersionUtility.get_version () [0x00043] in C:\Users\USER\HeroTurnCU\Library\PackageCache\com.unity.visualscripting@1.7.8\Editor\VisualScripting.Core\Utilities\PackageVersionUtility.cs:31 
  at Unity.VisualScripting.BoltCoreManifest.get_version () [0x00000] in C:\Users\USER\HeroTurnCU\Library\PackageCache\com.unity.visualscripting@1.7.8\Editor\VisualScripting.Core\Plugin\BoltCoreManifest.cs:11 
  at Unity.VisualScripting.PluginManifest.get_currentVersion () [0x00000] in C:\Users\USER\HeroTurnCU\Library\PackageCache\com.unity.visualscripting@1.7.8\Editor\VisualScripting.Core\Plugins\PluginManifest.cs:33 
  at Unity.VisualScripting.PluginManifest.get_versionMismatch () [0x00000] in C:\Users\USER\HeroTurnCU\Library\PackageCache\com.unity.visualscripting@1.7.8\Editor\VisualScripting.Core\Plugins\PluginManifest.cs:48 
  at Unity.VisualScripting.PluginContainer.Initialize () [0x00525] in C:\Users\USER\HeroTurnCU\Library\PackageCache\com.unity.visualscripting@1.7.8\Editor\VisualScripting.Core\Plugins\PluginContainer.cs:208 
  at Unity.VisualScripting.PluginContainer.InitializeOnLoad () [0x00009] in C:\Users\USER\HeroTurnCU\Library\PackageCache\com.unity.visualscripting@1.7.8\Editor\VisualScripting.Core\Plugins\PluginContainer.cs:32 
  at Unity.VisualScripting.VSUsageUtility.DoInitializeOnLoadCalls () [0x00034] in C:\Users\USER\HeroTurnCU\Library\PackageCache\com.unity.visualscripting@1.7.8\Editor\VisualScripting.Core\Utilities\VSUsageUtility.cs:76 
  at Unity.VisualScripting.VSUsageUtility.set_isVisualScriptingUsed (System.Boolean value) [0x0002c] in C:\Users\USER\HeroTurnCU\Library\PackageCache\com.unity.visualscripting@1.7.8\Editor\VisualScripting.Core\Utilities\VSUsageUtility.cs:114 
  at Unity.VisualScripting.VSUsageUtility.CheckAndSetIsVisualScriptingUsed () [0x00032] in C:\Users\USER\HeroTurnCU\Library\PackageCache\com.unity.visualscripting@1.7.8\Editor\VisualScripting.Core\Utilities\VSUsageUtility.cs:48 
  at Unity.VisualScripting.VSUsageUtility..cctor () [0x00000] in C:\Users\USER\HeroTurnCU\Library\PackageCache\com.unity.visualscripting@1.7.8\Editor\VisualScripting.Core\Utilities\VSUsageUtility.cs:22 
UnityEngine.StackTraceUtility:ExtractStackTrace ()
UnityEngine.DebugLogHandler:LogFormat (UnityEngine.LogType,UnityEngine.Object,string,object[])
UnityEngine.Logger:Log (UnityEngine.LogType,object)
UnityEngine.Debug:LogError (object)
UnityEditor.EditorAssemblies:ProcessInitializeOnLoadAttributes (System.Type[])

Package Manager log level set to [2]
Mono: successfully reloaded assembly
- Completed reload, in  1.615 seconds
Domain Reload Profiling:
	ReloadAssembly (1616ms)
		BeginReloadAssembly (121ms)
			ExecutionOrderSort (0ms)
			DisableScriptedObjects (5ms)
			BackupInstance (0ms)
			ReleaseScriptingObjects (0ms)
			CreateAndSetChildDomain (17ms)
		EndReloadAssembly (1371ms)
			LoadAssemblies (128ms)
			RebuildTransferFunctionScriptingTraits (0ms)
			SetupTypeCache (232ms)
			ReleaseScriptCaches (1ms)
			RebuildScriptCaches (55ms)
			SetupLoadedEditorAssemblies (914ms)
				LogAssemblyErrors (0ms)
				InitializePlatformSupportModulesInManaged (6ms)
				SetLoadedEditorAssemblies (0ms)
				RefreshPlugins (119ms)
				BeforeProcessingInitializeOnLoad (125ms)
				ProcessInitializeOnLoadAttributes (553ms)
				ProcessInitializeOnLoadMethodAttributes (95ms)
				AfterProcessingInitializeOnLoad (15ms)
				EditorAssembliesLoaded (0ms)
			ExecutionOrderSort2 (0ms)
			AwakeInstancesAfterBackupRestoration (9ms)
Platform modules already initialized, skipping
========================================================================
Worker process is ready to serve import requests
Default GameObject BitMask: Player already registered
Launched and connected shader compiler UnityShaderCompiler.exe after 0.05 seconds
Refreshing native plugins compatible for Editor in 1.18 ms, found 4 plugins.
Preloading 0 native plugins for Editor in 0.00 ms.
Unloading 4782 Unused Serialized files (Serialized files now loaded: 0)
Unloading 75 unused Assets / (56.7 KB). Loaded Objects now: 5211.
Memory consumption went from 181.4 MB to 181.4 MB.
Total: 12.041100 ms (FindLiveObjects: 0.388700 ms CreateObjectMapping: 0.291400 ms MarkObjects: 11.242500 ms  DeleteObjects: 0.117400 ms)

AssetImportParameters requested are different than current active one (requested -> active):
  custom:video-decoder-ogg-theora: a1e56fd34408186e4bbccfd4996cb3dc -> 
  custom:container-muxer-webm: aa71ff27fc2769a1b78a27578f13a17b -> 
  custom:container-demuxer-webm: 4f35f7cbe854078d1ac9338744f61a02 -> 
  custom:video-encoder-webm-vp8: eb34c28f22e8b96e1ab97ce403110664 -> 
  custom:audio-encoder-webm-vorbis: bf7c407c2cedff20999df2af8eb42d56 -> 
  custom:framework-win-MediaFoundation: 216162199b28c13a410421893ffa2e32 -> 
  custom:container-demuxer-ogg: 62fdf1f143b41e24485cea50d1cbac27 -> 
  custom:video-decoder-webm-vp8: 9c59270c3fd7afecdb556c50c9e8de78 -> 
  custom:audio-decoder-ogg-vorbis: bf7c407c2cedff20999df2af8eb42d56 -> 
========================================================================
Received Import Request.
  Time since last request: 13103.051469 seconds.
  path: Assets/Images/Units/units_salamandar.png
  artifactKey: Guid(ed6155e5775988a42829bfc3acee4a98) Importer(815301076,1909f56bfc062723c751e8b465ee728b)
Start importing Assets/Images/Units/units_salamandar.png using Guid(ed6155e5775988a42829bfc3acee4a98) Importer(815301076,1909f56bfc062723c751e8b465ee728b)  -> (artifact id: 'f010a8401668b5037a56a3f6645eb5c2') in 0.199136 seconds 
========================================================================
Received Import Request.
  Time since last request: 13.706043 seconds.
  path: Assets/Images/Portraits/portrait_controller.png
  artifactKey: Guid(391d614373a17a6499cd4ebd6dc5aede) Importer(815301076,1909f56bfc062723c751e8b465ee728b)
Start importing Assets/Images/Portraits/portrait_controller.png using Guid(391d614373a17a6499cd4ebd6dc5aede) Importer(815301076,1909f56bfc062723c751e8b465ee728b)  -> (artifact id: '40c686fca451f82d5b940d092cda4a19') in 0.023772 seconds 
========================================================================
Received Import Request.
  Time since last request: 0.000038 seconds.
  path: Assets/Images/Portraits/portrait_it.png
  artifactKey: Guid(cb04b9140e5cfa6439b0358ea1e4e68c) Importer(815301076,1909f56bfc062723c751e8b465ee728b)
Start importing Assets/Images/Portraits/portrait_it.png using Guid(cb04b9140e5cfa6439b0358ea1e4e68c) Importer(815301076,1909f56bfc062723c751e8b465ee728b)  -> (artifact id: '3ac9f9530c9e6819961bb5fe72ab654d') in 0.027488 seconds 
========================================================================
Received Import Request.
  Time since last request: 0.000044 seconds.
  path: Assets/Images/Portraits/portrait_karl.png
  artifactKey: Guid(37e3b72b84edf7145a41bb992af84cae) Importer(815301076,1909f56bfc062723c751e8b465ee728b)
Start importing Assets/Images/Portraits/portrait_karl.png using Guid(37e3b72b84edf7145a41bb992af84cae) Importer(815301076,1909f56bfc062723c751e8b465ee728b)  -> (artifact id: '980d545276e1a4638dba8ecde9190b08') in 0.019685 seconds 
========================================================================
Received Import Request.
  Time since last request: 0.000039 seconds.
  path: Assets/Images/Portraits/portrait_mir.png
  artifactKey: Guid(343c8a6c2911ee64c9992a39dfb06444) Importer(815301076,1909f56bfc062723c751e8b465ee728b)
Start importing Assets/Images/Portraits/portrait_mir.png using Guid(343c8a6c2911ee64c9992a39dfb06444) Importer(815301076,1909f56bfc062723c751e8b465ee728b)  -> (artifact id: '93e586cc2d6dbb8c103393d27c945c1c') in 0.018617 seconds 
========================================================================
Received Import Request.
  Time since last request: 7.060703 seconds.
  path: Assets/Images/Portraits/portrait_controller 1.png
  artifactKey: Guid(f245a3389919df54aa0fffd1b8f7bfe7) Importer(815301076,1909f56bfc062723c751e8b465ee728b)
Start importing Assets/Images/Portraits/portrait_controller 1.png using Guid(f245a3389919df54aa0fffd1b8f7bfe7) Importer(815301076,1909f56bfc062723c751e8b465ee728b)  -> (artifact id: 'ade1e241c518c43aecacb03fdaae9405') in 0.018211 seconds 
========================================================================
Received Import Request.
  Time since last request: 0.000025 seconds.
  path: Assets/Images/Portraits/portrait_lord 1.png
  artifactKey: Guid(3c9c050d7b0c37e4ca114b60dc0b921f) Importer(815301076,1909f56bfc062723c751e8b465ee728b)
Start importing Assets/Images/Portraits/portrait_lord 1.png using Guid(3c9c050d7b0c37e4ca114b60dc0b921f) Importer(815301076,1909f56bfc062723c751e8b465ee728b)  -> (artifact id: 'ee9e1ec2118b8f0867322602a27053cf') in 0.019570 seconds 
========================================================================
Received Import Request.
  Time since last request: 0.000058 seconds.
  path: Assets/Images/Portraits/portrait_it 1.png
  artifactKey: Guid(e5113b59acbf43d4cb223857942e82e2) Importer(815301076,1909f56bfc062723c751e8b465ee728b)
Start importing Assets/Images/Portraits/portrait_it 1.png using Guid(e5113b59acbf43d4cb223857942e82e2) Importer(815301076,1909f56bfc062723c751e8b465ee728b)  -> (artifact id: 'f6db95db269323aa7b0182e94e406cf0') in 0.063987 seconds 
========================================================================
Received Import Request.
  Time since last request: 65.312076 seconds.
  path: Assets/Images/Portraits/portrait_controller.png
  artifactKey: Guid(391d614373a17a6499cd4ebd6dc5aede) Importer(815301076,1909f56bfc062723c751e8b465ee728b)
Start importing Assets/Images/Portraits/portrait_controller.png using Guid(391d614373a17a6499cd4ebd6dc5aede) Importer(815301076,1909f56bfc062723c751e8b465ee728b)  -> (artifact id: 'b0b057f8e09e811465e3e7198080c1d7') in 0.014667 seconds 
========================================================================
Received Import Request.
  Time since last request: 0.000035 seconds.
  path: Assets/Images/Portraits/portrait_it.png
  artifactKey: Guid(cb04b9140e5cfa6439b0358ea1e4e68c) Importer(815301076,1909f56bfc062723c751e8b465ee728b)
Start importing Assets/Images/Portraits/portrait_it.png using Guid(cb04b9140e5cfa6439b0358ea1e4e68c) Importer(815301076,1909f56bfc062723c751e8b465ee728b)  -> (artifact id: '7eb7794611b12c58ca73da0c7c336e91') in 0.018803 seconds 
========================================================================
Received Import Request.
  Time since last request: 0.000039 seconds.
  path: Assets/Images/Portraits/portrait_salamandar.png
  artifactKey: Guid(22728f75d2fb724459e24b52f2444440) Importer(815301076,1909f56bfc062723c751e8b465ee728b)
Start importing Assets/Images/Portraits/portrait_salamandar.png using Guid(22728f75d2fb724459e24b52f2444440) Importer(815301076,1909f56bfc062723c751e8b465ee728b)  -> (artifact id: 'ba77829569ed79e841cb0aa55d898acc') in 0.013432 seconds 
========================================================================
Received Import Request.
  Time since last request: 0.000032 seconds.
  path: Assets/Images/Portraits/portrait_hero.png
  artifactKey: Guid(7663034113ae19249a13b6ca89cb98e7) Importer(815301076,1909f56bfc062723c751e8b465ee728b)
Start importing Assets/Images/Portraits/portrait_hero.png using Guid(7663034113ae19249a13b6ca89cb98e7) Importer(815301076,1909f56bfc062723c751e8b465ee728b)  -> (artifact id: '62d80eeb38f4b296ba4175c5d118d5cc') in 0.012629 seconds 
========================================================================
Received Import Request.
  Time since last request: 0.000069 seconds.
  path: Assets/Images/Portraits/portrait_lord.png
  artifactKey: Guid(58e2924890955ad438508dba2a8fd1e1) Importer(815301076,1909f56bfc062723c751e8b465ee728b)
Start importing Assets/Images/Portraits/portrait_lord.png using Guid(58e2924890955ad438508dba2a8fd1e1) Importer(815301076,1909f56bfc062723c751e8b465ee728b)  -> (artifact id: 'fc4927b81f7c45eb2de8a8941ea26d49') in 0.018532 seconds 
========================================================================
Received Import Request.
  Time since last request: 0.000072 seconds.
  path: Assets/Images/Portraits/portrait_mir.png
  artifactKey: Guid(343c8a6c2911ee64c9992a39dfb06444) Importer(815301076,1909f56bfc062723c751e8b465ee728b)
Start importing Assets/Images/Portraits/portrait_mir.png using Guid(343c8a6c2911ee64c9992a39dfb06444) Importer(815301076,1909f56bfc062723c751e8b465ee728b)  -> (artifact id: 'a26f2bfb765b65eafe4c523d82fee661') in 0.014290 seconds 
Editor requested this worker to shutdown with reason: Scaling down because of idle timeout
AssetImportWorker is now disconnected from the server
Process exiting
Exiting without the bug reporter. Application will terminate with return code 0