Using pre-set license
Built from '2021.3/staging' branch; Version is '2021.3.5f1 (40eb3a945986) revision 4254522'; Using compiler version '192829333'; Build Type 'Release'
OS: 'Windows 10  (10.0.19044) 64bit Professional' Language: 'ko' Physical Memory: 16311 MB
BatchMode: 1, IsHumanControllingUs: 0, StartBugReporterOnCrash: 0, Is64bit: 1, IsPro: 1

COMMAND LINE ARGUMENTS:
C:\Program Files\Unity\Hub\Editor\2021.3.5f1\Editor\Unity.exe
-adb2
-batchMode
-noUpm
-name
AssetImportWorker9
-projectPath
C:/Users/USER/HeroTurnCU
-logFile
Logs/AssetImportWorker9.log
-srvPort
10044
Successfully changed project path to: C:/Users/USER/HeroTurnCU
C:/Users/USER/HeroTurnCU
[UnityMemory] Configuration Parameters - Can be set up in boot.config
    "memorysetup-bucket-allocator-granularity=16"
    "memorysetup-bucket-allocator-bucket-count=8"
    "memorysetup-bucket-allocator-block-size=33554432"
    "memorysetup-bucket-allocator-block-count=8"
    "memorysetup-main-allocator-block-size=16777216"
    "memorysetup-thread-allocator-block-size=16777216"
    "memorysetup-gfx-main-allocator-block-size=16777216"
    "memorysetup-gfx-thread-allocator-block-size=16777216"
    "memorysetup-cache-allocator-block-size=4194304"
    "memorysetup-typetree-allocator-block-size=2097152"
    "memorysetup-profiler-bucket-allocator-granularity=16"
    "memorysetup-profiler-bucket-allocator-bucket-count=8"
    "memorysetup-profiler-bucket-allocator-block-size=33554432"
    "memorysetup-profiler-bucket-allocator-block-count=8"
    "memorysetup-profiler-allocator-block-size=16777216"
    "memorysetup-profiler-editor-allocator-block-size=1048576"
    "memorysetup-temp-allocator-size-main=16777216"
    "memorysetup-job-temp-allocator-block-size=2097152"
    "memorysetup-job-temp-allocator-block-size-background=1048576"
    "memorysetup-job-temp-allocator-reduction-small-platforms=262144"
    "memorysetup-temp-allocator-size-background-worker=32768"
    "memorysetup-temp-allocator-size-job-worker=262144"
    "memorysetup-temp-allocator-size-preload-manager=33554432"
    "memorysetup-temp-allocator-size-nav-mesh-worker=65536"
    "memorysetup-temp-allocator-size-audio-worker=65536"
    "memorysetup-temp-allocator-size-cloud-worker=32768"
    "memorysetup-temp-allocator-size-gi-baking-worker=262144"
    "memorysetup-temp-allocator-size-gfx=262144"
Default GameObject BitMask: Player already registered
Refreshing native plugins compatible for Editor in 182.61 ms, found 4 plugins.
Preloading 0 native plugins for Editor in 0.00 ms.
Initialize engine version: 2021.3.5f1 (40eb3a945986)
[Subsystems] Discovering subsystems at path C:/Program Files/Unity/Hub/Editor/2021.3.5f1/Editor/Data/Resources/UnitySubsystems
[Subsystems] Discovering subsystems at path C:/Users/USER/HeroTurnCU/Assets
GfxDevice: creating device client; threaded=0; jobified=0
Direct3D:
    Version:  Direct3D 11.0 [level 11.1]
    Renderer: NVIDIA GeForce RTX 3060 (ID=0x2487)
    Vendor:   NVIDIA
    VRAM:     12124 MB
    Driver:   31.0.15.2756
Initialize mono
Mono path[0] = 'C:/Program Files/Unity/Hub/Editor/2021.3.5f1/Editor/Data/Managed'
Mono path[1] = 'C:/Program Files/Unity/Hub/Editor/2021.3.5f1/Editor/Data/MonoBleedingEdge/lib/mono/unityjit-win32'
Mono config path = 'C:/Program Files/Unity/Hub/Editor/2021.3.5f1/Editor/Data/MonoBleedingEdge/etc'
Using monoOptions --debugger-agent=transport=dt_socket,embedding=1,server=y,suspend=n,address=127.0.0.1:56636
Begin MonoManager ReloadAssembly
Registering precompiled unity dll's ...
Register platform support module: C:/Program Files/Unity/Hub/Editor/2021.3.5f1/Editor/Data/PlaybackEngines/WindowsStandaloneSupport/UnityEditor.WindowsStandalone.Extensions.dll
Registered in 0.013827 seconds.
Native extension for WindowsStandalone target not found
Refreshing native plugins compatible for Editor in 121.73 ms, found 4 plugins.
Preloading 0 native plugins for Editor in 0.00 ms.
Mono: successfully reloaded assembly
- Completed reload, in  0.679 seconds
Domain Reload Profiling:
	ReloadAssembly (680ms)
		BeginReloadAssembly (91ms)
			ExecutionOrderSort (0ms)
			DisableScriptedObjects (0ms)
			BackupInstance (0ms)
			ReleaseScriptingObjects (0ms)
			CreateAndSetChildDomain (1ms)
		EndReloadAssembly (469ms)
			LoadAssemblies (87ms)
			RebuildTransferFunctionScriptingTraits (0ms)
			SetupTypeCache (96ms)
			ReleaseScriptCaches (0ms)
			RebuildScriptCaches (29ms)
			SetupLoadedEditorAssemblies (286ms)
				LogAssemblyErrors (0ms)
				InitializePlatformSupportModulesInManaged (10ms)
				SetLoadedEditorAssemblies (0ms)
				RefreshPlugins (122ms)
				BeforeProcessingInitializeOnLoad (1ms)
				ProcessInitializeOnLoadAttributes (109ms)
				ProcessInitializeOnLoadMethodAttributes (44ms)
				AfterProcessingInitializeOnLoad (0ms)
				EditorAssembliesLoaded (0ms)
			ExecutionOrderSort2 (0ms)
			AwakeInstancesAfterBackupRestoration (0ms)
Platform modules already initialized, skipping
Registering precompiled user dll's ...
Registered in 0.017093 seconds.
Begin MonoManager ReloadAssembly
Symbol file LoadedFromMemory doesn't match image C:\Users\USER\HeroTurnCU\Library\PackageCache\com.unity.visualscripting@1.7.8\Editor\VisualScripting.Core\Dependencies\DotNetZip\Unity.VisualScripting.IonicZip.dll
Symbol file LoadedFromMemory doesn't match image C:\Users\USER\HeroTurnCU\Library\PackageCache\com.unity.visualscripting@1.7.8\Editor\VisualScripting.Core\Dependencies\YamlDotNet\Unity.VisualScripting.YamlDotNet.dll
Native extension for WindowsStandalone target not found
Refreshing native plugins compatible for Editor in 118.43 ms, found 4 plugins.
Preloading 0 native plugins for Editor in 0.00 ms.
System.Exception: Error! Visual Scripting: couldn't find visual scripting package
  at Unity.VisualScripting.PackageVersionUtility.get_version () [0x00043] in C:\Users\USER\HeroTurnCU\Library\PackageCache\com.unity.visualscripting@1.7.8\Editor\VisualScripting.Core\Utilities\PackageVersionUtility.cs:31 
  at Unity.VisualScripting.BoltCoreManifest.get_version () [0x00000] in C:\Users\USER\HeroTurnCU\Library\PackageCache\com.unity.visualscripting@1.7.8\Editor\VisualScripting.Core\Plugin\BoltCoreManifest.cs:11 
  at Unity.VisualScripting.PluginManifest.get_currentVersion () [0x00000] in C:\Users\USER\HeroTurnCU\Library\PackageCache\com.unity.visualscripting@1.7.8\Editor\VisualScripting.Core\Plugins\PluginManifest.cs:33 
  at Unity.VisualScripting.PluginManifest.get_versionMismatch () [0x00000] in C:\Users\USER\HeroTurnCU\Library\PackageCache\com.unity.visualscripting@1.7.8\Editor\VisualScripting.Core\Plugins\PluginManifest.cs:48 
  at Unity.VisualScripting.PluginContainer.Initialize () [0x00525] in C:\Users\USER\HeroTurnCU\Library\PackageCache\com.unity.visualscripting@1.7.8\Editor\VisualScripting.Core\Plugins\PluginContainer.cs:208 
  at Unity.VisualScripting.PluginContainer.InitializeOnLoad () [0x00009] in C:\Users\USER\HeroTurnCU\Library\PackageCache\com.unity.visualscripting@1.7.8\Editor\VisualScripting.Core\Plugins\PluginContainer.cs:32 
  at Unity.VisualScripting.VSUsageUtility.DoInitializeOnLoadCalls () [0x00034] in C:\Users\USER\HeroTurnCU\Library\PackageCache\com.unity.visualscripting@1.7.8\Editor\VisualScripting.Core\Utilities\VSUsageUtility.cs:76 
  at Unity.VisualScripting.VSUsageUtility.set_isVisualScriptingUsed (System.Boolean value) [0x0002c] in C:\Users\USER\HeroTurnCU\Library\PackageCache\com.unity.visualscripting@1.7.8\Editor\VisualScripting.Core\Utilities\VSUsageUtility.cs:114 
  at Unity.VisualScripting.VSUsageUtility.CheckAndSetIsVisualScriptingUsed () [0x00032] in C:\Users\USER\HeroTurnCU\Library\PackageCache\com.unity.visualscripting@1.7.8\Editor\VisualScripting.Core\Utilities\VSUsageUtility.cs:48 
  at Unity.VisualScripting.VSUsageUtility..cctor () [0x00000] in C:\Users\USER\HeroTurnCU\Library\PackageCache\com.unity.visualscripting@1.7.8\Editor\VisualScripting.Core\Utilities\VSUsageUtility.cs:22 
UnityEngine.StackTraceUtility:ExtractStackTrace ()
UnityEngine.DebugLogHandler:LogFormat (UnityEngine.LogType,UnityEngine.Object,string,object[])
UnityEngine.Logger:Log (UnityEngine.LogType,object)
UnityEngine.Debug:LogError (object)
UnityEditor.EditorAssemblies:ProcessInitializeOnLoadAttributes (System.Type[])

Package Manager log level set to [2]
Mono: successfully reloaded assembly
- Completed reload, in  1.607 seconds
Domain Reload Profiling:
	ReloadAssembly (1608ms)
		BeginReloadAssembly (122ms)
			ExecutionOrderSort (0ms)
			DisableScriptedObjects (5ms)
			BackupInstance (0ms)
			ReleaseScriptingObjects (0ms)
			CreateAndSetChildDomain (16ms)
		EndReloadAssembly (1360ms)
			LoadAssemblies (124ms)
			RebuildTransferFunctionScriptingTraits (0ms)
			SetupTypeCache (232ms)
			ReleaseScriptCaches (1ms)
			RebuildScriptCaches (57ms)
			SetupLoadedEditorAssemblies (909ms)
				LogAssemblyErrors (0ms)
				InitializePlatformSupportModulesInManaged (7ms)
				SetLoadedEditorAssemblies (0ms)
				RefreshPlugins (118ms)
				BeforeProcessingInitializeOnLoad (125ms)
				ProcessInitializeOnLoadAttributes (550ms)
				ProcessInitializeOnLoadMethodAttributes (94ms)
				AfterProcessingInitializeOnLoad (15ms)
				EditorAssembliesLoaded (0ms)
			ExecutionOrderSort2 (0ms)
			AwakeInstancesAfterBackupRestoration (8ms)
Platform modules already initialized, skipping
========================================================================
Worker process is ready to serve import requests
Default GameObject BitMask: Player already registered
Launched and connected shader compiler UnityShaderCompiler.exe after 0.05 seconds
Refreshing native plugins compatible for Editor in 1.23 ms, found 4 plugins.
Preloading 0 native plugins for Editor in 0.00 ms.
Unloading 4758 Unused Serialized files (Serialized files now loaded: 0)
Unloading 75 unused Assets / (56.6 KB). Loaded Objects now: 5187.
Memory consumption went from 180.9 MB to 180.8 MB.
Total: 11.620100 ms (FindLiveObjects: 0.352100 ms CreateObjectMapping: 0.239600 ms MarkObjects: 10.896300 ms  DeleteObjects: 0.131100 ms)

AssetImportParameters requested are different than current active one (requested -> active):
  custom:video-decoder-ogg-theora: a1e56fd34408186e4bbccfd4996cb3dc -> 
  custom:container-muxer-webm: aa71ff27fc2769a1b78a27578f13a17b -> 
  custom:container-demuxer-webm: 4f35f7cbe854078d1ac9338744f61a02 -> 
  custom:video-encoder-webm-vp8: eb34c28f22e8b96e1ab97ce403110664 -> 
  custom:audio-encoder-webm-vorbis: bf7c407c2cedff20999df2af8eb42d56 -> 
  custom:framework-win-MediaFoundation: 216162199b28c13a410421893ffa2e32 -> 
  custom:container-demuxer-ogg: 62fdf1f143b41e24485cea50d1cbac27 -> 
  custom:video-decoder-webm-vp8: 9c59270c3fd7afecdb556c50c9e8de78 -> 
  custom:audio-decoder-ogg-vorbis: bf7c407c2cedff20999df2af8eb42d56 -> 
========================================================================
Received Import Request.
  Time since last request: 9671.753043 seconds.
  path: Assets/Game/SceneManager/SceneTrigger.prefab
  artifactKey: Guid(1c3fdc884c120f14593857706cb614b6) Importer(815301076,1909f56bfc062723c751e8b465ee728b)
Start importing Assets/Game/SceneManager/SceneTrigger.prefab using Guid(1c3fdc884c120f14593857706cb614b6) Importer(815301076,1909f56bfc062723c751e8b465ee728b)  -> (artifact id: '9bba8f688301e07c2bfcef8d7f920e61') in 0.052895 seconds 
========================================================================
Received Prepare
Default GameObject BitMask: Player already registered
Registering precompiled user dll's ...
Registered in 0.018472 seconds.
Begin MonoManager ReloadAssembly
Symbol file LoadedFromMemory doesn't match image C:\Users\USER\HeroTurnCU\Library\PackageCache\com.unity.visualscripting@1.7.8\Editor\VisualScripting.Core\Dependencies\DotNetZip\Unity.VisualScripting.IonicZip.dll
Symbol file LoadedFromMemory doesn't match image C:\Users\USER\HeroTurnCU\Library\PackageCache\com.unity.visualscripting@1.7.8\Editor\VisualScripting.Core\Dependencies\YamlDotNet\Unity.VisualScripting.YamlDotNet.dll
Native extension for WindowsStandalone target not found
Refreshing native plugins compatible for Editor in 1.71 ms, found 4 plugins.
Preloading 0 native plugins for Editor in 0.00 ms.
Exception: Error! Visual Scripting: couldn't find visual scripting package
  at Unity.VisualScripting.PackageVersionUtility.get_version () [0x00043] in C:\Users\USER\HeroTurnCU\Library\PackageCache\com.unity.visualscripting@1.7.8\Editor\VisualScripting.Core\Utilities\PackageVersionUtility.cs:31 
  at Unity.VisualScripting.BoltCoreManifest.get_version () [0x00000] in C:\Users\USER\HeroTurnCU\Library\PackageCache\com.unity.visualscripting@1.7.8\Editor\VisualScripting.Core\Plugin\BoltCoreManifest.cs:11 
  at Unity.VisualScripting.PluginConfiguration.Initialize () [0x000ab] in C:\Users\USER\HeroTurnCU\Library\PackageCache\com.unity.visualscripting@1.7.8\Editor\VisualScripting.Core\Plugins\PluginConfiguration.cs:57 
  at Unity.VisualScripting.PluginContainer.Initialize () [0x004a3] in C:\Users\USER\HeroTurnCU\Library\PackageCache\com.unity.visualscripting@1.7.8\Editor\VisualScripting.Core\Plugins\PluginContainer.cs:199 
Rethrow as Exception: Failed to initialize plugin module 'VisualScripting.Core.BoltCoreConfiguration'.

UnityEngine.DebugLogHandler:Internal_LogException(Exception, Object)
UnityEngine.DebugLogHandler:LogException(Exception, Object)
UnityEngine.Logger:LogException(Exception, Object)
UnityEngine.Debug:LogException(Exception)
Unity.VisualScripting.PluginContainer:Initialize() (at Library\PackageCache\com.unity.visualscripting@1.7.8\Editor\VisualScripting.Core\Plugins\PluginContainer.cs:204)
Unity.VisualScripting.PluginContainer:InitializeOnLoad() (at Library\PackageCache\com.unity.visualscripting@1.7.8\Editor\VisualScripting.Core\Plugins\PluginContainer.cs:32)
Unity.VisualScripting.VSUsageUtility:DoInitializeOnLoadCalls() (at Library\PackageCache\com.unity.visualscripting@1.7.8\Editor\VisualScripting.Core\Utilities\VSUsageUtility.cs:76)
Unity.VisualScripting.VSUsageUtility:set_isVisualScriptingUsed(Boolean) (at Library\PackageCache\com.unity.visualscripting@1.7.8\Editor\VisualScripting.Core\Utilities\VSUsageUtility.cs:114)
Unity.VisualScripting.VSUsageUtility:CheckAndSetIsVisualScriptingUsed() (at Library\PackageCache\com.unity.visualscripting@1.7.8\Editor\VisualScripting.Core\Utilities\VSUsageUtility.cs:33)
Unity.VisualScripting.VSUsageUtility:.cctor() (at Library\PackageCache\com.unity.visualscripting@1.7.8\Editor\VisualScripting.Core\Utilities\VSUsageUtility.cs:22)
System.Runtime.CompilerServices.RuntimeHelpers:RunClassConstructor(IntPtr)
System.Runtime.CompilerServices.RuntimeHelpers:RunClassConstructor(RuntimeTypeHandle)
UnityEditor.EditorAssemblies:ProcessInitializeOnLoadAttributes(Type[])

(Filename: Library/PackageCache/com.unity.visualscripting@1.7.8/Editor/VisualScripting.Core/Plugins/PluginContainer.cs Line: 204)

System.Exception: Error! Visual Scripting: couldn't find visual scripting package
  at Unity.VisualScripting.PackageVersionUtility.get_version () [0x00043] in C:\Users\USER\HeroTurnCU\Library\PackageCache\com.unity.visualscripting@1.7.8\Editor\VisualScripting.Core\Utilities\PackageVersionUtility.cs:31 
  at Unity.VisualScripting.BoltCoreManifest.get_version () [0x00000] in C:\Users\USER\HeroTurnCU\Library\PackageCache\com.unity.visualscripting@1.7.8\Editor\VisualScripting.Core\Plugin\BoltCoreManifest.cs:11 
  at Unity.VisualScripting.PluginManifest.get_currentVersion () [0x00000] in C:\Users\USER\HeroTurnCU\Library\PackageCache\com.unity.visualscripting@1.7.8\Editor\VisualScripting.Core\Plugins\PluginManifest.cs:33 
  at Unity.VisualScripting.PluginManifest.get_versionMismatch () [0x00000] in C:\Users\USER\HeroTurnCU\Library\PackageCache\com.unity.visualscripting@1.7.8\Editor\VisualScripting.Core\Plugins\PluginManifest.cs:48 
  at Unity.VisualScripting.PluginContainer.Initialize () [0x00525] in C:\Users\USER\HeroTurnCU\Library\PackageCache\com.unity.visualscripting@1.7.8\Editor\VisualScripting.Core\Plugins\PluginContainer.cs:208 
  at Unity.VisualScripting.PluginContainer.InitializeOnLoad () [0x00009] in C:\Users\USER\HeroTurnCU\Library\PackageCache\com.unity.visualscripting@1.7.8\Editor\VisualScripting.Core\Plugins\PluginContainer.cs:32 
  at Unity.VisualScripting.VSUsageUtility.DoInitializeOnLoadCalls () [0x00034] in C:\Users\USER\HeroTurnCU\Library\PackageCache\com.unity.visualscripting@1.7.8\Editor\VisualScripting.Core\Utilities\VSUsageUtility.cs:76 
  at Unity.VisualScripting.VSUsageUtility.set_isVisualScriptingUsed (System.Boolean value) [0x0002c] in C:\Users\USER\HeroTurnCU\Library\PackageCache\com.unity.visualscripting@1.7.8\Editor\VisualScripting.Core\Utilities\VSUsageUtility.cs:114 
  at Unity.VisualScripting.VSUsageUtility.CheckAndSetIsVisualScriptingUsed () [0x0000d] in C:\Users\USER\HeroTurnCU\Library\PackageCache\com.unity.visualscripting@1.7.8\Editor\VisualScripting.Core\Utilities\VSUsageUtility.cs:33 
  at Unity.VisualScripting.VSUsageUtility..cctor () [0x00000] in C:\Users\USER\HeroTurnCU\Library\PackageCache\com.unity.visualscripting@1.7.8\Editor\VisualScripting.Core\Utilities\VSUsageUtility.cs:22 
UnityEngine.StackTraceUtility:ExtractStackTrace ()
UnityEngine.DebugLogHandler:LogFormat (UnityEngine.LogType,UnityEngine.Object,string,object[])
UnityEngine.Logger:Log (UnityEngine.LogType,object)
UnityEngine.Debug:LogError (object)
UnityEditor.EditorAssemblies:ProcessInitializeOnLoadAttributes (System.Type[])

Mono: successfully reloaded assembly
- Completed reload, in  1.668 seconds
Domain Reload Profiling:
	ReloadAssembly (1669ms)
		BeginReloadAssembly (206ms)
			ExecutionOrderSort (0ms)
			DisableScriptedObjects (7ms)
			BackupInstance (0ms)
			ReleaseScriptingObjects (0ms)
			CreateAndSetChildDomain (55ms)
		EndReloadAssembly (1340ms)
			LoadAssemblies (165ms)
			RebuildTransferFunctionScriptingTraits (1ms)
			SetupTypeCache (259ms)
			ReleaseScriptCaches (2ms)
			RebuildScriptCaches (47ms)
			SetupLoadedEditorAssemblies (664ms)
				LogAssemblyErrors (0ms)
				InitializePlatformSupportModulesInManaged (14ms)
				SetLoadedEditorAssemblies (0ms)
				RefreshPlugins (2ms)
				BeforeProcessingInitializeOnLoad (112ms)
				ProcessInitializeOnLoadAttributes (413ms)
				ProcessInitializeOnLoadMethodAttributes (103ms)
				AfterProcessingInitializeOnLoad (21ms)
				EditorAssembliesLoaded (0ms)
			ExecutionOrderSort2 (0ms)
			AwakeInstancesAfterBackupRestoration (13ms)
Platform modules already initialized, skipping
Refreshing native plugins compatible for Editor in 10.10 ms, found 4 plugins.
Preloading 0 native plugins for Editor in 0.00 ms.
Unloading 4734 Unused Serialized files (Serialized files now loaded: 0)
Unloading 62 unused Assets / (25.8 KB). Loaded Objects now: 5191.
Memory consumption went from 179.0 MB to 179.0 MB.
Total: 11.961200 ms (FindLiveObjects: 0.872700 ms CreateObjectMapping: 0.659300 ms MarkObjects: 10.379200 ms  DeleteObjects: 0.047300 ms)

AssetImportParameters requested are different than current active one (requested -> active):
  custom:video-decoder-ogg-theora: a1e56fd34408186e4bbccfd4996cb3dc -> 
  custom:container-muxer-webm: aa71ff27fc2769a1b78a27578f13a17b -> 
  custom:container-demuxer-webm: 4f35f7cbe854078d1ac9338744f61a02 -> 
  custom:video-encoder-webm-vp8: eb34c28f22e8b96e1ab97ce403110664 -> 
  custom:audio-encoder-webm-vorbis: bf7c407c2cedff20999df2af8eb42d56 -> 
  custom:framework-win-MediaFoundation: 216162199b28c13a410421893ffa2e32 -> 
  custom:container-demuxer-ogg: 62fdf1f143b41e24485cea50d1cbac27 -> 
  custom:video-decoder-webm-vp8: 9c59270c3fd7afecdb556c50c9e8de78 -> 
  custom:audio-decoder-ogg-vorbis: bf7c407c2cedff20999df2af8eb42d56 -> 
========================================================================
Received Prepare
Default GameObject BitMask: Player already registered
Registering precompiled user dll's ...
Registered in 0.018543 seconds.
Begin MonoManager ReloadAssembly
Symbol file LoadedFromMemory doesn't match image C:\Users\USER\HeroTurnCU\Library\PackageCache\com.unity.visualscripting@1.7.8\Editor\VisualScripting.Core\Dependencies\DotNetZip\Unity.VisualScripting.IonicZip.dll
Symbol file LoadedFromMemory doesn't match image C:\Users\USER\HeroTurnCU\Library\PackageCache\com.unity.visualscripting@1.7.8\Editor\VisualScripting.Core\Dependencies\YamlDotNet\Unity.VisualScripting.YamlDotNet.dll
Native extension for WindowsStandalone target not found
Refreshing native plugins compatible for Editor in 1.48 ms, found 4 plugins.
Preloading 0 native plugins for Editor in 0.00 ms.
System.Exception: Error! Visual Scripting: couldn't find visual scripting package
  at Unity.VisualScripting.PackageVersionUtility.get_version () [0x00043] in C:\Users\USER\HeroTurnCU\Library\PackageCache\com.unity.visualscripting@1.7.8\Editor\VisualScripting.Core\Utilities\PackageVersionUtility.cs:31 
  at Unity.VisualScripting.BoltCoreManifest.get_version () [0x00000] in C:\Users\USER\HeroTurnCU\Library\PackageCache\com.unity.visualscripting@1.7.8\Editor\VisualScripting.Core\Plugin\BoltCoreManifest.cs:11 
  at Unity.VisualScripting.PluginManifest.get_currentVersion () [0x00000] in C:\Users\USER\HeroTurnCU\Library\PackageCache\com.unity.visualscripting@1.7.8\Editor\VisualScripting.Core\Plugins\PluginManifest.cs:33 
  at Unity.VisualScripting.PluginManifest.get_versionMismatch () [0x00000] in C:\Users\USER\HeroTurnCU\Library\PackageCache\com.unity.visualscripting@1.7.8\Editor\VisualScripting.Core\Plugins\PluginManifest.cs:48 
  at Unity.VisualScripting.PluginContainer.Initialize () [0x00525] in C:\Users\USER\HeroTurnCU\Library\PackageCache\com.unity.visualscripting@1.7.8\Editor\VisualScripting.Core\Plugins\PluginContainer.cs:208 
  at Unity.VisualScripting.PluginContainer.InitializeOnLoad () [0x00009] in C:\Users\USER\HeroTurnCU\Library\PackageCache\com.unity.visualscripting@1.7.8\Editor\VisualScripting.Core\Plugins\PluginContainer.cs:32 
  at Unity.VisualScripting.VSUsageUtility.DoInitializeOnLoadCalls () [0x00034] in C:\Users\USER\HeroTurnCU\Library\PackageCache\com.unity.visualscripting@1.7.8\Editor\VisualScripting.Core\Utilities\VSUsageUtility.cs:76 
  at Unity.VisualScripting.VSUsageUtility.set_isVisualScriptingUsed (System.Boolean value) [0x0002c] in C:\Users\USER\HeroTurnCU\Library\PackageCache\com.unity.visualscripting@1.7.8\Editor\VisualScripting.Core\Utilities\VSUsageUtility.cs:114 
  at Unity.VisualScripting.VSUsageUtility.CheckAndSetIsVisualScriptingUsed () [0x0000d] in C:\Users\USER\HeroTurnCU\Library\PackageCache\com.unity.visualscripting@1.7.8\Editor\VisualScripting.Core\Utilities\VSUsageUtility.cs:33 
  at Unity.VisualScripting.VSUsageUtility..cctor () [0x00000] in C:\Users\USER\HeroTurnCU\Library\PackageCache\com.unity.visualscripting@1.7.8\Editor\VisualScripting.Core\Utilities\VSUsageUtility.cs:22 
UnityEngine.StackTraceUtility:ExtractStackTrace ()
UnityEngine.DebugLogHandler:LogFormat (UnityEngine.LogType,UnityEngine.Object,string,object[])
UnityEngine.Logger:Log (UnityEngine.LogType,object)
UnityEngine.Debug:LogError (object)
UnityEditor.EditorAssemblies:ProcessInitializeOnLoadAttributes (System.Type[])

Mono: successfully reloaded assembly
- Completed reload, in  1.806 seconds
Domain Reload Profiling:
	ReloadAssembly (1807ms)
		BeginReloadAssembly (213ms)
			ExecutionOrderSort (0ms)
			DisableScriptedObjects (7ms)
			BackupInstance (0ms)
			ReleaseScriptingObjects (0ms)
			CreateAndSetChildDomain (66ms)
		EndReloadAssembly (1472ms)
			LoadAssemblies (155ms)
			RebuildTransferFunctionScriptingTraits (0ms)
			SetupTypeCache (311ms)
			ReleaseScriptCaches (2ms)
			RebuildScriptCaches (47ms)
			SetupLoadedEditorAssemblies (747ms)
				LogAssemblyErrors (0ms)
				InitializePlatformSupportModulesInManaged (14ms)
				SetLoadedEditorAssemblies (0ms)
				RefreshPlugins (2ms)
				BeforeProcessingInitializeOnLoad (115ms)
				ProcessInitializeOnLoadAttributes (477ms)
				ProcessInitializeOnLoadMethodAttributes (118ms)
				AfterProcessingInitializeOnLoad (20ms)
				EditorAssembliesLoaded (0ms)
			ExecutionOrderSort2 (0ms)
			AwakeInstancesAfterBackupRestoration (12ms)
Platform modules already initialized, skipping
Refreshing native plugins compatible for Editor in 11.32 ms, found 4 plugins.
Preloading 0 native plugins for Editor in 0.00 ms.
Unloading 4734 Unused Serialized files (Serialized files now loaded: 0)
Unloading 62 unused Assets / (25.9 KB). Loaded Objects now: 5195.
Memory consumption went from 179.0 MB to 179.0 MB.
Total: 13.801900 ms (FindLiveObjects: 0.632900 ms CreateObjectMapping: 0.358500 ms MarkObjects: 12.753200 ms  DeleteObjects: 0.055900 ms)

AssetImportParameters requested are different than current active one (requested -> active):
  custom:video-decoder-ogg-theora: a1e56fd34408186e4bbccfd4996cb3dc -> 
  custom:container-muxer-webm: aa71ff27fc2769a1b78a27578f13a17b -> 
  custom:container-demuxer-webm: 4f35f7cbe854078d1ac9338744f61a02 -> 
  custom:video-encoder-webm-vp8: eb34c28f22e8b96e1ab97ce403110664 -> 
  custom:audio-encoder-webm-vorbis: bf7c407c2cedff20999df2af8eb42d56 -> 
  custom:framework-win-MediaFoundation: 216162199b28c13a410421893ffa2e32 -> 
  custom:container-demuxer-ogg: 62fdf1f143b41e24485cea50d1cbac27 -> 
  custom:video-decoder-webm-vp8: 9c59270c3fd7afecdb556c50c9e8de78 -> 
  custom:audio-decoder-ogg-vorbis: bf7c407c2cedff20999df2af8eb42d56 -> 
========================================================================
Received Prepare
Default GameObject BitMask: Player already registered
Registering precompiled user dll's ...
Registered in 0.019222 seconds.
Begin MonoManager ReloadAssembly
Symbol file LoadedFromMemory doesn't match image C:\Users\USER\HeroTurnCU\Library\PackageCache\com.unity.visualscripting@1.7.8\Editor\VisualScripting.Core\Dependencies\DotNetZip\Unity.VisualScripting.IonicZip.dll
Symbol file LoadedFromMemory doesn't match image C:\Users\USER\HeroTurnCU\Library\PackageCache\com.unity.visualscripting@1.7.8\Editor\VisualScripting.Core\Dependencies\YamlDotNet\Unity.VisualScripting.YamlDotNet.dll
Native extension for WindowsStandalone target not found
Refreshing native plugins compatible for Editor in 1.44 ms, found 4 plugins.
Preloading 0 native plugins for Editor in 0.00 ms.
System.Exception: Error! Visual Scripting: couldn't find visual scripting package
  at Unity.VisualScripting.PackageVersionUtility.get_version () [0x00043] in C:\Users\USER\HeroTurnCU\Library\PackageCache\com.unity.visualscripting@1.7.8\Editor\VisualScripting.Core\Utilities\PackageVersionUtility.cs:31 
  at Unity.VisualScripting.BoltCoreManifest.get_version () [0x00000] in C:\Users\USER\HeroTurnCU\Library\PackageCache\com.unity.visualscripting@1.7.8\Editor\VisualScripting.Core\Plugin\BoltCoreManifest.cs:11 
  at Unity.VisualScripting.PluginManifest.get_currentVersion () [0x00000] in C:\Users\USER\HeroTurnCU\Library\PackageCache\com.unity.visualscripting@1.7.8\Editor\VisualScripting.Core\Plugins\PluginManifest.cs:33 
  at Unity.VisualScripting.PluginManifest.get_versionMismatch () [0x00000] in C:\Users\USER\HeroTurnCU\Library\PackageCache\com.unity.visualscripting@1.7.8\Editor\VisualScripting.Core\Plugins\PluginManifest.cs:48 
  at Unity.VisualScripting.PluginContainer.Initialize () [0x00525] in C:\Users\USER\HeroTurnCU\Library\PackageCache\com.unity.visualscripting@1.7.8\Editor\VisualScripting.Core\Plugins\PluginContainer.cs:208 
  at Unity.VisualScripting.PluginContainer.InitializeOnLoad () [0x00009] in C:\Users\USER\HeroTurnCU\Library\PackageCache\com.unity.visualscripting@1.7.8\Editor\VisualScripting.Core\Plugins\PluginContainer.cs:32 
  at Unity.VisualScripting.VSUsageUtility.DoInitializeOnLoadCalls () [0x00034] in C:\Users\USER\HeroTurnCU\Library\PackageCache\com.unity.visualscripting@1.7.8\Editor\VisualScripting.Core\Utilities\VSUsageUtility.cs:76 
  at Unity.VisualScripting.VSUsageUtility.set_isVisualScriptingUsed (System.Boolean value) [0x0002c] in C:\Users\USER\HeroTurnCU\Library\PackageCache\com.unity.visualscripting@1.7.8\Editor\VisualScripting.Core\Utilities\VSUsageUtility.cs:114 
  at Unity.VisualScripting.VSUsageUtility.CheckAndSetIsVisualScriptingUsed () [0x0000d] in C:\Users\USER\HeroTurnCU\Library\PackageCache\com.unity.visualscripting@1.7.8\Editor\VisualScripting.Core\Utilities\VSUsageUtility.cs:33 
  at Unity.VisualScripting.VSUsageUtility..cctor () [0x00000] in C:\Users\USER\HeroTurnCU\Library\PackageCache\com.unity.visualscripting@1.7.8\Editor\VisualScripting.Core\Utilities\VSUsageUtility.cs:22 
UnityEngine.StackTraceUtility:ExtractStackTrace ()
UnityEngine.DebugLogHandler:LogFormat (UnityEngine.LogType,UnityEngine.Object,string,object[])
UnityEngine.Logger:Log (UnityEngine.LogType,object)
UnityEngine.Debug:LogError (object)
UnityEditor.EditorAssemblies:ProcessInitializeOnLoadAttributes (System.Type[])

Mono: successfully reloaded assembly
- Completed reload, in  1.760 seconds
Domain Reload Profiling:
	ReloadAssembly (1760ms)
		BeginReloadAssembly (196ms)
			ExecutionOrderSort (0ms)
			DisableScriptedObjects (6ms)
			BackupInstance (0ms)
			ReleaseScriptingObjects (0ms)
			CreateAndSetChildDomain (52ms)
		EndReloadAssembly (1443ms)
			LoadAssemblies (158ms)
			RebuildTransferFunctionScriptingTraits (0ms)
			SetupTypeCache (251ms)
			ReleaseScriptCaches (2ms)
			RebuildScriptCaches (44ms)
			SetupLoadedEditorAssemblies (774ms)
				LogAssemblyErrors (0ms)
				InitializePlatformSupportModulesInManaged (14ms)
				SetLoadedEditorAssemblies (0ms)
				RefreshPlugins (1ms)
				BeforeProcessingInitializeOnLoad (113ms)
				ProcessInitializeOnLoadAttributes (526ms)
				ProcessInitializeOnLoadMethodAttributes (103ms)
				AfterProcessingInitializeOnLoad (17ms)
				EditorAssembliesLoaded (0ms)
			ExecutionOrderSort2 (0ms)
			AwakeInstancesAfterBackupRestoration (11ms)
Platform modules already initialized, skipping
Refreshing native plugins compatible for Editor in 13.41 ms, found 4 plugins.
Preloading 0 native plugins for Editor in 0.00 ms.
Unloading 4734 Unused Serialized files (Serialized files now loaded: 0)
Unloading 62 unused Assets / (25.8 KB). Loaded Objects now: 5199.
Memory consumption went from 179.0 MB to 179.0 MB.
Total: 15.334100 ms (FindLiveObjects: 0.544000 ms CreateObjectMapping: 0.413600 ms MarkObjects: 14.319300 ms  DeleteObjects: 0.055600 ms)

AssetImportParameters requested are different than current active one (requested -> active):
  custom:video-decoder-ogg-theora: a1e56fd34408186e4bbccfd4996cb3dc -> 
  custom:container-muxer-webm: aa71ff27fc2769a1b78a27578f13a17b -> 
  custom:container-demuxer-webm: 4f35f7cbe854078d1ac9338744f61a02 -> 
  custom:video-encoder-webm-vp8: eb34c28f22e8b96e1ab97ce403110664 -> 
  custom:audio-encoder-webm-vorbis: bf7c407c2cedff20999df2af8eb42d56 -> 
  custom:framework-win-MediaFoundation: 216162199b28c13a410421893ffa2e32 -> 
  custom:container-demuxer-ogg: 62fdf1f143b41e24485cea50d1cbac27 -> 
  custom:video-decoder-webm-vp8: 9c59270c3fd7afecdb556c50c9e8de78 -> 
  custom:audio-decoder-ogg-vorbis: bf7c407c2cedff20999df2af8eb42d56 -> 
========================================================================
Received Import Request.
  Time since last request: 79.727739 seconds.
  path: Assets/Audio/SE/Earth3.ogg
  artifactKey: Guid(6c8aafb14da33b84cae063fba29b042f) Importer(815301076,1909f56bfc062723c751e8b465ee728b)
Start importing Assets/Audio/SE/Earth3.ogg using Guid(6c8aafb14da33b84cae063fba29b042f) Importer(815301076,1909f56bfc062723c751e8b465ee728b)  -> (artifact id: '06e1189a8e9539fde9224f080ff779f4') in 0.106834 seconds 
========================================================================
Received Import Request.
  Time since last request: 0.000046 seconds.
  path: Assets/Audio/SE/Fire6.ogg
  artifactKey: Guid(0ee9441da810b9a4c8dc4420cdcc5cd7) Importer(815301076,1909f56bfc062723c751e8b465ee728b)
Start importing Assets/Audio/SE/Fire6.ogg using Guid(0ee9441da810b9a4c8dc4420cdcc5cd7) Importer(815301076,1909f56bfc062723c751e8b465ee728b)  -> (artifact id: '484692270d3fbc5948908f2295edb02c') in 0.020215 seconds 
========================================================================
Received Import Request.
  Time since last request: 0.000114 seconds.
  path: Assets/Audio/SE/Fire8.ogg
  artifactKey: Guid(5490f23e4aaa3b340a36fb088c0d817d) Importer(815301076,1909f56bfc062723c751e8b465ee728b)
Start importing Assets/Audio/SE/Fire8.ogg using Guid(5490f23e4aaa3b340a36fb088c0d817d) Importer(815301076,1909f56bfc062723c751e8b465ee728b)  -> (artifact id: 'd3d92b377759c3c4b942fa953bc64fed') in 0.020798 seconds 
========================================================================
Received Import Request.
  Time since last request: 0.000044 seconds.
  path: Assets/Audio/SE/Flash3.ogg
  artifactKey: Guid(099a711276ceeab438fd01e156213828) Importer(815301076,1909f56bfc062723c751e8b465ee728b)
Start importing Assets/Audio/SE/Flash3.ogg using Guid(099a711276ceeab438fd01e156213828) Importer(815301076,1909f56bfc062723c751e8b465ee728b)  -> (artifact id: 'de9dbd323f6b78917c5f0223775f26f4') in 0.018876 seconds 
========================================================================
Received Import Request.
  Time since last request: 0.000028 seconds.
  path: Assets/Audio/SE/Earth6.ogg
  artifactKey: Guid(05484d147aada144786b177364e9ed7e) Importer(815301076,1909f56bfc062723c751e8b465ee728b)
Start importing Assets/Audio/SE/Earth6.ogg using Guid(05484d147aada144786b177364e9ed7e) Importer(815301076,1909f56bfc062723c751e8b465ee728b)  -> (artifact id: 'c0d1dfaadd39fecb35c25ecb3bd24ef4') in 0.022832 seconds 
========================================================================
Received Import Request.
  Time since last request: 0.000038 seconds.
  path: Assets/Audio/ME/Gag.ogg
  artifactKey: Guid(da3fced0bc031af468afe3ef4e9f75b8) Importer(815301076,1909f56bfc062723c751e8b465ee728b)
Start importing Assets/Audio/ME/Gag.ogg using Guid(da3fced0bc031af468afe3ef4e9f75b8) Importer(815301076,1909f56bfc062723c751e8b465ee728b)  -> (artifact id: 'ca902ec57cd2a5fe5e7712646841268d') in 0.023233 seconds 
========================================================================
Received Import Request.
  Time since last request: 0.000051 seconds.
  path: Assets/Audio/SE/Flash2.ogg
  artifactKey: Guid(bde77033d8cc7fe4093279df85014dbb) Importer(815301076,1909f56bfc062723c751e8b465ee728b)
Start importing Assets/Audio/SE/Flash2.ogg using Guid(bde77033d8cc7fe4093279df85014dbb) Importer(815301076,1909f56bfc062723c751e8b465ee728b)  -> (artifact id: 'aa5d712ff41b3962ebcb5a72e174a688') in 0.017244 seconds 
========================================================================
Received Import Request.
  Time since last request: 0.000037 seconds.
  path: Assets/Audio/ME/Fanfare1.ogg
  artifactKey: Guid(b93b1fcf088b5094a9dff1d9c1761798) Importer(815301076,1909f56bfc062723c751e8b465ee728b)
Start importing Assets/Audio/ME/Fanfare1.ogg using Guid(b93b1fcf088b5094a9dff1d9c1761798) Importer(815301076,1909f56bfc062723c751e8b465ee728b)  -> (artifact id: '0e3d3a2195867999320c9f45ca002adb') in 0.015792 seconds 
========================================================================
Received Import Request.
  Time since last request: 0.000025 seconds.
  path: Assets/Audio/SE/Fire1.ogg
  artifactKey: Guid(e5c57a938d210564dad7904bc684e761) Importer(815301076,1909f56bfc062723c751e8b465ee728b)
Start importing Assets/Audio/SE/Fire1.ogg using Guid(e5c57a938d210564dad7904bc684e761) Importer(815301076,1909f56bfc062723c751e8b465ee728b)  -> (artifact id: 'adf440e3cd794dcbc5a775cf0783e2cb') in 0.016070 seconds 
========================================================================
Received Import Request.
  Time since last request: 0.000043 seconds.
  path: Assets/Audio/SE/Heal4.ogg
  artifactKey: Guid(d228036a44fe3f54cbeba0d325d31cc4) Importer(815301076,1909f56bfc062723c751e8b465ee728b)
Start importing Assets/Audio/SE/Heal4.ogg using Guid(d228036a44fe3f54cbeba0d325d31cc4) Importer(815301076,1909f56bfc062723c751e8b465ee728b)  -> (artifact id: 'd503a04101cbc67ff6d769224fcfd519') in 0.022311 seconds 
========================================================================
Received Import Request.
  Time since last request: 0.000069 seconds.
  path: Assets/Audio/SE/Evasion1.ogg
  artifactKey: Guid(4a5e9d297164e774abecb129a67b7f20) Importer(815301076,1909f56bfc062723c751e8b465ee728b)
Start importing Assets/Audio/SE/Evasion1.ogg using Guid(4a5e9d297164e774abecb129a67b7f20) Importer(815301076,1909f56bfc062723c751e8b465ee728b)  -> (artifact id: '5445b037411a5fae82e9d82acb5da02a') in 0.016677 seconds 
========================================================================
Received Import Request.
  Time since last request: 0.000017 seconds.
  path: Assets/Audio/SE/Equip1.ogg
  artifactKey: Guid(a309f6d623ec60f47a6adf7ec9271bf4) Importer(815301076,1909f56bfc062723c751e8b465ee728b)
Start importing Assets/Audio/SE/Equip1.ogg using Guid(a309f6d623ec60f47a6adf7ec9271bf4) Importer(815301076,1909f56bfc062723c751e8b465ee728b)  -> (artifact id: '2af251d6a22764f05e195a64ebb86b85') in 0.024310 seconds 
========================================================================
Received Import Request.
  Time since last request: 0.000034 seconds.
  path: Assets/Audio/ME/Gameover2.ogg
  artifactKey: Guid(d223045a388bdbd4daab35a36dec10ea) Importer(815301076,1909f56bfc062723c751e8b465ee728b)
Start importing Assets/Audio/ME/Gameover2.ogg using Guid(d223045a388bdbd4daab35a36dec10ea) Importer(815301076,1909f56bfc062723c751e8b465ee728b)  -> (artifact id: '3a8048ee337b255dfdb0960c1c2c9c65') in 0.019527 seconds 
========================================================================
Received Import Request.
  Time since last request: 0.000147 seconds.
  path: Assets/Audio/SE/Earth9.ogg
  artifactKey: Guid(a0079607569a5e645820286706b1688e) Importer(815301076,1909f56bfc062723c751e8b465ee728b)
Start importing Assets/Audio/SE/Earth9.ogg using Guid(a0079607569a5e645820286706b1688e) Importer(815301076,1909f56bfc062723c751e8b465ee728b)  -> (artifact id: 'db5505bd8b0fabbb401c33d15cdca597') in 0.016211 seconds 
========================================================================
Received Import Request.
  Time since last request: 0.055223 seconds.
  path: Assets/Audio/BGS/Drips.ogg
  artifactKey: Guid(4fafe3ed1c939ef48b06909bb69845c9) Importer(815301076,1909f56bfc062723c751e8b465ee728b)
Start importing Assets/Audio/BGS/Drips.ogg using Guid(4fafe3ed1c939ef48b06909bb69845c9) Importer(815301076,1909f56bfc062723c751e8b465ee728b)  -> (artifact id: '10e3a9dc7d679a5b0b3a4165412ea561') in 0.027397 seconds 
========================================================================
Received Import Request.
  Time since last request: 0.000030 seconds.
  path: Assets/Audio/SE/Down2.ogg
  artifactKey: Guid(c74bc542cbbfaf64fb96bbcb9033882e) Importer(815301076,1909f56bfc062723c751e8b465ee728b)
Start importing Assets/Audio/SE/Down2.ogg using Guid(c74bc542cbbfaf64fb96bbcb9033882e) Importer(815301076,1909f56bfc062723c751e8b465ee728b)  -> (artifact id: 'a36e240d47e592ca042038e7424e2ea2') in 0.019734 seconds 
========================================================================
Received Import Request.
  Time since last request: 0.000068 seconds.
  path: Assets/Audio/SE/Darkness7.ogg
  artifactKey: Guid(15e697bab4c4d8344a232c29fb92d5cb) Importer(815301076,1909f56bfc062723c751e8b465ee728b)
Start importing Assets/Audio/SE/Darkness7.ogg using Guid(15e697bab4c4d8344a232c29fb92d5cb) Importer(815301076,1909f56bfc062723c751e8b465ee728b)  -> (artifact id: '6b02dc3e374a6fef339cd284d68feab3') in 0.019100 seconds 
========================================================================
Received Import Request.
  Time since last request: 0.000030 seconds.
  path: Assets/Audio/SE/Darkness6.ogg
  artifactKey: Guid(cccfd7ce7c177cd44bb6be4804deceb3) Importer(815301076,1909f56bfc062723c751e8b465ee728b)
Start importing Assets/Audio/SE/Darkness6.ogg using Guid(cccfd7ce7c177cd44bb6be4804deceb3) Importer(815301076,1909f56bfc062723c751e8b465ee728b)  -> (artifact id: 'a887408ae2d4dbde96ae5d24145ff9bc') in 0.021654 seconds 
========================================================================
Received Import Request.
  Time since last request: 0.000036 seconds.
  path: Assets/Audio/SE/Crash.ogg
  artifactKey: Guid(ddbb34f994f0eb7498003c431072c436) Importer(815301076,1909f56bfc062723c751e8b465ee728b)
Start importing Assets/Audio/SE/Crash.ogg using Guid(ddbb34f994f0eb7498003c431072c436) Importer(815301076,1909f56bfc062723c751e8b465ee728b)  -> (artifact id: '77bd85dff643aea9faa9df02a6efa7b5') in 0.019536 seconds 
========================================================================
Received Import Request.
  Time since last request: 0.000034 seconds.
  path: Assets/Audio/SE/Cry1.ogg
  artifactKey: Guid(67f722f43c596df418206214ffc71726) Importer(815301076,1909f56bfc062723c751e8b465ee728b)
Start importing Assets/Audio/SE/Cry1.ogg using Guid(67f722f43c596df418206214ffc71726) Importer(815301076,1909f56bfc062723c751e8b465ee728b)  -> (artifact id: '9c66e6f0c899333317f6fe67312e2a1e') in 0.019072 seconds 
========================================================================
Received Import Request.
  Time since last request: 0.000064 seconds.
  path: Assets/Audio/SE/Darkness4.ogg
  artifactKey: Guid(013bf461c36fc5d45ae6f7e354e4e35f) Importer(815301076,1909f56bfc062723c751e8b465ee728b)
Start importing Assets/Audio/SE/Darkness4.ogg using Guid(013bf461c36fc5d45ae6f7e354e4e35f) Importer(815301076,1909f56bfc062723c751e8b465ee728b)  -> (artifact id: '4989808a1e746742af5d17ae902f507a') in 0.017063 seconds 
========================================================================
Received Import Request.
  Time since last request: 0.000033 seconds.
  path: Assets/Audio/SE/Darkness5.ogg
  artifactKey: Guid(89272bf3efee1c045b69bc53ff9bb86b) Importer(815301076,1909f56bfc062723c751e8b465ee728b)
Start importing Assets/Audio/SE/Darkness5.ogg using Guid(89272bf3efee1c045b69bc53ff9bb86b) Importer(815301076,1909f56bfc062723c751e8b465ee728b)  -> (artifact id: '68a02d556b7457efb869d9cc46adfd77') in 0.019828 seconds 
========================================================================
Received Import Request.
  Time since last request: 0.000043 seconds.
  path: Assets/Audio/SE/Cry2.ogg
  artifactKey: Guid(7d413b64c0942bc4bb087c562464e020) Importer(815301076,1909f56bfc062723c751e8b465ee728b)
Start importing Assets/Audio/SE/Cry2.ogg using Guid(7d413b64c0942bc4bb087c562464e020) Importer(815301076,1909f56bfc062723c751e8b465ee728b)  -> (artifact id: 'fbcee2990fae8caa6a8156b6589a4205') in 0.016185 seconds 
========================================================================
Received Import Request.
  Time since last request: 0.000051 seconds.
  path: Assets/Audio/SE/Dog.ogg
  artifactKey: Guid(00325dabc527acf4ebfc967a47fdbbcf) Importer(815301076,1909f56bfc062723c751e8b465ee728b)
Start importing Assets/Audio/SE/Dog.ogg using Guid(00325dabc527acf4ebfc967a47fdbbcf) Importer(815301076,1909f56bfc062723c751e8b465ee728b)  -> (artifact id: 'bcda0c8e5143a5ddb60525b909899c1b') in 0.018534 seconds 
========================================================================
Received Import Request.
  Time since last request: 0.020757 seconds.
  path: Assets/Audio/BGS/Clock.ogg
  artifactKey: Guid(49b6f34f6c974604bbcb20e797c52ac1) Importer(815301076,1909f56bfc062723c751e8b465ee728b)
Start importing Assets/Audio/BGS/Clock.ogg using Guid(49b6f34f6c974604bbcb20e797c52ac1) Importer(815301076,1909f56bfc062723c751e8b465ee728b)  -> (artifact id: 'd340a95ad7aeb9953c6c51083f9a1931') in 0.021464 seconds 
========================================================================
Received Import Request.
  Time since last request: 0.000024 seconds.
  path: Assets/Audio/SE/Cancel2.ogg
  artifactKey: Guid(8e6b0c49e6de9f24bbf08d7baff4a58b) Importer(815301076,1909f56bfc062723c751e8b465ee728b)
Start importing Assets/Audio/SE/Cancel2.ogg using Guid(8e6b0c49e6de9f24bbf08d7baff4a58b) Importer(815301076,1909f56bfc062723c751e8b465ee728b)  -> (artifact id: 'a823a3e39d4ca2343f90121a61de6d2c') in 0.039567 seconds 
========================================================================
Received Import Request.
  Time since last request: 0.000016 seconds.
  path: Assets/Audio/SE/Chest.ogg
  artifactKey: Guid(55360d72db1d5244a8fead68bfe9bc33) Importer(815301076,1909f56bfc062723c751e8b465ee728b)
Start importing Assets/Audio/SE/Chest.ogg using Guid(55360d72db1d5244a8fead68bfe9bc33) Importer(815301076,1909f56bfc062723c751e8b465ee728b)  -> (artifact id: 'bb7e8b22b027315416de2ca07347319a') in 0.068610 seconds 
========================================================================
Received Import Request.
  Time since last request: 0.000037 seconds.
  path: Assets/Audio/SE/Cat.ogg
  artifactKey: Guid(9d4026a22ccc7de42bf984d2d8842aa9) Importer(815301076,1909f56bfc062723c751e8b465ee728b)
Start importing Assets/Audio/SE/Cat.ogg using Guid(9d4026a22ccc7de42bf984d2d8842aa9) Importer(815301076,1909f56bfc062723c751e8b465ee728b)  -> (artifact id: '62401d4a501af54806a45a8d23024163') in 0.037555 seconds 
========================================================================
Received Import Request.
  Time since last request: 0.000023 seconds.
  path: Assets/Audio/SE/Close2.ogg
  artifactKey: Guid(b16d7fbda3042ad48bd7f9d91569cb71) Importer(815301076,1909f56bfc062723c751e8b465ee728b)
Start importing Assets/Audio/SE/Close2.ogg using Guid(b16d7fbda3042ad48bd7f9d91569cb71) Importer(815301076,1909f56bfc062723c751e8b465ee728b)  -> (artifact id: '651cde51d1648978ebbda5118243f2ab') in 0.031806 seconds 
========================================================================
Received Prepare
Default GameObject BitMask: Player already registered
Registering precompiled user dll's ...
Registered in 0.018952 seconds.
Begin MonoManager ReloadAssembly
Symbol file LoadedFromMemory doesn't match image C:\Users\USER\HeroTurnCU\Library\PackageCache\com.unity.visualscripting@1.7.8\Editor\VisualScripting.Core\Dependencies\DotNetZip\Unity.VisualScripting.IonicZip.dll
Symbol file LoadedFromMemory doesn't match image C:\Users\USER\HeroTurnCU\Library\PackageCache\com.unity.visualscripting@1.7.8\Editor\VisualScripting.Core\Dependencies\YamlDotNet\Unity.VisualScripting.YamlDotNet.dll
Native extension for WindowsStandalone target not found
Refreshing native plugins compatible for Editor in 1.56 ms, found 4 plugins.
Preloading 0 native plugins for Editor in 0.00 ms.
System.Exception: Error! Visual Scripting: couldn't find visual scripting package
  at Unity.VisualScripting.PackageVersionUtility.get_version () [0x00043] in C:\Users\USER\HeroTurnCU\Library\PackageCache\com.unity.visualscripting@1.7.8\Editor\VisualScripting.Core\Utilities\PackageVersionUtility.cs:31 
  at Unity.VisualScripting.BoltCoreManifest.get_version () [0x00000] in C:\Users\USER\HeroTurnCU\Library\PackageCache\com.unity.visualscripting@1.7.8\Editor\VisualScripting.Core\Plugin\BoltCoreManifest.cs:11 
  at Unity.VisualScripting.PluginManifest.get_currentVersion () [0x00000] in C:\Users\USER\HeroTurnCU\Library\PackageCache\com.unity.visualscripting@1.7.8\Editor\VisualScripting.Core\Plugins\PluginManifest.cs:33 
  at Unity.VisualScripting.PluginManifest.get_versionMismatch () [0x00000] in C:\Users\USER\HeroTurnCU\Library\PackageCache\com.unity.visualscripting@1.7.8\Editor\VisualScripting.Core\Plugins\PluginManifest.cs:48 
  at Unity.VisualScripting.PluginContainer.Initialize () [0x00525] in C:\Users\USER\HeroTurnCU\Library\PackageCache\com.unity.visualscripting@1.7.8\Editor\VisualScripting.Core\Plugins\PluginContainer.cs:208 
  at Unity.VisualScripting.PluginContainer.InitializeOnLoad () [0x00009] in C:\Users\USER\HeroTurnCU\Library\PackageCache\com.unity.visualscripting@1.7.8\Editor\VisualScripting.Core\Plugins\PluginContainer.cs:32 
  at Unity.VisualScripting.VSUsageUtility.DoInitializeOnLoadCalls () [0x00034] in C:\Users\USER\HeroTurnCU\Library\PackageCache\com.unity.visualscripting@1.7.8\Editor\VisualScripting.Core\Utilities\VSUsageUtility.cs:76 
  at Unity.VisualScripting.VSUsageUtility.set_isVisualScriptingUsed (System.Boolean value) [0x0002c] in C:\Users\USER\HeroTurnCU\Library\PackageCache\com.unity.visualscripting@1.7.8\Editor\VisualScripting.Core\Utilities\VSUsageUtility.cs:114 
  at Unity.VisualScripting.VSUsageUtility.CheckAndSetIsVisualScriptingUsed () [0x0000d] in C:\Users\USER\HeroTurnCU\Library\PackageCache\com.unity.visualscripting@1.7.8\Editor\VisualScripting.Core\Utilities\VSUsageUtility.cs:33 
  at Unity.VisualScripting.VSUsageUtility..cctor () [0x00000] in C:\Users\USER\HeroTurnCU\Library\PackageCache\com.unity.visualscripting@1.7.8\Editor\VisualScripting.Core\Utilities\VSUsageUtility.cs:22 
UnityEngine.StackTraceUtility:ExtractStackTrace ()
UnityEngine.DebugLogHandler:LogFormat (UnityEngine.LogType,UnityEngine.Object,string,object[])
UnityEngine.Logger:Log (UnityEngine.LogType,object)
UnityEngine.Debug:LogError (object)
UnityEditor.EditorAssemblies:ProcessInitializeOnLoadAttributes (System.Type[])

Mono: successfully reloaded assembly
- Completed reload, in  1.829 seconds
Domain Reload Profiling:
	ReloadAssembly (1830ms)
		BeginReloadAssembly (250ms)
			ExecutionOrderSort (0ms)
			DisableScriptedObjects (8ms)
			BackupInstance (0ms)
			ReleaseScriptingObjects (0ms)
			CreateAndSetChildDomain (61ms)
		EndReloadAssembly (1448ms)
			LoadAssemblies (177ms)
			RebuildTransferFunctionScriptingTraits (0ms)
			SetupTypeCache (297ms)
			ReleaseScriptCaches (3ms)
			RebuildScriptCaches (63ms)
			SetupLoadedEditorAssemblies (680ms)
				LogAssemblyErrors (0ms)
				InitializePlatformSupportModulesInManaged (14ms)
				SetLoadedEditorAssemblies (0ms)
				RefreshPlugins (2ms)
				BeforeProcessingInitializeOnLoad (122ms)
				ProcessInitializeOnLoadAttributes (429ms)
				ProcessInitializeOnLoadMethodAttributes (93ms)
				AfterProcessingInitializeOnLoad (19ms)
				EditorAssembliesLoaded (0ms)
			ExecutionOrderSort2 (0ms)
			AwakeInstancesAfterBackupRestoration (15ms)
Platform modules already initialized, skipping
Refreshing native plugins compatible for Editor in 10.83 ms, found 4 plugins.
Preloading 0 native plugins for Editor in 0.00 ms.
Unloading 4735 Unused Serialized files (Serialized files now loaded: 0)
Unloading 62 unused Assets / (26.0 KB). Loaded Objects now: 5212.
Memory consumption went from 183.2 MB to 183.2 MB.
Total: 12.032200 ms (FindLiveObjects: 0.406300 ms CreateObjectMapping: 0.415900 ms MarkObjects: 11.144700 ms  DeleteObjects: 0.063300 ms)

AssetImportParameters requested are different than current active one (requested -> active):
  custom:video-decoder-ogg-theora: a1e56fd34408186e4bbccfd4996cb3dc -> 
  custom:container-muxer-webm: aa71ff27fc2769a1b78a27578f13a17b -> 
  custom:container-demuxer-webm: 4f35f7cbe854078d1ac9338744f61a02 -> 
  custom:video-encoder-webm-vp8: eb34c28f22e8b96e1ab97ce403110664 -> 
  custom:audio-encoder-webm-vorbis: bf7c407c2cedff20999df2af8eb42d56 -> 
  custom:framework-win-MediaFoundation: 216162199b28c13a410421893ffa2e32 -> 
  custom:container-demuxer-ogg: 62fdf1f143b41e24485cea50d1cbac27 -> 
  custom:video-decoder-webm-vp8: 9c59270c3fd7afecdb556c50c9e8de78 -> 
  custom:audio-decoder-ogg-vorbis: bf7c407c2cedff20999df2af8eb42d56 -> 
Editor requested this worker to shutdown with reason: Scaling down because of idle timeout
AssetImportWorker is now disconnected from the server
Process exiting
Exiting without the bug reporter. Application will terminate with return code 0