Using pre-set license
Built from '2021.3/staging' branch; Version is '2021.3.5f1 (40eb3a945986) revision 4254522'; Using compiler version '192829333'; Build Type 'Release'
OS: 'Windows 10  (10.0.19044) 64bit Professional' Language: 'ko' Physical Memory: 16311 MB
BatchMode: 1, IsHumanControllingUs: 0, StartBugReporterOnCrash: 0, Is64bit: 1, IsPro: 1

COMMAND LINE ARGUMENTS:
C:\Program Files\Unity\Hub\Editor\2021.3.5f1\Editor\Unity.exe
-adb2
-batchMode
-noUpm
-name
AssetImportWorker7
-projectPath
C:/Users/USER/HeroTurnCU
-logFile
Logs/AssetImportWorker7.log
-srvPort
10044
Successfully changed project path to: C:/Users/USER/HeroTurnCU
C:/Users/USER/HeroTurnCU
[UnityMemory] Configuration Parameters - Can be set up in boot.config
    "memorysetup-bucket-allocator-granularity=16"
    "memorysetup-bucket-allocator-bucket-count=8"
    "memorysetup-bucket-allocator-block-size=33554432"
    "memorysetup-bucket-allocator-block-count=8"
    "memorysetup-main-allocator-block-size=16777216"
    "memorysetup-thread-allocator-block-size=16777216"
    "memorysetup-gfx-main-allocator-block-size=16777216"
    "memorysetup-gfx-thread-allocator-block-size=16777216"
    "memorysetup-cache-allocator-block-size=4194304"
    "memorysetup-typetree-allocator-block-size=2097152"
    "memorysetup-profiler-bucket-allocator-granularity=16"
    "memorysetup-profiler-bucket-allocator-bucket-count=8"
    "memorysetup-profiler-bucket-allocator-block-size=33554432"
    "memorysetup-profiler-bucket-allocator-block-count=8"
    "memorysetup-profiler-allocator-block-size=16777216"
    "memorysetup-profiler-editor-allocator-block-size=1048576"
    "memorysetup-temp-allocator-size-main=16777216"
    "memorysetup-job-temp-allocator-block-size=2097152"
    "memorysetup-job-temp-allocator-block-size-background=1048576"
    "memorysetup-job-temp-allocator-reduction-small-platforms=262144"
    "memorysetup-temp-allocator-size-background-worker=32768"
    "memorysetup-temp-allocator-size-job-worker=262144"
    "memorysetup-temp-allocator-size-preload-manager=33554432"
    "memorysetup-temp-allocator-size-nav-mesh-worker=65536"
    "memorysetup-temp-allocator-size-audio-worker=65536"
    "memorysetup-temp-allocator-size-cloud-worker=32768"
    "memorysetup-temp-allocator-size-gi-baking-worker=262144"
    "memorysetup-temp-allocator-size-gfx=262144"
Default GameObject BitMask: Player already registered
Refreshing native plugins compatible for Editor in 201.30 ms, found 4 plugins.
Preloading 0 native plugins for Editor in 0.00 ms.
Initialize engine version: 2021.3.5f1 (40eb3a945986)
[Subsystems] Discovering subsystems at path C:/Program Files/Unity/Hub/Editor/2021.3.5f1/Editor/Data/Resources/UnitySubsystems
[Subsystems] Discovering subsystems at path C:/Users/USER/HeroTurnCU/Assets
GfxDevice: creating device client; threaded=0; jobified=0
Direct3D:
    Version:  Direct3D 11.0 [level 11.1]
    Renderer: NVIDIA GeForce RTX 3060 (ID=0x2487)
    Vendor:   NVIDIA
    VRAM:     12124 MB
    Driver:   31.0.15.2756
Initialize mono
Mono path[0] = 'C:/Program Files/Unity/Hub/Editor/2021.3.5f1/Editor/Data/Managed'
Mono path[1] = 'C:/Program Files/Unity/Hub/Editor/2021.3.5f1/Editor/Data/MonoBleedingEdge/lib/mono/unityjit-win32'
Mono config path = 'C:/Program Files/Unity/Hub/Editor/2021.3.5f1/Editor/Data/MonoBleedingEdge/etc'
Using monoOptions --debugger-agent=transport=dt_socket,embedding=1,server=y,suspend=n,address=127.0.0.1:56472
Begin MonoManager ReloadAssembly
Registering precompiled unity dll's ...
Register platform support module: C:/Program Files/Unity/Hub/Editor/2021.3.5f1/Editor/Data/PlaybackEngines/WindowsStandaloneSupport/UnityEditor.WindowsStandalone.Extensions.dll
Registered in 0.013503 seconds.
Native extension for WindowsStandalone target not found
Refreshing native plugins compatible for Editor in 118.42 ms, found 4 plugins.
Preloading 0 native plugins for Editor in 0.00 ms.
Mono: successfully reloaded assembly
- Completed reload, in  0.667 seconds
Domain Reload Profiling:
	ReloadAssembly (667ms)
		BeginReloadAssembly (90ms)
			ExecutionOrderSort (0ms)
			DisableScriptedObjects (0ms)
			BackupInstance (0ms)
			ReleaseScriptingObjects (0ms)
			CreateAndSetChildDomain (1ms)
		EndReloadAssembly (461ms)
			LoadAssemblies (86ms)
			RebuildTransferFunctionScriptingTraits (0ms)
			SetupTypeCache (98ms)
			ReleaseScriptCaches (0ms)
			RebuildScriptCaches (24ms)
			SetupLoadedEditorAssemblies (283ms)
				LogAssemblyErrors (0ms)
				InitializePlatformSupportModulesInManaged (9ms)
				SetLoadedEditorAssemblies (0ms)
				RefreshPlugins (118ms)
				BeforeProcessingInitializeOnLoad (1ms)
				ProcessInitializeOnLoadAttributes (111ms)
				ProcessInitializeOnLoadMethodAttributes (44ms)
				AfterProcessingInitializeOnLoad (0ms)
				EditorAssembliesLoaded (0ms)
			ExecutionOrderSort2 (0ms)
			AwakeInstancesAfterBackupRestoration (0ms)
Platform modules already initialized, skipping
Registering precompiled user dll's ...
Registered in 0.016888 seconds.
Begin MonoManager ReloadAssembly
Symbol file LoadedFromMemory doesn't match image C:\Users\USER\HeroTurnCU\Library\PackageCache\com.unity.visualscripting@1.7.8\Editor\VisualScripting.Core\Dependencies\DotNetZip\Unity.VisualScripting.IonicZip.dll
Symbol file LoadedFromMemory doesn't match image C:\Users\USER\HeroTurnCU\Library\PackageCache\com.unity.visualscripting@1.7.8\Editor\VisualScripting.Core\Dependencies\YamlDotNet\Unity.VisualScripting.YamlDotNet.dll
Native extension for WindowsStandalone target not found
Refreshing native plugins compatible for Editor in 121.80 ms, found 4 plugins.
Preloading 0 native plugins for Editor in 0.00 ms.
System.Exception: Error! Visual Scripting: couldn't find visual scripting package
  at Unity.VisualScripting.PackageVersionUtility.get_version () [0x00043] in C:\Users\USER\HeroTurnCU\Library\PackageCache\com.unity.visualscripting@1.7.8\Editor\VisualScripting.Core\Utilities\PackageVersionUtility.cs:31 
  at Unity.VisualScripting.BoltCoreManifest.get_version () [0x00000] in C:\Users\USER\HeroTurnCU\Library\PackageCache\com.unity.visualscripting@1.7.8\Editor\VisualScripting.Core\Plugin\BoltCoreManifest.cs:11 
  at Unity.VisualScripting.PluginManifest.get_currentVersion () [0x00000] in C:\Users\USER\HeroTurnCU\Library\PackageCache\com.unity.visualscripting@1.7.8\Editor\VisualScripting.Core\Plugins\PluginManifest.cs:33 
  at Unity.VisualScripting.PluginManifest.get_versionMismatch () [0x00000] in C:\Users\USER\HeroTurnCU\Library\PackageCache\com.unity.visualscripting@1.7.8\Editor\VisualScripting.Core\Plugins\PluginManifest.cs:48 
  at Unity.VisualScripting.PluginContainer.Initialize () [0x00525] in C:\Users\USER\HeroTurnCU\Library\PackageCache\com.unity.visualscripting@1.7.8\Editor\VisualScripting.Core\Plugins\PluginContainer.cs:208 
  at Unity.VisualScripting.PluginContainer.InitializeOnLoad () [0x00009] in C:\Users\USER\HeroTurnCU\Library\PackageCache\com.unity.visualscripting@1.7.8\Editor\VisualScripting.Core\Plugins\PluginContainer.cs:32 
  at Unity.VisualScripting.VSUsageUtility.DoInitializeOnLoadCalls () [0x00034] in C:\Users\USER\HeroTurnCU\Library\PackageCache\com.unity.visualscripting@1.7.8\Editor\VisualScripting.Core\Utilities\VSUsageUtility.cs:76 
  at Unity.VisualScripting.VSUsageUtility.set_isVisualScriptingUsed (System.Boolean value) [0x0002c] in C:\Users\USER\HeroTurnCU\Library\PackageCache\com.unity.visualscripting@1.7.8\Editor\VisualScripting.Core\Utilities\VSUsageUtility.cs:114 
  at Unity.VisualScripting.VSUsageUtility.CheckAndSetIsVisualScriptingUsed () [0x00032] in C:\Users\USER\HeroTurnCU\Library\PackageCache\com.unity.visualscripting@1.7.8\Editor\VisualScripting.Core\Utilities\VSUsageUtility.cs:48 
  at Unity.VisualScripting.VSUsageUtility..cctor () [0x00000] in C:\Users\USER\HeroTurnCU\Library\PackageCache\com.unity.visualscripting@1.7.8\Editor\VisualScripting.Core\Utilities\VSUsageUtility.cs:22 
UnityEngine.StackTraceUtility:ExtractStackTrace ()
UnityEngine.DebugLogHandler:LogFormat (UnityEngine.LogType,UnityEngine.Object,string,object[])
UnityEngine.Logger:Log (UnityEngine.LogType,object)
UnityEngine.Debug:LogError (object)
UnityEditor.EditorAssemblies:ProcessInitializeOnLoadAttributes (System.Type[])

Package Manager log level set to [2]
Mono: successfully reloaded assembly
- Completed reload, in  1.712 seconds
Domain Reload Profiling:
	ReloadAssembly (1713ms)
		BeginReloadAssembly (127ms)
			ExecutionOrderSort (0ms)
			DisableScriptedObjects (5ms)
			BackupInstance (0ms)
			ReleaseScriptingObjects (0ms)
			CreateAndSetChildDomain (18ms)
		EndReloadAssembly (1436ms)
			LoadAssemblies (160ms)
			RebuildTransferFunctionScriptingTraits (0ms)
			SetupTypeCache (235ms)
			ReleaseScriptCaches (1ms)
			RebuildScriptCaches (56ms)
			SetupLoadedEditorAssemblies (948ms)
				LogAssemblyErrors (0ms)
				InitializePlatformSupportModulesInManaged (7ms)
				SetLoadedEditorAssemblies (0ms)
				RefreshPlugins (122ms)
				BeforeProcessingInitializeOnLoad (126ms)
				ProcessInitializeOnLoadAttributes (567ms)
				ProcessInitializeOnLoadMethodAttributes (109ms)
				AfterProcessingInitializeOnLoad (16ms)
				EditorAssembliesLoaded (0ms)
			ExecutionOrderSort2 (0ms)
			AwakeInstancesAfterBackupRestoration (8ms)
Platform modules already initialized, skipping
========================================================================
Worker process is ready to serve import requests
Default GameObject BitMask: Player already registered
Launched and connected shader compiler UnityShaderCompiler.exe after 0.04 seconds
Refreshing native plugins compatible for Editor in 1.23 ms, found 4 plugins.
Preloading 0 native plugins for Editor in 0.00 ms.
Unloading 4758 Unused Serialized files (Serialized files now loaded: 0)
Unloading 75 unused Assets / (56.6 KB). Loaded Objects now: 5187.
Memory consumption went from 180.9 MB to 180.9 MB.
Total: 12.368400 ms (FindLiveObjects: 0.589400 ms CreateObjectMapping: 0.377400 ms MarkObjects: 11.266900 ms  DeleteObjects: 0.133500 ms)

AssetImportParameters requested are different than current active one (requested -> active):
  custom:video-decoder-ogg-theora: a1e56fd34408186e4bbccfd4996cb3dc -> 
  custom:container-muxer-webm: aa71ff27fc2769a1b78a27578f13a17b -> 
  custom:container-demuxer-webm: 4f35f7cbe854078d1ac9338744f61a02 -> 
  custom:video-encoder-webm-vp8: eb34c28f22e8b96e1ab97ce403110664 -> 
  custom:audio-encoder-webm-vorbis: bf7c407c2cedff20999df2af8eb42d56 -> 
  custom:framework-win-MediaFoundation: 216162199b28c13a410421893ffa2e32 -> 
  custom:container-demuxer-ogg: 62fdf1f143b41e24485cea50d1cbac27 -> 
  custom:video-decoder-webm-vp8: 9c59270c3fd7afecdb556c50c9e8de78 -> 
  custom:audio-decoder-ogg-vorbis: bf7c407c2cedff20999df2af8eb42d56 -> 
========================================================================
Received Prepare
Default GameObject BitMask: Player already registered
Registering precompiled user dll's ...
Registered in 0.019679 seconds.
Begin MonoManager ReloadAssembly
Symbol file LoadedFromMemory doesn't match image C:\Users\USER\HeroTurnCU\Library\PackageCache\com.unity.visualscripting@1.7.8\Editor\VisualScripting.Core\Dependencies\DotNetZip\Unity.VisualScripting.IonicZip.dll
Symbol file LoadedFromMemory doesn't match image C:\Users\USER\HeroTurnCU\Library\PackageCache\com.unity.visualscripting@1.7.8\Editor\VisualScripting.Core\Dependencies\YamlDotNet\Unity.VisualScripting.YamlDotNet.dll
Native extension for WindowsStandalone target not found
Refreshing native plugins compatible for Editor in 1.73 ms, found 4 plugins.
Preloading 0 native plugins for Editor in 0.00 ms.
System.Exception: Error! Visual Scripting: couldn't find visual scripting package
  at Unity.VisualScripting.PackageVersionUtility.get_version () [0x00043] in C:\Users\USER\HeroTurnCU\Library\PackageCache\com.unity.visualscripting@1.7.8\Editor\VisualScripting.Core\Utilities\PackageVersionUtility.cs:31 
  at Unity.VisualScripting.BoltCoreManifest.get_version () [0x00000] in C:\Users\USER\HeroTurnCU\Library\PackageCache\com.unity.visualscripting@1.7.8\Editor\VisualScripting.Core\Plugin\BoltCoreManifest.cs:11 
  at Unity.VisualScripting.PluginManifest.get_currentVersion () [0x00000] in C:\Users\USER\HeroTurnCU\Library\PackageCache\com.unity.visualscripting@1.7.8\Editor\VisualScripting.Core\Plugins\PluginManifest.cs:33 
  at Unity.VisualScripting.PluginManifest.get_versionMismatch () [0x00000] in C:\Users\USER\HeroTurnCU\Library\PackageCache\com.unity.visualscripting@1.7.8\Editor\VisualScripting.Core\Plugins\PluginManifest.cs:48 
  at Unity.VisualScripting.PluginContainer.Initialize () [0x00525] in C:\Users\USER\HeroTurnCU\Library\PackageCache\com.unity.visualscripting@1.7.8\Editor\VisualScripting.Core\Plugins\PluginContainer.cs:208 
  at Unity.VisualScripting.PluginContainer.InitializeOnLoad () [0x00009] in C:\Users\USER\HeroTurnCU\Library\PackageCache\com.unity.visualscripting@1.7.8\Editor\VisualScripting.Core\Plugins\PluginContainer.cs:32 
  at Unity.VisualScripting.VSUsageUtility.DoInitializeOnLoadCalls () [0x00034] in C:\Users\USER\HeroTurnCU\Library\PackageCache\com.unity.visualscripting@1.7.8\Editor\VisualScripting.Core\Utilities\VSUsageUtility.cs:76 
  at Unity.VisualScripting.VSUsageUtility.set_isVisualScriptingUsed (System.Boolean value) [0x0002c] in C:\Users\USER\HeroTurnCU\Library\PackageCache\com.unity.visualscripting@1.7.8\Editor\VisualScripting.Core\Utilities\VSUsageUtility.cs:114 
  at Unity.VisualScripting.VSUsageUtility.CheckAndSetIsVisualScriptingUsed () [0x0000d] in C:\Users\USER\HeroTurnCU\Library\PackageCache\com.unity.visualscripting@1.7.8\Editor\VisualScripting.Core\Utilities\VSUsageUtility.cs:33 
  at Unity.VisualScripting.VSUsageUtility..cctor () [0x00000] in C:\Users\USER\HeroTurnCU\Library\PackageCache\com.unity.visualscripting@1.7.8\Editor\VisualScripting.Core\Utilities\VSUsageUtility.cs:22 
UnityEngine.StackTraceUtility:ExtractStackTrace ()
UnityEngine.DebugLogHandler:LogFormat (UnityEngine.LogType,UnityEngine.Object,string,object[])
UnityEngine.Logger:Log (UnityEngine.LogType,object)
UnityEngine.Debug:LogError (object)
UnityEditor.EditorAssemblies:ProcessInitializeOnLoadAttributes (System.Type[])

Mono: successfully reloaded assembly
- Completed reload, in  1.728 seconds
Domain Reload Profiling:
	ReloadAssembly (1729ms)
		BeginReloadAssembly (207ms)
			ExecutionOrderSort (0ms)
			DisableScriptedObjects (7ms)
			BackupInstance (0ms)
			ReleaseScriptingObjects (0ms)
			CreateAndSetChildDomain (55ms)
		EndReloadAssembly (1394ms)
			LoadAssemblies (171ms)
			RebuildTransferFunctionScriptingTraits (1ms)
			SetupTypeCache (262ms)
			ReleaseScriptCaches (2ms)
			RebuildScriptCaches (48ms)
			SetupLoadedEditorAssemblies (694ms)
				LogAssemblyErrors (0ms)
				InitializePlatformSupportModulesInManaged (15ms)
				SetLoadedEditorAssemblies (0ms)
				RefreshPlugins (2ms)
				BeforeProcessingInitializeOnLoad (111ms)
				ProcessInitializeOnLoadAttributes (424ms)
				ProcessInitializeOnLoadMethodAttributes (121ms)
				AfterProcessingInitializeOnLoad (19ms)
				EditorAssembliesLoaded (0ms)
			ExecutionOrderSort2 (0ms)
			AwakeInstancesAfterBackupRestoration (12ms)
Platform modules already initialized, skipping
Refreshing native plugins compatible for Editor in 11.96 ms, found 4 plugins.
Preloading 0 native plugins for Editor in 0.00 ms.
Unloading 4734 Unused Serialized files (Serialized files now loaded: 0)
Unloading 62 unused Assets / (25.8 KB). Loaded Objects now: 5191.
Memory consumption went from 179.0 MB to 179.0 MB.
Total: 14.511700 ms (FindLiveObjects: 0.502000 ms CreateObjectMapping: 0.371100 ms MarkObjects: 13.570100 ms  DeleteObjects: 0.067100 ms)

AssetImportParameters requested are different than current active one (requested -> active):
  custom:video-decoder-ogg-theora: a1e56fd34408186e4bbccfd4996cb3dc -> 
  custom:container-muxer-webm: aa71ff27fc2769a1b78a27578f13a17b -> 
  custom:container-demuxer-webm: 4f35f7cbe854078d1ac9338744f61a02 -> 
  custom:video-encoder-webm-vp8: eb34c28f22e8b96e1ab97ce403110664 -> 
  custom:audio-encoder-webm-vorbis: bf7c407c2cedff20999df2af8eb42d56 -> 
  custom:framework-win-MediaFoundation: 216162199b28c13a410421893ffa2e32 -> 
  custom:container-demuxer-ogg: 62fdf1f143b41e24485cea50d1cbac27 -> 
  custom:video-decoder-webm-vp8: 9c59270c3fd7afecdb556c50c9e8de78 -> 
  custom:audio-decoder-ogg-vorbis: bf7c407c2cedff20999df2af8eb42d56 -> 
========================================================================
Received Prepare
Default GameObject BitMask: Player already registered
Registering precompiled user dll's ...
Registered in 0.017122 seconds.
Begin MonoManager ReloadAssembly
Symbol file LoadedFromMemory doesn't match image C:\Users\USER\HeroTurnCU\Library\PackageCache\com.unity.visualscripting@1.7.8\Editor\VisualScripting.Core\Dependencies\DotNetZip\Unity.VisualScripting.IonicZip.dll
Symbol file LoadedFromMemory doesn't match image C:\Users\USER\HeroTurnCU\Library\PackageCache\com.unity.visualscripting@1.7.8\Editor\VisualScripting.Core\Dependencies\YamlDotNet\Unity.VisualScripting.YamlDotNet.dll
Native extension for WindowsStandalone target not found
Refreshing native plugins compatible for Editor in 1.24 ms, found 4 plugins.
Preloading 0 native plugins for Editor in 0.00 ms.
Exception: Error! Visual Scripting: couldn't find visual scripting package
  at Unity.VisualScripting.PackageVersionUtility.get_version () [0x00043] in C:\Users\USER\HeroTurnCU\Library\PackageCache\com.unity.visualscripting@1.7.8\Editor\VisualScripting.Core\Utilities\PackageVersionUtility.cs:31 
  at Unity.VisualScripting.BoltCoreManifest.get_version () [0x00000] in C:\Users\USER\HeroTurnCU\Library\PackageCache\com.unity.visualscripting@1.7.8\Editor\VisualScripting.Core\Plugin\BoltCoreManifest.cs:11 
  at Unity.VisualScripting.PluginConfiguration.Initialize () [0x000ab] in C:\Users\USER\HeroTurnCU\Library\PackageCache\com.unity.visualscripting@1.7.8\Editor\VisualScripting.Core\Plugins\PluginConfiguration.cs:57 
  at Unity.VisualScripting.PluginContainer.Initialize () [0x004a3] in C:\Users\USER\HeroTurnCU\Library\PackageCache\com.unity.visualscripting@1.7.8\Editor\VisualScripting.Core\Plugins\PluginContainer.cs:199 
Rethrow as Exception: Failed to initialize plugin module 'VisualScripting.Core.BoltCoreConfiguration'.

UnityEngine.DebugLogHandler:Internal_LogException(Exception, Object)
UnityEngine.DebugLogHandler:LogException(Exception, Object)
UnityEngine.Logger:LogException(Exception, Object)
UnityEngine.Debug:LogException(Exception)
Unity.VisualScripting.PluginContainer:Initialize() (at Library\PackageCache\com.unity.visualscripting@1.7.8\Editor\VisualScripting.Core\Plugins\PluginContainer.cs:204)
Unity.VisualScripting.PluginContainer:InitializeOnLoad() (at Library\PackageCache\com.unity.visualscripting@1.7.8\Editor\VisualScripting.Core\Plugins\PluginContainer.cs:32)
Unity.VisualScripting.VSUsageUtility:DoInitializeOnLoadCalls() (at Library\PackageCache\com.unity.visualscripting@1.7.8\Editor\VisualScripting.Core\Utilities\VSUsageUtility.cs:76)
Unity.VisualScripting.VSUsageUtility:set_isVisualScriptingUsed(Boolean) (at Library\PackageCache\com.unity.visualscripting@1.7.8\Editor\VisualScripting.Core\Utilities\VSUsageUtility.cs:114)
Unity.VisualScripting.VSUsageUtility:CheckAndSetIsVisualScriptingUsed() (at Library\PackageCache\com.unity.visualscripting@1.7.8\Editor\VisualScripting.Core\Utilities\VSUsageUtility.cs:33)
Unity.VisualScripting.VSUsageUtility:.cctor() (at Library\PackageCache\com.unity.visualscripting@1.7.8\Editor\VisualScripting.Core\Utilities\VSUsageUtility.cs:22)
System.Runtime.CompilerServices.RuntimeHelpers:RunClassConstructor(IntPtr)
System.Runtime.CompilerServices.RuntimeHelpers:RunClassConstructor(RuntimeTypeHandle)
UnityEditor.EditorAssemblies:ProcessInitializeOnLoadAttributes(Type[])

(Filename: Library/PackageCache/com.unity.visualscripting@1.7.8/Editor/VisualScripting.Core/Plugins/PluginContainer.cs Line: 204)

System.Exception: Error! Visual Scripting: couldn't find visual scripting package
  at Unity.VisualScripting.PackageVersionUtility.get_version () [0x00043] in C:\Users\USER\HeroTurnCU\Library\PackageCache\com.unity.visualscripting@1.7.8\Editor\VisualScripting.Core\Utilities\PackageVersionUtility.cs:31 
  at Unity.VisualScripting.BoltCoreManifest.get_version () [0x00000] in C:\Users\USER\HeroTurnCU\Library\PackageCache\com.unity.visualscripting@1.7.8\Editor\VisualScripting.Core\Plugin\BoltCoreManifest.cs:11 
  at Unity.VisualScripting.PluginManifest.get_currentVersion () [0x00000] in C:\Users\USER\HeroTurnCU\Library\PackageCache\com.unity.visualscripting@1.7.8\Editor\VisualScripting.Core\Plugins\PluginManifest.cs:33 
  at Unity.VisualScripting.PluginManifest.get_versionMismatch () [0x00000] in C:\Users\USER\HeroTurnCU\Library\PackageCache\com.unity.visualscripting@1.7.8\Editor\VisualScripting.Core\Plugins\PluginManifest.cs:48 
  at Unity.VisualScripting.PluginContainer.Initialize () [0x00525] in C:\Users\USER\HeroTurnCU\Library\PackageCache\com.unity.visualscripting@1.7.8\Editor\VisualScripting.Core\Plugins\PluginContainer.cs:208 
  at Unity.VisualScripting.PluginContainer.InitializeOnLoad () [0x00009] in C:\Users\USER\HeroTurnCU\Library\PackageCache\com.unity.visualscripting@1.7.8\Editor\VisualScripting.Core\Plugins\PluginContainer.cs:32 
  at Unity.VisualScripting.VSUsageUtility.DoInitializeOnLoadCalls () [0x00034] in C:\Users\USER\HeroTurnCU\Library\PackageCache\com.unity.visualscripting@1.7.8\Editor\VisualScripting.Core\Utilities\VSUsageUtility.cs:76 
  at Unity.VisualScripting.VSUsageUtility.set_isVisualScriptingUsed (System.Boolean value) [0x0002c] in C:\Users\USER\HeroTurnCU\Library\PackageCache\com.unity.visualscripting@1.7.8\Editor\VisualScripting.Core\Utilities\VSUsageUtility.cs:114 
  at Unity.VisualScripting.VSUsageUtility.CheckAndSetIsVisualScriptingUsed () [0x0000d] in C:\Users\USER\HeroTurnCU\Library\PackageCache\com.unity.visualscripting@1.7.8\Editor\VisualScripting.Core\Utilities\VSUsageUtility.cs:33 
  at Unity.VisualScripting.VSUsageUtility..cctor () [0x00000] in C:\Users\USER\HeroTurnCU\Library\PackageCache\com.unity.visualscripting@1.7.8\Editor\VisualScripting.Core\Utilities\VSUsageUtility.cs:22 
UnityEngine.StackTraceUtility:ExtractStackTrace ()
UnityEngine.DebugLogHandler:LogFormat (UnityEngine.LogType,UnityEngine.Object,string,object[])
UnityEngine.Logger:Log (UnityEngine.LogType,object)
UnityEngine.Debug:LogError (object)
UnityEditor.EditorAssemblies:ProcessInitializeOnLoadAttributes (System.Type[])

Mono: successfully reloaded assembly
- Completed reload, in  1.594 seconds
Domain Reload Profiling:
	ReloadAssembly (1595ms)
		BeginReloadAssembly (214ms)
			ExecutionOrderSort (0ms)
			DisableScriptedObjects (9ms)
			BackupInstance (0ms)
			ReleaseScriptingObjects (0ms)
			CreateAndSetChildDomain (51ms)
		EndReloadAssembly (1269ms)
			LoadAssemblies (143ms)
			RebuildTransferFunctionScriptingTraits (0ms)
			SetupTypeCache (226ms)
			ReleaseScriptCaches (1ms)
			RebuildScriptCaches (42ms)
			SetupLoadedEditorAssemblies (654ms)
				LogAssemblyErrors (0ms)
				InitializePlatformSupportModulesInManaged (14ms)
				SetLoadedEditorAssemblies (0ms)
				RefreshPlugins (1ms)
				BeforeProcessingInitializeOnLoad (109ms)
				ProcessInitializeOnLoadAttributes (414ms)
				ProcessInitializeOnLoadMethodAttributes (99ms)
				AfterProcessingInitializeOnLoad (16ms)
				EditorAssembliesLoaded (0ms)
			ExecutionOrderSort2 (0ms)
			AwakeInstancesAfterBackupRestoration (11ms)
Platform modules already initialized, skipping
Refreshing native plugins compatible for Editor in 10.90 ms, found 4 plugins.
Preloading 0 native plugins for Editor in 0.00 ms.
Unloading 4734 Unused Serialized files (Serialized files now loaded: 0)
Unloading 62 unused Assets / (25.8 KB). Loaded Objects now: 5195.
Memory consumption went from 179.1 MB to 179.0 MB.
Total: 9.727800 ms (FindLiveObjects: 0.403100 ms CreateObjectMapping: 0.328800 ms MarkObjects: 8.962700 ms  DeleteObjects: 0.031700 ms)

AssetImportParameters requested are different than current active one (requested -> active):
  custom:video-decoder-ogg-theora: a1e56fd34408186e4bbccfd4996cb3dc -> 
  custom:container-muxer-webm: aa71ff27fc2769a1b78a27578f13a17b -> 
  custom:container-demuxer-webm: 4f35f7cbe854078d1ac9338744f61a02 -> 
  custom:video-encoder-webm-vp8: eb34c28f22e8b96e1ab97ce403110664 -> 
  custom:audio-encoder-webm-vorbis: bf7c407c2cedff20999df2af8eb42d56 -> 
  custom:framework-win-MediaFoundation: 216162199b28c13a410421893ffa2e32 -> 
  custom:container-demuxer-ogg: 62fdf1f143b41e24485cea50d1cbac27 -> 
  custom:video-decoder-webm-vp8: 9c59270c3fd7afecdb556c50c9e8de78 -> 
  custom:audio-decoder-ogg-vorbis: bf7c407c2cedff20999df2af8eb42d56 -> 
========================================================================
Received Import Request.
  Time since last request: 9665.352116 seconds.
  path: Assets/Audio/SE/Absorb2.ogg
  artifactKey: Guid(2abe750577aa9214283aeadc4a8d2ea9) Importer(815301076,1909f56bfc062723c751e8b465ee728b)
Start importing Assets/Audio/SE/Absorb2.ogg using Guid(2abe750577aa9214283aeadc4a8d2ea9) Importer(815301076,1909f56bfc062723c751e8b465ee728b)  -> (artifact id: 'ae205b8659fc398d180fba78ff5e9eb4') in 0.128613 seconds 
========================================================================
Received Import Request.
  Time since last request: 0.000049 seconds.
  path: Assets/Audio/SE/Blow8.ogg
  artifactKey: Guid(c83dedfb9ee15144fbf65012acf54177) Importer(815301076,1909f56bfc062723c751e8b465ee728b)
Start importing Assets/Audio/SE/Blow8.ogg using Guid(c83dedfb9ee15144fbf65012acf54177) Importer(815301076,1909f56bfc062723c751e8b465ee728b)  -> (artifact id: '3506af52dd023a0999166c4d0a2b6463') in 0.020214 seconds 
========================================================================
Received Import Request.
  Time since last request: 0.000037 seconds.
  path: Assets/Audio/SE/Barrier.ogg
  artifactKey: Guid(d89bfe676dcaad349800690a4133fe78) Importer(815301076,1909f56bfc062723c751e8b465ee728b)
Start importing Assets/Audio/SE/Barrier.ogg using Guid(d89bfe676dcaad349800690a4133fe78) Importer(815301076,1909f56bfc062723c751e8b465ee728b)  -> (artifact id: 'ca9ae5f8c0c12137259166922642296f') in 0.020248 seconds 
========================================================================
Received Import Request.
  Time since last request: 0.000027 seconds.
  path: Assets/Audio/SE/Applause1.ogg
  artifactKey: Guid(65c880ba43521514fad71195a2917db7) Importer(815301076,1909f56bfc062723c751e8b465ee728b)
Start importing Assets/Audio/SE/Applause1.ogg using Guid(65c880ba43521514fad71195a2917db7) Importer(815301076,1909f56bfc062723c751e8b465ee728b)  -> (artifact id: '54ad195271a1b84ea5a7f608b5182931') in 0.022156 seconds 
========================================================================
Received Import Request.
  Time since last request: 0.000018 seconds.
  path: Assets/Audio/SE/Bite.ogg
  artifactKey: Guid(f74e6b5e678bd0d49a819723ef1e30f7) Importer(815301076,1909f56bfc062723c751e8b465ee728b)
Start importing Assets/Audio/SE/Bite.ogg using Guid(f74e6b5e678bd0d49a819723ef1e30f7) Importer(815301076,1909f56bfc062723c751e8b465ee728b)  -> (artifact id: 'be2fb6938394ac31739b6f34f3e66464') in 0.021922 seconds 
========================================================================
Received Import Request.
  Time since last request: 0.000038 seconds.
  path: Assets/Audio/SE/Battle1.ogg
  artifactKey: Guid(677c61822cb8fd94bb59e132b4d9edc6) Importer(815301076,1909f56bfc062723c751e8b465ee728b)
Start importing Assets/Audio/SE/Battle1.ogg using Guid(677c61822cb8fd94bb59e132b4d9edc6) Importer(815301076,1909f56bfc062723c751e8b465ee728b)  -> (artifact id: '57ab506a56be5fe0088051717b4780fa') in 0.016275 seconds 
========================================================================
Received Import Request.
  Time since last request: 0.000035 seconds.
  path: Assets/Audio/SE/Attack1.ogg
  artifactKey: Guid(aabd7abc63fd89a4dbc3c74ffe2c6b45) Importer(815301076,1909f56bfc062723c751e8b465ee728b)
Start importing Assets/Audio/SE/Attack1.ogg using Guid(aabd7abc63fd89a4dbc3c74ffe2c6b45) Importer(815301076,1909f56bfc062723c751e8b465ee728b)  -> (artifact id: '416a0a93b6d4b4f738f0ac00adda1f18') in 0.016943 seconds 
========================================================================
Received Import Request.
  Time since last request: 0.000034 seconds.
  path: Assets/Audio/SE/Bow3.ogg
  artifactKey: Guid(b453f73050ad32148b0d5c762765e759) Importer(815301076,1909f56bfc062723c751e8b465ee728b)
Start importing Assets/Audio/SE/Bow3.ogg using Guid(b453f73050ad32148b0d5c762765e759) Importer(815301076,1909f56bfc062723c751e8b465ee728b)  -> (artifact id: 'b1c111c7731074868baf330907ae2f7f') in 0.021331 seconds 
========================================================================
Received Import Request.
  Time since last request: 0.000040 seconds.
  path: Assets/Audio/SE/Blow1.ogg
  artifactKey: Guid(c29faa67cc7f02845b3beebbada5d2d4) Importer(815301076,1909f56bfc062723c751e8b465ee728b)
Start importing Assets/Audio/SE/Blow1.ogg using Guid(c29faa67cc7f02845b3beebbada5d2d4) Importer(815301076,1909f56bfc062723c751e8b465ee728b)  -> (artifact id: '030b05d984117d823e892700f17e2c3e') in 0.022325 seconds 
========================================================================
Received Import Request.
  Time since last request: 0.000026 seconds.
  path: Assets/Audio/SE/Blind.ogg
  artifactKey: Guid(b242a0f5c35fcde42a318009a458d124) Importer(815301076,1909f56bfc062723c751e8b465ee728b)
Start importing Assets/Audio/SE/Blind.ogg using Guid(b242a0f5c35fcde42a318009a458d124) Importer(815301076,1909f56bfc062723c751e8b465ee728b)  -> (artifact id: '75898b963a8768ced77446d1b4009f9f') in 0.021840 seconds 
========================================================================
Received Import Request.
  Time since last request: 0.000037 seconds.
  path: Assets/Audio/SE/Bell1.ogg
  artifactKey: Guid(f6e48bb6f75e60b4d80d1a4f98ac5d65) Importer(815301076,1909f56bfc062723c751e8b465ee728b)
Start importing Assets/Audio/SE/Bell1.ogg using Guid(f6e48bb6f75e60b4d80d1a4f98ac5d65) Importer(815301076,1909f56bfc062723c751e8b465ee728b)  -> (artifact id: '05e98c5be4f8c625138b0e9ae276fe71') in 0.016839 seconds 
========================================================================
Received Import Request.
  Time since last request: 0.000027 seconds.
  path: Assets/Audio/SE/Blow6.ogg
  artifactKey: Guid(db8e8a31a2666924d8a349ca340d4330) Importer(815301076,1909f56bfc062723c751e8b465ee728b)
Start importing Assets/Audio/SE/Blow6.ogg using Guid(db8e8a31a2666924d8a349ca340d4330) Importer(815301076,1909f56bfc062723c751e8b465ee728b)  -> (artifact id: '887dc8bc0d137ae4865d546ffb317aa6') in 0.014193 seconds 
========================================================================
Received Import Request.
  Time since last request: 0.000031 seconds.
  path: Assets/Audio/SE/Blow3.ogg
  artifactKey: Guid(6b72c232eb7aa274883b93b16a448487) Importer(815301076,1909f56bfc062723c751e8b465ee728b)
Start importing Assets/Audio/SE/Blow3.ogg using Guid(6b72c232eb7aa274883b93b16a448487) Importer(815301076,1909f56bfc062723c751e8b465ee728b)  -> (artifact id: 'f814fe3bfa6db3c34be030e1b30f0581') in 0.015862 seconds 
========================================================================
Received Import Request.
  Time since last request: 0.000023 seconds.
  path: Assets/Audio/SE/Bow2.ogg
  artifactKey: Guid(8af5663af9934f34c8526db75c12e829) Importer(815301076,1909f56bfc062723c751e8b465ee728b)
Start importing Assets/Audio/SE/Bow2.ogg using Guid(8af5663af9934f34c8526db75c12e829) Importer(815301076,1909f56bfc062723c751e8b465ee728b)  -> (artifact id: 'b51c16c35b544f65de9c18831c84af26') in 0.012548 seconds 
========================================================================
Received Import Request.
  Time since last request: 0.000021 seconds.
  path: Assets/Audio/SE/Attack3.ogg
  artifactKey: Guid(6f422c0cb2121604fb0b9019b8c76bd5) Importer(815301076,1909f56bfc062723c751e8b465ee728b)
Start importing Assets/Audio/SE/Attack3.ogg using Guid(6f422c0cb2121604fb0b9019b8c76bd5) Importer(815301076,1909f56bfc062723c751e8b465ee728b)  -> (artifact id: 'aae772eb4fee9d0e83d230285ec46533') in 0.011575 seconds 
========================================================================
Received Import Request.
  Time since last request: 0.128249 seconds.
  path: Assets/Game/Items/Pickup.prefab
  artifactKey: Guid(b1be4b28741d20849b7657f338ae0aa8) Importer(815301076,1909f56bfc062723c751e8b465ee728b)
Start importing Assets/Game/Items/Pickup.prefab using Guid(b1be4b28741d20849b7657f338ae0aa8) Importer(815301076,1909f56bfc062723c751e8b465ee728b)  -> (artifact id: '82f2a96116b61da5385d5b7e2eeac3a0') in 0.039317 seconds 
========================================================================
Received Import Request.
  Time since last request: 0.879713 seconds.
  path: Assets/Game/Main/Player.prefab
  artifactKey: Guid(593c7da5d00d2704a9ac410ae29b5f89) Importer(815301076,1909f56bfc062723c751e8b465ee728b)
Start importing Assets/Game/Main/Player.prefab using Guid(593c7da5d00d2704a9ac410ae29b5f89) Importer(815301076,1909f56bfc062723c751e8b465ee728b)  -> (artifact id: '379fac80479825f6d105b2a691284641') in 0.044337 seconds 
========================================================================
Received Import Request.
  Time since last request: 0.230454 seconds.
  path: Assets/Game/Resources/DOTweenSettings.asset
  artifactKey: Guid(5b402c826ab3d674b9b056a672611338) Importer(815301076,1909f56bfc062723c751e8b465ee728b)
Start importing Assets/Game/Resources/DOTweenSettings.asset using Guid(5b402c826ab3d674b9b056a672611338) Importer(815301076,1909f56bfc062723c751e8b465ee728b)  -> (artifact id: '54b7b9877d03f75481f53a1dba3ea214') in 0.006514 seconds 
========================================================================
Received Import Request.
  Time since last request: 0.000029 seconds.
  path: Assets/Game/Resources/Type.asset
  artifactKey: Guid(86be279c7d37a05489a37bf23b17ae1a) Importer(815301076,1909f56bfc062723c751e8b465ee728b)
Start importing Assets/Game/Resources/Type.asset using Guid(86be279c7d37a05489a37bf23b17ae1a) Importer(815301076,1909f56bfc062723c751e8b465ee728b)  -> (artifact id: '25861b86587d1315874d3f9f3e22226b') in 0.005918 seconds 
========================================================================
Received Prepare
Default GameObject BitMask: Player already registered
Registering precompiled user dll's ...
Registered in 0.017754 seconds.
Begin MonoManager ReloadAssembly
Symbol file LoadedFromMemory doesn't match image C:\Users\USER\HeroTurnCU\Library\PackageCache\com.unity.visualscripting@1.7.8\Editor\VisualScripting.Core\Dependencies\DotNetZip\Unity.VisualScripting.IonicZip.dll
Symbol file LoadedFromMemory doesn't match image C:\Users\USER\HeroTurnCU\Library\PackageCache\com.unity.visualscripting@1.7.8\Editor\VisualScripting.Core\Dependencies\YamlDotNet\Unity.VisualScripting.YamlDotNet.dll
Native extension for WindowsStandalone target not found
Refreshing native plugins compatible for Editor in 1.39 ms, found 4 plugins.
Preloading 0 native plugins for Editor in 0.00 ms.
Exception: Error! Visual Scripting: couldn't find visual scripting package
  at Unity.VisualScripting.PackageVersionUtility.get_version () [0x00043] in C:\Users\USER\HeroTurnCU\Library\PackageCache\com.unity.visualscripting@1.7.8\Editor\VisualScripting.Core\Utilities\PackageVersionUtility.cs:31 
  at Unity.VisualScripting.BoltCoreManifest.get_version () [0x00000] in C:\Users\USER\HeroTurnCU\Library\PackageCache\com.unity.visualscripting@1.7.8\Editor\VisualScripting.Core\Plugin\BoltCoreManifest.cs:11 
  at Unity.VisualScripting.PluginConfiguration.Initialize () [0x000ab] in C:\Users\USER\HeroTurnCU\Library\PackageCache\com.unity.visualscripting@1.7.8\Editor\VisualScripting.Core\Plugins\PluginConfiguration.cs:57 
  at Unity.VisualScripting.PluginContainer.Initialize () [0x004a3] in C:\Users\USER\HeroTurnCU\Library\PackageCache\com.unity.visualscripting@1.7.8\Editor\VisualScripting.Core\Plugins\PluginContainer.cs:199 
Rethrow as Exception: Failed to initialize plugin module 'VisualScripting.Core.BoltCoreConfiguration'.

UnityEngine.DebugLogHandler:Internal_LogException(Exception, Object)
UnityEngine.DebugLogHandler:LogException(Exception, Object)
UnityEngine.Logger:LogException(Exception, Object)
UnityEngine.Debug:LogException(Exception)
Unity.VisualScripting.PluginContainer:Initialize() (at Library\PackageCache\com.unity.visualscripting@1.7.8\Editor\VisualScripting.Core\Plugins\PluginContainer.cs:204)
Unity.VisualScripting.PluginContainer:InitializeOnLoad() (at Library\PackageCache\com.unity.visualscripting@1.7.8\Editor\VisualScripting.Core\Plugins\PluginContainer.cs:32)
Unity.VisualScripting.VSUsageUtility:DoInitializeOnLoadCalls() (at Library\PackageCache\com.unity.visualscripting@1.7.8\Editor\VisualScripting.Core\Utilities\VSUsageUtility.cs:76)
Unity.VisualScripting.VSUsageUtility:set_isVisualScriptingUsed(Boolean) (at Library\PackageCache\com.unity.visualscripting@1.7.8\Editor\VisualScripting.Core\Utilities\VSUsageUtility.cs:114)
Unity.VisualScripting.VSUsageUtility:CheckAndSetIsVisualScriptingUsed() (at Library\PackageCache\com.unity.visualscripting@1.7.8\Editor\VisualScripting.Core\Utilities\VSUsageUtility.cs:33)
Unity.VisualScripting.VSUsageUtility:.cctor() (at Library\PackageCache\com.unity.visualscripting@1.7.8\Editor\VisualScripting.Core\Utilities\VSUsageUtility.cs:22)
System.Runtime.CompilerServices.RuntimeHelpers:RunClassConstructor(IntPtr)
System.Runtime.CompilerServices.RuntimeHelpers:RunClassConstructor(RuntimeTypeHandle)
UnityEditor.EditorAssemblies:ProcessInitializeOnLoadAttributes(Type[])

(Filename: Library/PackageCache/com.unity.visualscripting@1.7.8/Editor/VisualScripting.Core/Plugins/PluginContainer.cs Line: 204)

System.Exception: Error! Visual Scripting: couldn't find visual scripting package
  at Unity.VisualScripting.PackageVersionUtility.get_version () [0x00043] in C:\Users\USER\HeroTurnCU\Library\PackageCache\com.unity.visualscripting@1.7.8\Editor\VisualScripting.Core\Utilities\PackageVersionUtility.cs:31 
  at Unity.VisualScripting.BoltCoreManifest.get_version () [0x00000] in C:\Users\USER\HeroTurnCU\Library\PackageCache\com.unity.visualscripting@1.7.8\Editor\VisualScripting.Core\Plugin\BoltCoreManifest.cs:11 
  at Unity.VisualScripting.PluginManifest.get_currentVersion () [0x00000] in C:\Users\USER\HeroTurnCU\Library\PackageCache\com.unity.visualscripting@1.7.8\Editor\VisualScripting.Core\Plugins\PluginManifest.cs:33 
  at Unity.VisualScripting.PluginManifest.get_versionMismatch () [0x00000] in C:\Users\USER\HeroTurnCU\Library\PackageCache\com.unity.visualscripting@1.7.8\Editor\VisualScripting.Core\Plugins\PluginManifest.cs:48 
  at Unity.VisualScripting.PluginContainer.Initialize () [0x00525] in C:\Users\USER\HeroTurnCU\Library\PackageCache\com.unity.visualscripting@1.7.8\Editor\VisualScripting.Core\Plugins\PluginContainer.cs:208 
  at Unity.VisualScripting.PluginContainer.InitializeOnLoad () [0x00009] in C:\Users\USER\HeroTurnCU\Library\PackageCache\com.unity.visualscripting@1.7.8\Editor\VisualScripting.Core\Plugins\PluginContainer.cs:32 
  at Unity.VisualScripting.VSUsageUtility.DoInitializeOnLoadCalls () [0x00034] in C:\Users\USER\HeroTurnCU\Library\PackageCache\com.unity.visualscripting@1.7.8\Editor\VisualScripting.Core\Utilities\VSUsageUtility.cs:76 
  at Unity.VisualScripting.VSUsageUtility.set_isVisualScriptingUsed (System.Boolean value) [0x0002c] in C:\Users\USER\HeroTurnCU\Library\PackageCache\com.unity.visualscripting@1.7.8\Editor\VisualScripting.Core\Utilities\VSUsageUtility.cs:114 
  at Unity.VisualScripting.VSUsageUtility.CheckAndSetIsVisualScriptingUsed () [0x0000d] in C:\Users\USER\HeroTurnCU\Library\PackageCache\com.unity.visualscripting@1.7.8\Editor\VisualScripting.Core\Utilities\VSUsageUtility.cs:33 
  at Unity.VisualScripting.VSUsageUtility..cctor () [0x00000] in C:\Users\USER\HeroTurnCU\Library\PackageCache\com.unity.visualscripting@1.7.8\Editor\VisualScripting.Core\Utilities\VSUsageUtility.cs:22 
UnityEngine.StackTraceUtility:ExtractStackTrace ()
UnityEngine.DebugLogHandler:LogFormat (UnityEngine.LogType,UnityEngine.Object,string,object[])
UnityEngine.Logger:Log (UnityEngine.LogType,object)
UnityEngine.Debug:LogError (object)
UnityEditor.EditorAssemblies:ProcessInitializeOnLoadAttributes (System.Type[])

Mono: successfully reloaded assembly
- Completed reload, in  1.669 seconds
Domain Reload Profiling:
	ReloadAssembly (1670ms)
		BeginReloadAssembly (207ms)
			ExecutionOrderSort (0ms)
			DisableScriptedObjects (6ms)
			BackupInstance (0ms)
			ReleaseScriptingObjects (0ms)
			CreateAndSetChildDomain (55ms)
		EndReloadAssembly (1341ms)
			LoadAssemblies (169ms)
			RebuildTransferFunctionScriptingTraits (0ms)
			SetupTypeCache (252ms)
			ReleaseScriptCaches (1ms)
			RebuildScriptCaches (47ms)
			SetupLoadedEditorAssemblies (670ms)
				LogAssemblyErrors (0ms)
				InitializePlatformSupportModulesInManaged (14ms)
				SetLoadedEditorAssemblies (0ms)
				RefreshPlugins (1ms)
				BeforeProcessingInitializeOnLoad (113ms)
				ProcessInitializeOnLoadAttributes (414ms)
				ProcessInitializeOnLoadMethodAttributes (106ms)
				AfterProcessingInitializeOnLoad (20ms)
				EditorAssembliesLoaded (0ms)
			ExecutionOrderSort2 (0ms)
			AwakeInstancesAfterBackupRestoration (13ms)
Platform modules already initialized, skipping
Refreshing native plugins compatible for Editor in 10.53 ms, found 4 plugins.
Preloading 0 native plugins for Editor in 0.00 ms.
Unloading 4734 Unused Serialized files (Serialized files now loaded: 0)
Unloading 62 unused Assets / (25.9 KB). Loaded Objects now: 5207.
Memory consumption went from 183.3 MB to 183.3 MB.
Total: 10.328100 ms (FindLiveObjects: 0.338300 ms CreateObjectMapping: 0.250100 ms MarkObjects: 9.610300 ms  DeleteObjects: 0.127600 ms)

AssetImportParameters requested are different than current active one (requested -> active):
  custom:video-decoder-ogg-theora: a1e56fd34408186e4bbccfd4996cb3dc -> 
  custom:container-muxer-webm: aa71ff27fc2769a1b78a27578f13a17b -> 
  custom:container-demuxer-webm: 4f35f7cbe854078d1ac9338744f61a02 -> 
  custom:video-encoder-webm-vp8: eb34c28f22e8b96e1ab97ce403110664 -> 
  custom:audio-encoder-webm-vorbis: bf7c407c2cedff20999df2af8eb42d56 -> 
  custom:framework-win-MediaFoundation: 216162199b28c13a410421893ffa2e32 -> 
  custom:container-demuxer-ogg: 62fdf1f143b41e24485cea50d1cbac27 -> 
  custom:video-decoder-webm-vp8: 9c59270c3fd7afecdb556c50c9e8de78 -> 
  custom:audio-decoder-ogg-vorbis: bf7c407c2cedff20999df2af8eb42d56 -> 
========================================================================
Received Prepare
Default GameObject BitMask: Player already registered
Registering precompiled user dll's ...
Registered in 0.017922 seconds.
Begin MonoManager ReloadAssembly
Symbol file LoadedFromMemory doesn't match image C:\Users\USER\HeroTurnCU\Library\PackageCache\com.unity.visualscripting@1.7.8\Editor\VisualScripting.Core\Dependencies\DotNetZip\Unity.VisualScripting.IonicZip.dll
Symbol file LoadedFromMemory doesn't match image C:\Users\USER\HeroTurnCU\Library\PackageCache\com.unity.visualscripting@1.7.8\Editor\VisualScripting.Core\Dependencies\YamlDotNet\Unity.VisualScripting.YamlDotNet.dll
Native extension for WindowsStandalone target not found
Refreshing native plugins compatible for Editor in 1.26 ms, found 4 plugins.
Preloading 0 native plugins for Editor in 0.00 ms.
System.Exception: Error! Visual Scripting: couldn't find visual scripting package
  at Unity.VisualScripting.PackageVersionUtility.get_version () [0x00043] in C:\Users\USER\HeroTurnCU\Library\PackageCache\com.unity.visualscripting@1.7.8\Editor\VisualScripting.Core\Utilities\PackageVersionUtility.cs:31 
  at Unity.VisualScripting.BoltCoreManifest.get_version () [0x00000] in C:\Users\USER\HeroTurnCU\Library\PackageCache\com.unity.visualscripting@1.7.8\Editor\VisualScripting.Core\Plugin\BoltCoreManifest.cs:11 
  at Unity.VisualScripting.PluginManifest.get_currentVersion () [0x00000] in C:\Users\USER\HeroTurnCU\Library\PackageCache\com.unity.visualscripting@1.7.8\Editor\VisualScripting.Core\Plugins\PluginManifest.cs:33 
  at Unity.VisualScripting.PluginManifest.get_versionMismatch () [0x00000] in C:\Users\USER\HeroTurnCU\Library\PackageCache\com.unity.visualscripting@1.7.8\Editor\VisualScripting.Core\Plugins\PluginManifest.cs:48 
  at Unity.VisualScripting.PluginContainer.Initialize () [0x00525] in C:\Users\USER\HeroTurnCU\Library\PackageCache\com.unity.visualscripting@1.7.8\Editor\VisualScripting.Core\Plugins\PluginContainer.cs:208 
  at Unity.VisualScripting.PluginContainer.InitializeOnLoad () [0x00009] in C:\Users\USER\HeroTurnCU\Library\PackageCache\com.unity.visualscripting@1.7.8\Editor\VisualScripting.Core\Plugins\PluginContainer.cs:32 
  at Unity.VisualScripting.VSUsageUtility.DoInitializeOnLoadCalls () [0x00034] in C:\Users\USER\HeroTurnCU\Library\PackageCache\com.unity.visualscripting@1.7.8\Editor\VisualScripting.Core\Utilities\VSUsageUtility.cs:76 
  at Unity.VisualScripting.VSUsageUtility.set_isVisualScriptingUsed (System.Boolean value) [0x0002c] in C:\Users\USER\HeroTurnCU\Library\PackageCache\com.unity.visualscripting@1.7.8\Editor\VisualScripting.Core\Utilities\VSUsageUtility.cs:114 
  at Unity.VisualScripting.VSUsageUtility.CheckAndSetIsVisualScriptingUsed () [0x0000d] in C:\Users\USER\HeroTurnCU\Library\PackageCache\com.unity.visualscripting@1.7.8\Editor\VisualScripting.Core\Utilities\VSUsageUtility.cs:33 
  at Unity.VisualScripting.VSUsageUtility..cctor () [0x00000] in C:\Users\USER\HeroTurnCU\Library\PackageCache\com.unity.visualscripting@1.7.8\Editor\VisualScripting.Core\Utilities\VSUsageUtility.cs:22 
UnityEngine.StackTraceUtility:ExtractStackTrace ()
UnityEngine.DebugLogHandler:LogFormat (UnityEngine.LogType,UnityEngine.Object,string,object[])
UnityEngine.Logger:Log (UnityEngine.LogType,object)
UnityEngine.Debug:LogError (object)
UnityEditor.EditorAssemblies:ProcessInitializeOnLoadAttributes (System.Type[])

Mono: successfully reloaded assembly
- Completed reload, in  1.813 seconds
Domain Reload Profiling:
	ReloadAssembly (1814ms)
		BeginReloadAssembly (217ms)
			ExecutionOrderSort (0ms)
			DisableScriptedObjects (7ms)
			BackupInstance (0ms)
			ReleaseScriptingObjects (0ms)
			CreateAndSetChildDomain (65ms)
		EndReloadAssembly (1475ms)
			LoadAssemblies (161ms)
			RebuildTransferFunctionScriptingTraits (0ms)
			SetupTypeCache (312ms)
			ReleaseScriptCaches (2ms)
			RebuildScriptCaches (46ms)
			SetupLoadedEditorAssemblies (746ms)
				LogAssemblyErrors (0ms)
				InitializePlatformSupportModulesInManaged (14ms)
				SetLoadedEditorAssemblies (0ms)
				RefreshPlugins (1ms)
				BeforeProcessingInitializeOnLoad (115ms)
				ProcessInitializeOnLoadAttributes (479ms)
				ProcessInitializeOnLoadMethodAttributes (117ms)
				AfterProcessingInitializeOnLoad (19ms)
				EditorAssembliesLoaded (0ms)
			ExecutionOrderSort2 (0ms)
			AwakeInstancesAfterBackupRestoration (13ms)
Platform modules already initialized, skipping
Refreshing native plugins compatible for Editor in 11.54 ms, found 4 plugins.
Preloading 0 native plugins for Editor in 0.00 ms.
Unloading 4734 Unused Serialized files (Serialized files now loaded: 0)
Unloading 62 unused Assets / (25.9 KB). Loaded Objects now: 5211.
Memory consumption went from 183.3 MB to 183.3 MB.
Total: 10.097700 ms (FindLiveObjects: 0.347000 ms CreateObjectMapping: 0.216900 ms MarkObjects: 9.498900 ms  DeleteObjects: 0.033800 ms)

AssetImportParameters requested are different than current active one (requested -> active):
  custom:video-decoder-ogg-theora: a1e56fd34408186e4bbccfd4996cb3dc -> 
  custom:container-muxer-webm: aa71ff27fc2769a1b78a27578f13a17b -> 
  custom:container-demuxer-webm: 4f35f7cbe854078d1ac9338744f61a02 -> 
  custom:video-encoder-webm-vp8: eb34c28f22e8b96e1ab97ce403110664 -> 
  custom:audio-encoder-webm-vorbis: bf7c407c2cedff20999df2af8eb42d56 -> 
  custom:framework-win-MediaFoundation: 216162199b28c13a410421893ffa2e32 -> 
  custom:container-demuxer-ogg: 62fdf1f143b41e24485cea50d1cbac27 -> 
  custom:video-decoder-webm-vp8: 9c59270c3fd7afecdb556c50c9e8de78 -> 
  custom:audio-decoder-ogg-vorbis: bf7c407c2cedff20999df2af8eb42d56 -> 
========================================================================
Received Prepare
Default GameObject BitMask: Player already registered
Registering precompiled user dll's ...
Registered in 0.019097 seconds.
Begin MonoManager ReloadAssembly
Symbol file LoadedFromMemory doesn't match image C:\Users\USER\HeroTurnCU\Library\PackageCache\com.unity.visualscripting@1.7.8\Editor\VisualScripting.Core\Dependencies\DotNetZip\Unity.VisualScripting.IonicZip.dll
Symbol file LoadedFromMemory doesn't match image C:\Users\USER\HeroTurnCU\Library\PackageCache\com.unity.visualscripting@1.7.8\Editor\VisualScripting.Core\Dependencies\YamlDotNet\Unity.VisualScripting.YamlDotNet.dll
Native extension for WindowsStandalone target not found
Refreshing native plugins compatible for Editor in 1.39 ms, found 4 plugins.
Preloading 0 native plugins for Editor in 0.00 ms.
System.Exception: Error! Visual Scripting: couldn't find visual scripting package
  at Unity.VisualScripting.PackageVersionUtility.get_version () [0x00043] in C:\Users\USER\HeroTurnCU\Library\PackageCache\com.unity.visualscripting@1.7.8\Editor\VisualScripting.Core\Utilities\PackageVersionUtility.cs:31 
  at Unity.VisualScripting.BoltCoreManifest.get_version () [0x00000] in C:\Users\USER\HeroTurnCU\Library\PackageCache\com.unity.visualscripting@1.7.8\Editor\VisualScripting.Core\Plugin\BoltCoreManifest.cs:11 
  at Unity.VisualScripting.PluginManifest.get_currentVersion () [0x00000] in C:\Users\USER\HeroTurnCU\Library\PackageCache\com.unity.visualscripting@1.7.8\Editor\VisualScripting.Core\Plugins\PluginManifest.cs:33 
  at Unity.VisualScripting.PluginManifest.get_versionMismatch () [0x00000] in C:\Users\USER\HeroTurnCU\Library\PackageCache\com.unity.visualscripting@1.7.8\Editor\VisualScripting.Core\Plugins\PluginManifest.cs:48 
  at Unity.VisualScripting.PluginContainer.Initialize () [0x00525] in C:\Users\USER\HeroTurnCU\Library\PackageCache\com.unity.visualscripting@1.7.8\Editor\VisualScripting.Core\Plugins\PluginContainer.cs:208 
  at Unity.VisualScripting.PluginContainer.InitializeOnLoad () [0x00009] in C:\Users\USER\HeroTurnCU\Library\PackageCache\com.unity.visualscripting@1.7.8\Editor\VisualScripting.Core\Plugins\PluginContainer.cs:32 
  at Unity.VisualScripting.VSUsageUtility.DoInitializeOnLoadCalls () [0x00034] in C:\Users\USER\HeroTurnCU\Library\PackageCache\com.unity.visualscripting@1.7.8\Editor\VisualScripting.Core\Utilities\VSUsageUtility.cs:76 
  at Unity.VisualScripting.VSUsageUtility.set_isVisualScriptingUsed (System.Boolean value) [0x0002c] in C:\Users\USER\HeroTurnCU\Library\PackageCache\com.unity.visualscripting@1.7.8\Editor\VisualScripting.Core\Utilities\VSUsageUtility.cs:114 
  at Unity.VisualScripting.VSUsageUtility.CheckAndSetIsVisualScriptingUsed () [0x0000d] in C:\Users\USER\HeroTurnCU\Library\PackageCache\com.unity.visualscripting@1.7.8\Editor\VisualScripting.Core\Utilities\VSUsageUtility.cs:33 
  at Unity.VisualScripting.VSUsageUtility..cctor () [0x00000] in C:\Users\USER\HeroTurnCU\Library\PackageCache\com.unity.visualscripting@1.7.8\Editor\VisualScripting.Core\Utilities\VSUsageUtility.cs:22 
UnityEngine.StackTraceUtility:ExtractStackTrace ()
UnityEngine.DebugLogHandler:LogFormat (UnityEngine.LogType,UnityEngine.Object,string,object[])
UnityEngine.Logger:Log (UnityEngine.LogType,object)
UnityEngine.Debug:LogError (object)
UnityEditor.EditorAssemblies:ProcessInitializeOnLoadAttributes (System.Type[])

Mono: successfully reloaded assembly
- Completed reload, in  1.745 seconds
Domain Reload Profiling:
	ReloadAssembly (1746ms)
		BeginReloadAssembly (196ms)
			ExecutionOrderSort (0ms)
			DisableScriptedObjects (6ms)
			BackupInstance (0ms)
			ReleaseScriptingObjects (0ms)
			CreateAndSetChildDomain (51ms)
		EndReloadAssembly (1430ms)
			LoadAssemblies (159ms)
			RebuildTransferFunctionScriptingTraits (0ms)
			SetupTypeCache (247ms)
			ReleaseScriptCaches (2ms)
			RebuildScriptCaches (44ms)
			SetupLoadedEditorAssemblies (766ms)
				LogAssemblyErrors (0ms)
				InitializePlatformSupportModulesInManaged (14ms)
				SetLoadedEditorAssemblies (0ms)
				RefreshPlugins (1ms)
				BeforeProcessingInitializeOnLoad (110ms)
				ProcessInitializeOnLoadAttributes (526ms)
				ProcessInitializeOnLoadMethodAttributes (98ms)
				AfterProcessingInitializeOnLoad (18ms)
				EditorAssembliesLoaded (0ms)
			ExecutionOrderSort2 (0ms)
			AwakeInstancesAfterBackupRestoration (10ms)
Platform modules already initialized, skipping
Refreshing native plugins compatible for Editor in 10.56 ms, found 4 plugins.
Preloading 0 native plugins for Editor in 0.00 ms.
Unloading 4734 Unused Serialized files (Serialized files now loaded: 0)
Unloading 62 unused Assets / (25.8 KB). Loaded Objects now: 5215.
Memory consumption went from 183.3 MB to 183.3 MB.
Total: 17.017200 ms (FindLiveObjects: 0.830900 ms CreateObjectMapping: 0.657000 ms MarkObjects: 15.470000 ms  DeleteObjects: 0.057100 ms)

AssetImportParameters requested are different than current active one (requested -> active):
  custom:video-decoder-ogg-theora: a1e56fd34408186e4bbccfd4996cb3dc -> 
  custom:container-muxer-webm: aa71ff27fc2769a1b78a27578f13a17b -> 
  custom:container-demuxer-webm: 4f35f7cbe854078d1ac9338744f61a02 -> 
  custom:video-encoder-webm-vp8: eb34c28f22e8b96e1ab97ce403110664 -> 
  custom:audio-encoder-webm-vorbis: bf7c407c2cedff20999df2af8eb42d56 -> 
  custom:framework-win-MediaFoundation: 216162199b28c13a410421893ffa2e32 -> 
  custom:container-demuxer-ogg: 62fdf1f143b41e24485cea50d1cbac27 -> 
  custom:video-decoder-webm-vp8: 9c59270c3fd7afecdb556c50c9e8de78 -> 
  custom:audio-decoder-ogg-vorbis: bf7c407c2cedff20999df2af8eb42d56 -> 
========================================================================
Received Import Request.
  Time since last request: 84.289190 seconds.
  path: Assets/Audio/SE/Earth4.ogg
  artifactKey: Guid(de8239650819cd040be8930080a49060) Importer(815301076,1909f56bfc062723c751e8b465ee728b)
Start importing Assets/Audio/SE/Earth4.ogg using Guid(de8239650819cd040be8930080a49060) Importer(815301076,1909f56bfc062723c751e8b465ee728b)  -> (artifact id: 'ec7c4e3da00b8b470809b40da71dc0ea') in 0.054835 seconds 
========================================================================
Received Import Request.
  Time since last request: 0.000025 seconds.
  path: Assets/Audio/SE/Heal6.ogg
  artifactKey: Guid(ab4733d5d9c1ee449af3b08217a6bcfa) Importer(815301076,1909f56bfc062723c751e8b465ee728b)
Start importing Assets/Audio/SE/Heal6.ogg using Guid(ab4733d5d9c1ee449af3b08217a6bcfa) Importer(815301076,1909f56bfc062723c751e8b465ee728b)  -> (artifact id: '5919c3207def852e52118a655c15c604') in 0.018104 seconds 
========================================================================
Received Import Request.
  Time since last request: 0.000038 seconds.
  path: Assets/Audio/SE/Hammer.ogg
  artifactKey: Guid(f7da82ca85ac5c54e87086d74e44d887) Importer(815301076,1909f56bfc062723c751e8b465ee728b)
Start importing Assets/Audio/SE/Hammer.ogg using Guid(f7da82ca85ac5c54e87086d74e44d887) Importer(815301076,1909f56bfc062723c751e8b465ee728b)  -> (artifact id: 'a780527f4ac81ecbc94024497ff6345f') in 0.026226 seconds 
========================================================================
Received Import Request.
  Time since last request: 0.000029 seconds.
  path: Assets/Audio/SE/Heal5.ogg
  artifactKey: Guid(144d21afb0da0314db1f6090b06c6bde) Importer(815301076,1909f56bfc062723c751e8b465ee728b)
Start importing Assets/Audio/SE/Heal5.ogg using Guid(144d21afb0da0314db1f6090b06c6bde) Importer(815301076,1909f56bfc062723c751e8b465ee728b)  -> (artifact id: '49ec81a3eb31f1d0c6dab9418eea75d8') in 0.020526 seconds 
========================================================================
Received Import Request.
  Time since last request: 0.000030 seconds.
  path: Assets/Audio/SE/Equip2.ogg
  artifactKey: Guid(c7cd4da4e77bd8b42ba10a73475d6be5) Importer(815301076,1909f56bfc062723c751e8b465ee728b)
Start importing Assets/Audio/SE/Equip2.ogg using Guid(c7cd4da4e77bd8b42ba10a73475d6be5) Importer(815301076,1909f56bfc062723c751e8b465ee728b)  -> (artifact id: '7b85f6db3ae7f970a6724a5f99ae7127') in 0.019979 seconds 
========================================================================
Received Import Request.
  Time since last request: 0.000034 seconds.
  path: Assets/Audio/ME/Fanfare2.ogg
  artifactKey: Guid(42dc321afa0500a47995a77dfd939fb7) Importer(815301076,1909f56bfc062723c751e8b465ee728b)
Start importing Assets/Audio/ME/Fanfare2.ogg using Guid(42dc321afa0500a47995a77dfd939fb7) Importer(815301076,1909f56bfc062723c751e8b465ee728b)  -> (artifact id: '03c21f6ec99ed5fb257effa876022b88') in 0.018931 seconds 
========================================================================
Received Import Request.
  Time since last request: 0.000124 seconds.
  path: Assets/Audio/SE/Explosion4.ogg
  artifactKey: Guid(e09bc703577ce5148893e88df8ab1aa4) Importer(815301076,1909f56bfc062723c751e8b465ee728b)
Start importing Assets/Audio/SE/Explosion4.ogg using Guid(e09bc703577ce5148893e88df8ab1aa4) Importer(815301076,1909f56bfc062723c751e8b465ee728b)  -> (artifact id: 'e9ba5c4375ee4e5278dbafe57ba8e043') in 0.024434 seconds 
========================================================================
Received Import Request.
  Time since last request: 0.000045 seconds.
  path: Assets/Audio/SE/Fire9.ogg
  artifactKey: Guid(261d7d44d1603cd4c9b51187729b2082) Importer(815301076,1909f56bfc062723c751e8b465ee728b)
Start importing Assets/Audio/SE/Fire9.ogg using Guid(261d7d44d1603cd4c9b51187729b2082) Importer(815301076,1909f56bfc062723c751e8b465ee728b)  -> (artifact id: 'd73ac3f62d55768954d8313cecb9baf2') in 0.023456 seconds 
========================================================================
Received Import Request.
  Time since last request: 0.000034 seconds.
  path: Assets/Audio/SE/Heal3.ogg
  artifactKey: Guid(5cc0ccb5ba8cc7c459358868f3cb5d87) Importer(815301076,1909f56bfc062723c751e8b465ee728b)
Start importing Assets/Audio/SE/Heal3.ogg using Guid(5cc0ccb5ba8cc7c459358868f3cb5d87) Importer(815301076,1909f56bfc062723c751e8b465ee728b)  -> (artifact id: 'b630df3b5b117e192796ed4d7bc92a79') in 0.017395 seconds 
========================================================================
Received Import Request.
  Time since last request: 0.000043 seconds.
  path: Assets/Audio/SE/Horse.ogg
  artifactKey: Guid(e4bdd1c7ccd50ec4e97b55997f200a81) Importer(815301076,1909f56bfc062723c751e8b465ee728b)
Start importing Assets/Audio/SE/Horse.ogg using Guid(e4bdd1c7ccd50ec4e97b55997f200a81) Importer(815301076,1909f56bfc062723c751e8b465ee728b)  -> (artifact id: '2e558e2326c097ac0dd618e762259b05') in 0.015788 seconds 
========================================================================
Received Import Request.
  Time since last request: 0.000042 seconds.
  path: Assets/Audio/SE/Frog.ogg
  artifactKey: Guid(ef53c537216504b459ae4a60f1e306ef) Importer(815301076,1909f56bfc062723c751e8b465ee728b)
Start importing Assets/Audio/SE/Frog.ogg using Guid(ef53c537216504b459ae4a60f1e306ef) Importer(815301076,1909f56bfc062723c751e8b465ee728b)  -> (artifact id: '41da9c2af19604e475840f9af10a7989') in 0.018522 seconds 
========================================================================
Received Import Request.
  Time since last request: 0.000043 seconds.
  path: Assets/Audio/SE/Fog1.ogg
  artifactKey: Guid(79278ee4d563414408a7efad20d088f0) Importer(815301076,1909f56bfc062723c751e8b465ee728b)
Start importing Assets/Audio/SE/Fog1.ogg using Guid(79278ee4d563414408a7efad20d088f0) Importer(815301076,1909f56bfc062723c751e8b465ee728b)  -> (artifact id: 'e445519c5d1bad63b504f0e28ef511e0') in 0.019348 seconds 
========================================================================
Received Import Request.
  Time since last request: 0.000032 seconds.
  path: Assets/Audio/SE/Heal7.ogg
  artifactKey: Guid(eaf1e107f38e3534c8c0b72cc1194b8e) Importer(815301076,1909f56bfc062723c751e8b465ee728b)
Start importing Assets/Audio/SE/Heal7.ogg using Guid(eaf1e107f38e3534c8c0b72cc1194b8e) Importer(815301076,1909f56bfc062723c751e8b465ee728b)  -> (artifact id: '87aee6008c6209b45580f3053f6cfe08') in 0.027044 seconds 
========================================================================
Received Import Request.
  Time since last request: 0.000020 seconds.
  path: Assets/Audio/SE/Fog2.ogg
  artifactKey: Guid(036180aa68a1e05418711db5359c035a) Importer(815301076,1909f56bfc062723c751e8b465ee728b)
Start importing Assets/Audio/SE/Fog2.ogg using Guid(036180aa68a1e05418711db5359c035a) Importer(815301076,1909f56bfc062723c751e8b465ee728b)  -> (artifact id: '03c690bbb5d27c74525ef369499a2b57') in 0.019616 seconds 
========================================================================
Received Import Request.
  Time since last request: 0.000030 seconds.
  path: Assets/Audio/SE/Gun1.ogg
  artifactKey: Guid(ef6dde1114d6a0845b76a2e35d3557fb) Importer(815301076,1909f56bfc062723c751e8b465ee728b)
Start importing Assets/Audio/SE/Gun1.ogg using Guid(ef6dde1114d6a0845b76a2e35d3557fb) Importer(815301076,1909f56bfc062723c751e8b465ee728b)  -> (artifact id: 'dff7dc0f15105fbb36886e6af7988728') in 0.020401 seconds 
========================================================================
Received Import Request.
  Time since last request: 0.079964 seconds.
  path: Assets/Audio/SE/Decision3.ogg
  artifactKey: Guid(64e4333c4ab73c24faf9517bca35084d) Importer(815301076,1909f56bfc062723c751e8b465ee728b)
Start importing Assets/Audio/SE/Decision3.ogg using Guid(64e4333c4ab73c24faf9517bca35084d) Importer(815301076,1909f56bfc062723c751e8b465ee728b)  -> (artifact id: 'a8d2278ebf0d3a479a65bac2d2aeb2a1') in 0.018052 seconds 
========================================================================
Received Import Request.
  Time since last request: 0.000043 seconds.
  path: Assets/Audio/SE/Darkness8.ogg
  artifactKey: Guid(f4aea2e32fa924447867ce004f219c15) Importer(815301076,1909f56bfc062723c751e8b465ee728b)
Start importing Assets/Audio/SE/Darkness8.ogg using Guid(f4aea2e32fa924447867ce004f219c15) Importer(815301076,1909f56bfc062723c751e8b465ee728b)  -> (artifact id: '3d552efc9cbd211a43ff99a73165516f') in 0.025818 seconds 
========================================================================
Received Import Request.
  Time since last request: 0.000040 seconds.
  path: Assets/Audio/SE/Dive.ogg
  artifactKey: Guid(472a829be5aa5f945b832432c6741ab9) Importer(815301076,1909f56bfc062723c751e8b465ee728b)
Start importing Assets/Audio/SE/Dive.ogg using Guid(472a829be5aa5f945b832432c6741ab9) Importer(815301076,1909f56bfc062723c751e8b465ee728b)  -> (artifact id: '65692a66fb79c6349721f9e03de431b2') in 0.019660 seconds 
========================================================================
Received Import Request.
  Time since last request: 0.000024 seconds.
  path: Assets/Audio/SE/Damage4.ogg
  artifactKey: Guid(9953f572dd860494389e3cfc166a2a5e) Importer(815301076,1909f56bfc062723c751e8b465ee728b)
Start importing Assets/Audio/SE/Damage4.ogg using Guid(9953f572dd860494389e3cfc166a2a5e) Importer(815301076,1909f56bfc062723c751e8b465ee728b)  -> (artifact id: 'ec384f63d5d3bb844dd439f4a9e8c90e') in 0.019376 seconds 
========================================================================
Received Import Request.
  Time since last request: 0.000025 seconds.
  path: Assets/Audio/SE/Devil3.ogg
  artifactKey: Guid(db3e752c910654c4080c6b038c0e624d) Importer(815301076,1909f56bfc062723c751e8b465ee728b)
Start importing Assets/Audio/SE/Devil3.ogg using Guid(db3e752c910654c4080c6b038c0e624d) Importer(815301076,1909f56bfc062723c751e8b465ee728b)  -> (artifact id: 'b7a3a7988d8691892926ea9c2a4a2d9e') in 0.016750 seconds 
========================================================================
Received Import Request.
  Time since last request: 0.000036 seconds.
  path: Assets/Audio/SE/Disappointment.ogg
  artifactKey: Guid(6e2085d2ae99b374a8228220e7a76198) Importer(815301076,1909f56bfc062723c751e8b465ee728b)
Start importing Assets/Audio/SE/Disappointment.ogg using Guid(6e2085d2ae99b374a8228220e7a76198) Importer(815301076,1909f56bfc062723c751e8b465ee728b)  -> (artifact id: 'b9b128295c4467551fc5a3b01de51c70') in 0.018570 seconds 
========================================================================
Received Import Request.
  Time since last request: 0.000037 seconds.
  path: Assets/Audio/SE/Confuse.ogg
  artifactKey: Guid(7706ba5df21fb6546a7bb702b19fb2c0) Importer(815301076,1909f56bfc062723c751e8b465ee728b)
Start importing Assets/Audio/SE/Confuse.ogg using Guid(7706ba5df21fb6546a7bb702b19fb2c0) Importer(815301076,1909f56bfc062723c751e8b465ee728b)  -> (artifact id: '8d722a7348d0a738e38e1285f7b81bb4') in 0.018063 seconds 
========================================================================
Received Import Request.
  Time since last request: 0.000034 seconds.
  path: Assets/Audio/SE/Damage3.ogg
  artifactKey: Guid(fab385d636698fc4998a5737034eef2b) Importer(815301076,1909f56bfc062723c751e8b465ee728b)
Start importing Assets/Audio/SE/Damage3.ogg using Guid(fab385d636698fc4998a5737034eef2b) Importer(815301076,1909f56bfc062723c751e8b465ee728b)  -> (artifact id: '2d5def64e973954c42bf0aa84e2110ad') in 0.021719 seconds 
========================================================================
Received Import Request.
  Time since last request: 0.000043 seconds.
  path: Assets/Audio/SE/Damage5.ogg
  artifactKey: Guid(2d2b9174d7b36fd46806f942caea38a7) Importer(815301076,1909f56bfc062723c751e8b465ee728b)
Start importing Assets/Audio/SE/Damage5.ogg using Guid(2d2b9174d7b36fd46806f942caea38a7) Importer(815301076,1909f56bfc062723c751e8b465ee728b)  -> (artifact id: '6a98f221f7f74399edfdb7acad5684b2') in 0.018598 seconds 
========================================================================
Received Import Request.
  Time since last request: 0.037858 seconds.
  path: Assets/Audio/SE/Close1.ogg
  artifactKey: Guid(9c4de43b74aba094ab98063c82c2f30f) Importer(815301076,1909f56bfc062723c751e8b465ee728b)
Start importing Assets/Audio/SE/Close1.ogg using Guid(9c4de43b74aba094ab98063c82c2f30f) Importer(815301076,1909f56bfc062723c751e8b465ee728b)  -> (artifact id: '0793d8285081bb450ed4e9cdac352b41') in 0.019778 seconds 
========================================================================
Received Import Request.
  Time since last request: 0.000020 seconds.
  path: Assets/Audio/SE/Collapse1.ogg
  artifactKey: Guid(5c6d091904d45f2469979544838953ae) Importer(815301076,1909f56bfc062723c751e8b465ee728b)
Start importing Assets/Audio/SE/Collapse1.ogg using Guid(5c6d091904d45f2469979544838953ae) Importer(815301076,1909f56bfc062723c751e8b465ee728b)  -> (artifact id: 'a41186fc0f569333b9f5d7052c6aee0d') in 0.110405 seconds 
========================================================================
Received Import Request.
  Time since last request: 0.000058 seconds.
  path: Assets/Audio/SE/Breath.ogg
  artifactKey: Guid(3af1551e2088ea944af8bd8b6fe64880) Importer(815301076,1909f56bfc062723c751e8b465ee728b)
Start importing Assets/Audio/SE/Breath.ogg using Guid(3af1551e2088ea944af8bd8b6fe64880) Importer(815301076,1909f56bfc062723c751e8b465ee728b)  -> (artifact id: '4b934c279b2844235e2c9eae1e775dbb') in 0.040473 seconds 
========================================================================
Received Import Request.
  Time since last request: 0.000033 seconds.
  path: Assets/Audio/SE/Coin.ogg
  artifactKey: Guid(e3a1d637223e9e04e8c87653d182dcab) Importer(815301076,1909f56bfc062723c751e8b465ee728b)
Start importing Assets/Audio/SE/Coin.ogg using Guid(e3a1d637223e9e04e8c87653d182dcab) Importer(815301076,1909f56bfc062723c751e8b465ee728b)  -> (artifact id: 'c6906906ec1afda6a08365a56e915704') in 0.031119 seconds 
========================================================================
Received Prepare
Default GameObject BitMask: Player already registered
Registering precompiled user dll's ...
Registered in 0.017584 seconds.
Begin MonoManager ReloadAssembly
Symbol file LoadedFromMemory doesn't match image C:\Users\USER\HeroTurnCU\Library\PackageCache\com.unity.visualscripting@1.7.8\Editor\VisualScripting.Core\Dependencies\DotNetZip\Unity.VisualScripting.IonicZip.dll
Symbol file LoadedFromMemory doesn't match image C:\Users\USER\HeroTurnCU\Library\PackageCache\com.unity.visualscripting@1.7.8\Editor\VisualScripting.Core\Dependencies\YamlDotNet\Unity.VisualScripting.YamlDotNet.dll
Native extension for WindowsStandalone target not found
Refreshing native plugins compatible for Editor in 1.64 ms, found 4 plugins.
Preloading 0 native plugins for Editor in 0.00 ms.
System.Exception: Error! Visual Scripting: couldn't find visual scripting package
  at Unity.VisualScripting.PackageVersionUtility.get_version () [0x00043] in C:\Users\USER\HeroTurnCU\Library\PackageCache\com.unity.visualscripting@1.7.8\Editor\VisualScripting.Core\Utilities\PackageVersionUtility.cs:31 
  at Unity.VisualScripting.BoltCoreManifest.get_version () [0x00000] in C:\Users\USER\HeroTurnCU\Library\PackageCache\com.unity.visualscripting@1.7.8\Editor\VisualScripting.Core\Plugin\BoltCoreManifest.cs:11 
  at Unity.VisualScripting.PluginManifest.get_currentVersion () [0x00000] in C:\Users\USER\HeroTurnCU\Library\PackageCache\com.unity.visualscripting@1.7.8\Editor\VisualScripting.Core\Plugins\PluginManifest.cs:33 
  at Unity.VisualScripting.PluginManifest.get_versionMismatch () [0x00000] in C:\Users\USER\HeroTurnCU\Library\PackageCache\com.unity.visualscripting@1.7.8\Editor\VisualScripting.Core\Plugins\PluginManifest.cs:48 
  at Unity.VisualScripting.PluginContainer.Initialize () [0x00525] in C:\Users\USER\HeroTurnCU\Library\PackageCache\com.unity.visualscripting@1.7.8\Editor\VisualScripting.Core\Plugins\PluginContainer.cs:208 
  at Unity.VisualScripting.PluginContainer.InitializeOnLoad () [0x00009] in C:\Users\USER\HeroTurnCU\Library\PackageCache\com.unity.visualscripting@1.7.8\Editor\VisualScripting.Core\Plugins\PluginContainer.cs:32 
  at Unity.VisualScripting.VSUsageUtility.DoInitializeOnLoadCalls () [0x00034] in C:\Users\USER\HeroTurnCU\Library\PackageCache\com.unity.visualscripting@1.7.8\Editor\VisualScripting.Core\Utilities\VSUsageUtility.cs:76 
  at Unity.VisualScripting.VSUsageUtility.set_isVisualScriptingUsed (System.Boolean value) [0x0002c] in C:\Users\USER\HeroTurnCU\Library\PackageCache\com.unity.visualscripting@1.7.8\Editor\VisualScripting.Core\Utilities\VSUsageUtility.cs:114 
  at Unity.VisualScripting.VSUsageUtility.CheckAndSetIsVisualScriptingUsed () [0x0000d] in C:\Users\USER\HeroTurnCU\Library\PackageCache\com.unity.visualscripting@1.7.8\Editor\VisualScripting.Core\Utilities\VSUsageUtility.cs:33 
  at Unity.VisualScripting.VSUsageUtility..cctor () [0x00000] in C:\Users\USER\HeroTurnCU\Library\PackageCache\com.unity.visualscripting@1.7.8\Editor\VisualScripting.Core\Utilities\VSUsageUtility.cs:22 
UnityEngine.StackTraceUtility:ExtractStackTrace ()
UnityEngine.DebugLogHandler:LogFormat (UnityEngine.LogType,UnityEngine.Object,string,object[])
UnityEngine.Logger:Log (UnityEngine.LogType,object)
UnityEngine.Debug:LogError (object)
UnityEditor.EditorAssemblies:ProcessInitializeOnLoadAttributes (System.Type[])

Mono: successfully reloaded assembly
- Completed reload, in  1.825 seconds
Domain Reload Profiling:
	ReloadAssembly (1826ms)
		BeginReloadAssembly (247ms)
			ExecutionOrderSort (0ms)
			DisableScriptedObjects (8ms)
			BackupInstance (0ms)
			ReleaseScriptingObjects (0ms)
			CreateAndSetChildDomain (60ms)
		EndReloadAssembly (1447ms)
			LoadAssemblies (173ms)
			RebuildTransferFunctionScriptingTraits (0ms)
			SetupTypeCache (294ms)
			ReleaseScriptCaches (2ms)
			RebuildScriptCaches (59ms)
			SetupLoadedEditorAssemblies (681ms)
				LogAssemblyErrors (0ms)
				InitializePlatformSupportModulesInManaged (14ms)
				SetLoadedEditorAssemblies (0ms)
				RefreshPlugins (2ms)
				BeforeProcessingInitializeOnLoad (126ms)
				ProcessInitializeOnLoadAttributes (425ms)
				ProcessInitializeOnLoadMethodAttributes (94ms)
				AfterProcessingInitializeOnLoad (20ms)
				EditorAssembliesLoaded (0ms)
			ExecutionOrderSort2 (0ms)
			AwakeInstancesAfterBackupRestoration (15ms)
Platform modules already initialized, skipping
Refreshing native plugins compatible for Editor in 9.54 ms, found 4 plugins.
Preloading 0 native plugins for Editor in 0.00 ms.
Unloading 4735 Unused Serialized files (Serialized files now loaded: 0)
Unloading 62 unused Assets / (26.0 KB). Loaded Objects now: 5220.
Memory consumption went from 183.4 MB to 183.3 MB.
Total: 10.504400 ms (FindLiveObjects: 0.377300 ms CreateObjectMapping: 0.267000 ms MarkObjects: 9.821900 ms  DeleteObjects: 0.037000 ms)

AssetImportParameters requested are different than current active one (requested -> active):
  custom:video-decoder-ogg-theora: a1e56fd34408186e4bbccfd4996cb3dc -> 
  custom:container-muxer-webm: aa71ff27fc2769a1b78a27578f13a17b -> 
  custom:container-demuxer-webm: 4f35f7cbe854078d1ac9338744f61a02 -> 
  custom:video-encoder-webm-vp8: eb34c28f22e8b96e1ab97ce403110664 -> 
  custom:audio-encoder-webm-vorbis: bf7c407c2cedff20999df2af8eb42d56 -> 
  custom:framework-win-MediaFoundation: 216162199b28c13a410421893ffa2e32 -> 
  custom:container-demuxer-ogg: 62fdf1f143b41e24485cea50d1cbac27 -> 
  custom:video-decoder-webm-vp8: 9c59270c3fd7afecdb556c50c9e8de78 -> 
  custom:audio-decoder-ogg-vorbis: bf7c407c2cedff20999df2af8eb42d56 -> 
Editor requested this worker to shutdown with reason: Scaling down because of idle timeout
AssetImportWorker is now disconnected from the server
Process exiting
Exiting without the bug reporter. Application will terminate with return code 0