Using pre-set license
Built from '2021.3/staging' branch; Version is '2021.3.5f1 (40eb3a945986) revision 4254522'; Using compiler version '192829333'; Build Type 'Release'
OS: 'Windows 10  (10.0.19044) 64bit Professional' Language: 'ko' Physical Memory: 16311 MB
BatchMode: 1, IsHumanControllingUs: 0, StartBugReporterOnCrash: 0, Is64bit: 1, IsPro: 1

COMMAND LINE ARGUMENTS:
C:\Program Files\Unity\Hub\Editor\2021.3.5f1\Editor\Unity.exe
-adb2
-batchMode
-noUpm
-name
AssetImportWorker1
-projectPath
C:/Users/USER/HeroTurnCU
-logFile
Logs/AssetImportWorker1.log
-srvPort
8100
Successfully changed project path to: C:/Users/USER/HeroTurnCU
C:/Users/USER/HeroTurnCU
[UnityMemory] Configuration Parameters - Can be set up in boot.config
    "memorysetup-bucket-allocator-granularity=16"
    "memorysetup-bucket-allocator-bucket-count=8"
    "memorysetup-bucket-allocator-block-size=33554432"
    "memorysetup-bucket-allocator-block-count=8"
    "memorysetup-main-allocator-block-size=16777216"
    "memorysetup-thread-allocator-block-size=16777216"
    "memorysetup-gfx-main-allocator-block-size=16777216"
    "memorysetup-gfx-thread-allocator-block-size=16777216"
    "memorysetup-cache-allocator-block-size=4194304"
    "memorysetup-typetree-allocator-block-size=2097152"
    "memorysetup-profiler-bucket-allocator-granularity=16"
    "memorysetup-profiler-bucket-allocator-bucket-count=8"
    "memorysetup-profiler-bucket-allocator-block-size=33554432"
    "memorysetup-profiler-bucket-allocator-block-count=8"
    "memorysetup-profiler-allocator-block-size=16777216"
    "memorysetup-profiler-editor-allocator-block-size=1048576"
    "memorysetup-temp-allocator-size-main=16777216"
    "memorysetup-job-temp-allocator-block-size=2097152"
    "memorysetup-job-temp-allocator-block-size-background=1048576"
    "memorysetup-job-temp-allocator-reduction-small-platforms=262144"
    "memorysetup-temp-allocator-size-background-worker=32768"
    "memorysetup-temp-allocator-size-job-worker=262144"
    "memorysetup-temp-allocator-size-preload-manager=33554432"
    "memorysetup-temp-allocator-size-nav-mesh-worker=65536"
    "memorysetup-temp-allocator-size-audio-worker=65536"
    "memorysetup-temp-allocator-size-cloud-worker=32768"
    "memorysetup-temp-allocator-size-gi-baking-worker=262144"
    "memorysetup-temp-allocator-size-gfx=262144"
Default GameObject BitMask: Player already registered
Refreshing native plugins compatible for Editor in 144.91 ms, found 4 plugins.
Preloading 0 native plugins for Editor in 0.00 ms.
Initialize engine version: 2021.3.5f1 (40eb3a945986)
[Subsystems] Discovering subsystems at path C:/Program Files/Unity/Hub/Editor/2021.3.5f1/Editor/Data/Resources/UnitySubsystems
[Subsystems] Discovering subsystems at path C:/Users/USER/HeroTurnCU/Assets
GfxDevice: creating device client; threaded=0; jobified=0
Direct3D:
    Version:  Direct3D 11.0 [level 11.1]
    Renderer: NVIDIA GeForce RTX 3060 (ID=0x2487)
    Vendor:   NVIDIA
    VRAM:     12124 MB
    Driver:   31.0.15.2756
Initialize mono
Mono path[0] = 'C:/Program Files/Unity/Hub/Editor/2021.3.5f1/Editor/Data/Managed'
Mono path[1] = 'C:/Program Files/Unity/Hub/Editor/2021.3.5f1/Editor/Data/MonoBleedingEdge/lib/mono/unityjit-win32'
Mono config path = 'C:/Program Files/Unity/Hub/Editor/2021.3.5f1/Editor/Data/MonoBleedingEdge/etc'
Using monoOptions --debugger-agent=transport=dt_socket,embedding=1,server=y,suspend=n,address=127.0.0.1:56536
Begin MonoManager ReloadAssembly
Registering precompiled unity dll's ...
Register platform support module: C:/Program Files/Unity/Hub/Editor/2021.3.5f1/Editor/Data/PlaybackEngines/WindowsStandaloneSupport/UnityEditor.WindowsStandalone.Extensions.dll
Registered in 0.016082 seconds.
Native extension for WindowsStandalone target not found
Refreshing native plugins compatible for Editor in 131.27 ms, found 4 plugins.
Preloading 0 native plugins for Editor in 0.00 ms.
Mono: successfully reloaded assembly
- Completed reload, in  0.722 seconds
Domain Reload Profiling:
	ReloadAssembly (722ms)
		BeginReloadAssembly (101ms)
			ExecutionOrderSort (0ms)
			DisableScriptedObjects (0ms)
			BackupInstance (0ms)
			ReleaseScriptingObjects (0ms)
			CreateAndSetChildDomain (1ms)
		EndReloadAssembly (494ms)
			LoadAssemblies (96ms)
			RebuildTransferFunctionScriptingTraits (0ms)
			SetupTypeCache (99ms)
			ReleaseScriptCaches (0ms)
			RebuildScriptCaches (28ms)
			SetupLoadedEditorAssemblies (305ms)
				LogAssemblyErrors (0ms)
				InitializePlatformSupportModulesInManaged (10ms)
				SetLoadedEditorAssemblies (0ms)
				RefreshPlugins (131ms)
				BeforeProcessingInitializeOnLoad (1ms)
				ProcessInitializeOnLoadAttributes (114ms)
				ProcessInitializeOnLoadMethodAttributes (49ms)
				AfterProcessingInitializeOnLoad (0ms)
				EditorAssembliesLoaded (0ms)
			ExecutionOrderSort2 (0ms)
			AwakeInstancesAfterBackupRestoration (0ms)
Platform modules already initialized, skipping
Registering precompiled user dll's ...
Registered in 0.019470 seconds.
Begin MonoManager ReloadAssembly
Symbol file LoadedFromMemory doesn't match image C:\Users\USER\HeroTurnCU\Library\PackageCache\com.unity.visualscripting@1.7.8\Editor\VisualScripting.Core\Dependencies\DotNetZip\Unity.VisualScripting.IonicZip.dll
Symbol file LoadedFromMemory doesn't match image C:\Users\USER\HeroTurnCU\Library\PackageCache\com.unity.visualscripting@1.7.8\Editor\VisualScripting.Core\Dependencies\YamlDotNet\Unity.VisualScripting.YamlDotNet.dll
Native extension for WindowsStandalone target not found
Refreshing native plugins compatible for Editor in 138.65 ms, found 4 plugins.
Preloading 0 native plugins for Editor in 0.00 ms.
System.Exception: Error! Visual Scripting: couldn't find visual scripting package
  at Unity.VisualScripting.PackageVersionUtility.get_version () [0x00043] in C:\Users\USER\HeroTurnCU\Library\PackageCache\com.unity.visualscripting@1.7.8\Editor\VisualScripting.Core\Utilities\PackageVersionUtility.cs:31 
  at Unity.VisualScripting.BoltCoreManifest.get_version () [0x00000] in C:\Users\USER\HeroTurnCU\Library\PackageCache\com.unity.visualscripting@1.7.8\Editor\VisualScripting.Core\Plugin\BoltCoreManifest.cs:11 
  at Unity.VisualScripting.PluginManifest.get_currentVersion () [0x00000] in C:\Users\USER\HeroTurnCU\Library\PackageCache\com.unity.visualscripting@1.7.8\Editor\VisualScripting.Core\Plugins\PluginManifest.cs:33 
  at Unity.VisualScripting.PluginManifest.get_versionMismatch () [0x00000] in C:\Users\USER\HeroTurnCU\Library\PackageCache\com.unity.visualscripting@1.7.8\Editor\VisualScripting.Core\Plugins\PluginManifest.cs:48 
  at Unity.VisualScripting.PluginContainer.Initialize () [0x00525] in C:\Users\USER\HeroTurnCU\Library\PackageCache\com.unity.visualscripting@1.7.8\Editor\VisualScripting.Core\Plugins\PluginContainer.cs:208 
  at Unity.VisualScripting.PluginContainer.InitializeOnLoad () [0x00009] in C:\Users\USER\HeroTurnCU\Library\PackageCache\com.unity.visualscripting@1.7.8\Editor\VisualScripting.Core\Plugins\PluginContainer.cs:32 
  at Unity.VisualScripting.VSUsageUtility.DoInitializeOnLoadCalls () [0x00034] in C:\Users\USER\HeroTurnCU\Library\PackageCache\com.unity.visualscripting@1.7.8\Editor\VisualScripting.Core\Utilities\VSUsageUtility.cs:76 
  at Unity.VisualScripting.VSUsageUtility.set_isVisualScriptingUsed (System.Boolean value) [0x0002c] in C:\Users\USER\HeroTurnCU\Library\PackageCache\com.unity.visualscripting@1.7.8\Editor\VisualScripting.Core\Utilities\VSUsageUtility.cs:114 
  at Unity.VisualScripting.VSUsageUtility.CheckAndSetIsVisualScriptingUsed () [0x00032] in C:\Users\USER\HeroTurnCU\Library\PackageCache\com.unity.visualscripting@1.7.8\Editor\VisualScripting.Core\Utilities\VSUsageUtility.cs:48 
  at Unity.VisualScripting.VSUsageUtility..cctor () [0x00000] in C:\Users\USER\HeroTurnCU\Library\PackageCache\com.unity.visualscripting@1.7.8\Editor\VisualScripting.Core\Utilities\VSUsageUtility.cs:22 
UnityEngine.StackTraceUtility:ExtractStackTrace ()
UnityEngine.DebugLogHandler:LogFormat (UnityEngine.LogType,UnityEngine.Object,string,object[])
UnityEngine.Logger:Log (UnityEngine.LogType,object)
UnityEngine.Debug:LogError (object)
UnityEditor.EditorAssemblies:ProcessInitializeOnLoadAttributes (System.Type[])

Package Manager log level set to [2]
Mono: successfully reloaded assembly
- Completed reload, in  1.841 seconds
Domain Reload Profiling:
	ReloadAssembly (1842ms)
		BeginReloadAssembly (141ms)
			ExecutionOrderSort (0ms)
			DisableScriptedObjects (5ms)
			BackupInstance (0ms)
			ReleaseScriptingObjects (0ms)
			CreateAndSetChildDomain (22ms)
		EndReloadAssembly (1566ms)
			LoadAssemblies (150ms)
			RebuildTransferFunctionScriptingTraits (0ms)
			SetupTypeCache (264ms)
			ReleaseScriptCaches (1ms)
			RebuildScriptCaches (65ms)
			SetupLoadedEditorAssemblies (1040ms)
				LogAssemblyErrors (0ms)
				InitializePlatformSupportModulesInManaged (8ms)
				SetLoadedEditorAssemblies (0ms)
				RefreshPlugins (139ms)
				BeforeProcessingInitializeOnLoad (142ms)
				ProcessInitializeOnLoadAttributes (627ms)
				ProcessInitializeOnLoadMethodAttributes (105ms)
				AfterProcessingInitializeOnLoad (19ms)
				EditorAssembliesLoaded (0ms)
			ExecutionOrderSort2 (0ms)
			AwakeInstancesAfterBackupRestoration (10ms)
Platform modules already initialized, skipping
========================================================================
Worker process is ready to serve import requests
Default GameObject BitMask: Player already registered
Launched and connected shader compiler UnityShaderCompiler.exe after 0.07 seconds
Refreshing native plugins compatible for Editor in 2.36 ms, found 4 plugins.
Preloading 0 native plugins for Editor in 0.00 ms.
Unloading 4760 Unused Serialized files (Serialized files now loaded: 0)
Unloading 75 unused Assets / (56.6 KB). Loaded Objects now: 5189.
Memory consumption went from 180.9 MB to 180.9 MB.
Total: 15.793500 ms (FindLiveObjects: 0.563800 ms CreateObjectMapping: 0.518000 ms MarkObjects: 14.576700 ms  DeleteObjects: 0.133300 ms)

AssetImportParameters requested are different than current active one (requested -> active):
  custom:video-decoder-ogg-theora: a1e56fd34408186e4bbccfd4996cb3dc -> 
  custom:container-muxer-webm: aa71ff27fc2769a1b78a27578f13a17b -> 
  custom:container-demuxer-webm: 4f35f7cbe854078d1ac9338744f61a02 -> 
  custom:video-encoder-webm-vp8: eb34c28f22e8b96e1ab97ce403110664 -> 
  custom:audio-encoder-webm-vorbis: bf7c407c2cedff20999df2af8eb42d56 -> 
  custom:framework-win-MediaFoundation: 216162199b28c13a410421893ffa2e32 -> 
  custom:container-demuxer-ogg: 62fdf1f143b41e24485cea50d1cbac27 -> 
  custom:video-decoder-webm-vp8: 9c59270c3fd7afecdb556c50c9e8de78 -> 
  custom:audio-decoder-ogg-vorbis: bf7c407c2cedff20999df2af8eb42d56 -> 
========================================================================
Received Import Request.
  Time since last request: 8594.613368 seconds.
  path: Assets/Audio/8. dance-kit-sample-2.mp3
  artifactKey: Guid(103e019ed75179643a07d0a6bfc1ffb2) Importer(815301076,1909f56bfc062723c751e8b465ee728b)
Start importing Assets/Audio/8. dance-kit-sample-2.mp3 using Guid(103e019ed75179643a07d0a6bfc1ffb2) Importer(815301076,1909f56bfc062723c751e8b465ee728b)  -> (artifact id: '5831b00ec2cf3337beb8b9ba8526d9c7') in 0.127888 seconds 
========================================================================
Received Import Request.
  Time since last request: 0.000039 seconds.
  path: Assets/Audio/주인공 공격시전.mp3
  artifactKey: Guid(f1c356736cc62124db48dee462238268) Importer(815301076,1909f56bfc062723c751e8b465ee728b)
Start importing Assets/Audio/주인공 공격시전.mp3 using Guid(f1c356736cc62124db48dee462238268) Importer(815301076,1909f56bfc062723c751e8b465ee728b)  -> (artifact id: 'c0d9ad20a801d7becad99274b54cc812') in 0.025185 seconds 
========================================================================
Received Import Request.
  Time since last request: 0.000023 seconds.
  path: Assets/Audio/13. creepy-strange-music-loop.mp3
  artifactKey: Guid(bcef4fbf2e245794587cdafe5ceedabd) Importer(815301076,1909f56bfc062723c751e8b465ee728b)
Start importing Assets/Audio/13. creepy-strange-music-loop.mp3 using Guid(bcef4fbf2e245794587cdafe5ceedabd) Importer(815301076,1909f56bfc062723c751e8b465ee728b)  -> (artifact id: '717c8fb8b3e8aad12ae74fcd92d8e28d') in 0.028171 seconds 
========================================================================
Received Import Request.
  Time since last request: 0.000040 seconds.
  path: Assets/Audio/castle-music-loop-1.mp3
  artifactKey: Guid(18f16b741eb2515428fdace35c4f7e6a) Importer(815301076,1909f56bfc062723c751e8b465ee728b)
Start importing Assets/Audio/castle-music-loop-1.mp3 using Guid(18f16b741eb2515428fdace35c4f7e6a) Importer(815301076,1909f56bfc062723c751e8b465ee728b)  -> (artifact id: '04b76cfcb61428b56e38cc1357ddacbf') in 0.080202 seconds 
========================================================================
Received Prepare
Default GameObject BitMask: Player already registered
Registering precompiled user dll's ...
Registered in 0.018399 seconds.
Begin MonoManager ReloadAssembly
Symbol file LoadedFromMemory doesn't match image C:\Users\USER\HeroTurnCU\Library\PackageCache\com.unity.visualscripting@1.7.8\Editor\VisualScripting.Core\Dependencies\DotNetZip\Unity.VisualScripting.IonicZip.dll
Symbol file LoadedFromMemory doesn't match image C:\Users\USER\HeroTurnCU\Library\PackageCache\com.unity.visualscripting@1.7.8\Editor\VisualScripting.Core\Dependencies\YamlDotNet\Unity.VisualScripting.YamlDotNet.dll
Native extension for WindowsStandalone target not found
Refreshing native plugins compatible for Editor in 1.26 ms, found 4 plugins.
Preloading 0 native plugins for Editor in 0.00 ms.
System.Exception: Error! Visual Scripting: couldn't find visual scripting package
  at Unity.VisualScripting.PackageVersionUtility.get_version () [0x00043] in C:\Users\USER\HeroTurnCU\Library\PackageCache\com.unity.visualscripting@1.7.8\Editor\VisualScripting.Core\Utilities\PackageVersionUtility.cs:31 
  at Unity.VisualScripting.BoltCoreManifest.get_version () [0x00000] in C:\Users\USER\HeroTurnCU\Library\PackageCache\com.unity.visualscripting@1.7.8\Editor\VisualScripting.Core\Plugin\BoltCoreManifest.cs:11 
  at Unity.VisualScripting.PluginManifest.get_currentVersion () [0x00000] in C:\Users\USER\HeroTurnCU\Library\PackageCache\com.unity.visualscripting@1.7.8\Editor\VisualScripting.Core\Plugins\PluginManifest.cs:33 
  at Unity.VisualScripting.PluginManifest.get_versionMismatch () [0x00000] in C:\Users\USER\HeroTurnCU\Library\PackageCache\com.unity.visualscripting@1.7.8\Editor\VisualScripting.Core\Plugins\PluginManifest.cs:48 
  at Unity.VisualScripting.PluginContainer.Initialize () [0x00525] in C:\Users\USER\HeroTurnCU\Library\PackageCache\com.unity.visualscripting@1.7.8\Editor\VisualScripting.Core\Plugins\PluginContainer.cs:208 
  at Unity.VisualScripting.PluginContainer.InitializeOnLoad () [0x00009] in C:\Users\USER\HeroTurnCU\Library\PackageCache\com.unity.visualscripting@1.7.8\Editor\VisualScripting.Core\Plugins\PluginContainer.cs:32 
  at Unity.VisualScripting.VSUsageUtility.DoInitializeOnLoadCalls () [0x00034] in C:\Users\USER\HeroTurnCU\Library\PackageCache\com.unity.visualscripting@1.7.8\Editor\VisualScripting.Core\Utilities\VSUsageUtility.cs:76 
  at Unity.VisualScripting.VSUsageUtility.set_isVisualScriptingUsed (System.Boolean value) [0x0002c] in C:\Users\USER\HeroTurnCU\Library\PackageCache\com.unity.visualscripting@1.7.8\Editor\VisualScripting.Core\Utilities\VSUsageUtility.cs:114 
  at Unity.VisualScripting.VSUsageUtility.CheckAndSetIsVisualScriptingUsed () [0x0000d] in C:\Users\USER\HeroTurnCU\Library\PackageCache\com.unity.visualscripting@1.7.8\Editor\VisualScripting.Core\Utilities\VSUsageUtility.cs:33 
  at Unity.VisualScripting.VSUsageUtility..cctor () [0x00000] in C:\Users\USER\HeroTurnCU\Library\PackageCache\com.unity.visualscripting@1.7.8\Editor\VisualScripting.Core\Utilities\VSUsageUtility.cs:22 
UnityEngine.StackTraceUtility:ExtractStackTrace ()
UnityEngine.DebugLogHandler:LogFormat (UnityEngine.LogType,UnityEngine.Object,string,object[])
UnityEngine.Logger:Log (UnityEngine.LogType,object)
UnityEngine.Debug:LogError (object)
UnityEditor.EditorAssemblies:ProcessInitializeOnLoadAttributes (System.Type[])

Mono: successfully reloaded assembly
- Completed reload, in  1.564 seconds
Domain Reload Profiling:
	ReloadAssembly (1564ms)
		BeginReloadAssembly (192ms)
			ExecutionOrderSort (0ms)
			DisableScriptedObjects (6ms)
			BackupInstance (0ms)
			ReleaseScriptingObjects (0ms)
			CreateAndSetChildDomain (60ms)
		EndReloadAssembly (1255ms)
			LoadAssemblies (140ms)
			RebuildTransferFunctionScriptingTraits (0ms)
			SetupTypeCache (237ms)
			ReleaseScriptCaches (1ms)
			RebuildScriptCaches (48ms)
			SetupLoadedEditorAssemblies (635ms)
				LogAssemblyErrors (0ms)
				InitializePlatformSupportModulesInManaged (13ms)
				SetLoadedEditorAssemblies (0ms)
				RefreshPlugins (1ms)
				BeforeProcessingInitializeOnLoad (106ms)
				ProcessInitializeOnLoadAttributes (405ms)
				ProcessInitializeOnLoadMethodAttributes (94ms)
				AfterProcessingInitializeOnLoad (15ms)
				EditorAssembliesLoaded (0ms)
			ExecutionOrderSort2 (0ms)
			AwakeInstancesAfterBackupRestoration (10ms)
Platform modules already initialized, skipping
Refreshing native plugins compatible for Editor in 8.44 ms, found 4 plugins.
Preloading 0 native plugins for Editor in 0.00 ms.
Unloading 4736 Unused Serialized files (Serialized files now loaded: 0)
Unloading 62 unused Assets / (25.8 KB). Loaded Objects now: 5201.
Memory consumption went from 183.2 MB to 183.1 MB.
Total: 10.707400 ms (FindLiveObjects: 1.073300 ms CreateObjectMapping: 0.414600 ms MarkObjects: 9.160000 ms  DeleteObjects: 0.058300 ms)

AssetImportParameters requested are different than current active one (requested -> active):
  custom:video-decoder-ogg-theora: a1e56fd34408186e4bbccfd4996cb3dc -> 
  custom:container-muxer-webm: aa71ff27fc2769a1b78a27578f13a17b -> 
  custom:container-demuxer-webm: 4f35f7cbe854078d1ac9338744f61a02 -> 
  custom:video-encoder-webm-vp8: eb34c28f22e8b96e1ab97ce403110664 -> 
  custom:audio-encoder-webm-vorbis: bf7c407c2cedff20999df2af8eb42d56 -> 
  custom:framework-win-MediaFoundation: 216162199b28c13a410421893ffa2e32 -> 
  custom:container-demuxer-ogg: 62fdf1f143b41e24485cea50d1cbac27 -> 
  custom:video-decoder-webm-vp8: 9c59270c3fd7afecdb556c50c9e8de78 -> 
  custom:audio-decoder-ogg-vorbis: bf7c407c2cedff20999df2af8eb42d56 -> 
========================================================================
Received Import Request.
  Time since last request: 393.566163 seconds.
  path: Assets/Game/Items
  artifactKey: Guid(50061bcdf13489e45aafd90005e079c6) Importer(815301076,1909f56bfc062723c751e8b465ee728b)
Start importing Assets/Game/Items using Guid(50061bcdf13489e45aafd90005e079c6) Importer(815301076,1909f56bfc062723c751e8b465ee728b)  -> (artifact id: '948c4af3c33d65165cf64eab5eb892ce') in 0.009057 seconds 
========================================================================
Received Import Request.
  Time since last request: 0.255513 seconds.
  path: Assets/Game/Main
  artifactKey: Guid(c35aab400d70b254589d9347963b371b) Importer(815301076,1909f56bfc062723c751e8b465ee728b)
Start importing Assets/Game/Main using Guid(c35aab400d70b254589d9347963b371b) Importer(815301076,1909f56bfc062723c751e8b465ee728b)  -> (artifact id: 'a5e120cacd4395a20841a0e9e748649f') in 0.004239 seconds 
========================================================================
Received Import Request.
  Time since last request: 0.040289 seconds.
  path: Assets/Game/Main/EssentialObject.prefab
  artifactKey: Guid(05b6849a79cfd914483073583baa6c4c) Importer(815301076,1909f56bfc062723c751e8b465ee728b)
Start importing Assets/Game/Main/EssentialObject.prefab using Guid(05b6849a79cfd914483073583baa6c4c) Importer(815301076,1909f56bfc062723c751e8b465ee728b)  -> (artifact id: 'b0a93ae56bd3dd942f6a1f4b0cd16712') in 0.563521 seconds 
========================================================================
Received Import Request.
  Time since last request: 5.511373 seconds.
  path: Assets/Game/Audio/SE/Absorb1.ogg
  artifactKey: Guid(3e76bc9449e445142a45b25f073bca14) Importer(815301076,1909f56bfc062723c751e8b465ee728b)
Start importing Assets/Game/Audio/SE/Absorb1.ogg using Guid(3e76bc9449e445142a45b25f073bca14) Importer(815301076,1909f56bfc062723c751e8b465ee728b)  -> (artifact id: '85ef475d833c8ec3979abd727db2c8bf') in 0.044155 seconds 
========================================================================
Received Import Request.
  Time since last request: 0.000027 seconds.
  path: Assets/Game/Audio/BGM/Battle5.ogg
  artifactKey: Guid(4d1747b2cf2ca564c8136a6ce28f095a) Importer(815301076,1909f56bfc062723c751e8b465ee728b)
Start importing Assets/Game/Audio/BGM/Battle5.ogg using Guid(4d1747b2cf2ca564c8136a6ce28f095a) Importer(815301076,1909f56bfc062723c751e8b465ee728b)  -> (artifact id: '451e98c1c113d683490200e4d0a71d56') in 0.021623 seconds 
========================================================================
Received Import Request.
  Time since last request: 0.000033 seconds.
  path: Assets/Audio/BGM/Battle3.ogg
  artifactKey: Guid(7419d1f955b5f6f4aa03d69192039be7) Importer(815301076,1909f56bfc062723c751e8b465ee728b)
Start importing Assets/Audio/BGM/Battle3.ogg using Guid(7419d1f955b5f6f4aa03d69192039be7) Importer(815301076,1909f56bfc062723c751e8b465ee728b)  -> (artifact id: '328d4c12ec1d554f087b4b41c527d97b') in 0.021615 seconds 
========================================================================
Received Import Request.
  Time since last request: 0.000039 seconds.
  path: Assets/Audio/BGM/Battle5.ogg
  artifactKey: Guid(7fa7e465c294b6f418232036a60522a2) Importer(815301076,1909f56bfc062723c751e8b465ee728b)
Start importing Assets/Audio/BGM/Battle5.ogg using Guid(7fa7e465c294b6f418232036a60522a2) Importer(815301076,1909f56bfc062723c751e8b465ee728b)  -> (artifact id: 'a43fe3ac9fab849ab4bcb4479d8e650c') in 0.015076 seconds 
========================================================================
Received Import Request.
  Time since last request: 0.000069 seconds.
  path: Assets/Audio/BGM/Battle7.ogg
  artifactKey: Guid(45f047b19ee009046a8cb6f4a14ec94f) Importer(815301076,1909f56bfc062723c751e8b465ee728b)
Start importing Assets/Audio/BGM/Battle7.ogg using Guid(45f047b19ee009046a8cb6f4a14ec94f) Importer(815301076,1909f56bfc062723c751e8b465ee728b)  -> (artifact id: '454eacad08ee0bb9c08d9f1b13c8bc49') in 0.017913 seconds 
========================================================================
Received Import Request.
  Time since last request: 0.000044 seconds.
  path: Assets/Audio/SE/Applause1.ogg
  artifactKey: Guid(0138f0d3307b64b40bacd0f3d10e8d55) Importer(815301076,1909f56bfc062723c751e8b465ee728b)
Start importing Assets/Audio/SE/Applause1.ogg using Guid(0138f0d3307b64b40bacd0f3d10e8d55) Importer(815301076,1909f56bfc062723c751e8b465ee728b)  -> (artifact id: '10ae0da733a197f92330290b990309f9') in 0.022421 seconds 
========================================================================
Received Import Request.
  Time since last request: 0.000037 seconds.
  path: Assets/Game/Audio/SE/Absorb2.ogg
  artifactKey: Guid(ab438b7d2567dea4dbe213844dcf2c6b) Importer(815301076,1909f56bfc062723c751e8b465ee728b)
Start importing Assets/Game/Audio/SE/Absorb2.ogg using Guid(ab438b7d2567dea4dbe213844dcf2c6b) Importer(815301076,1909f56bfc062723c751e8b465ee728b)  -> (artifact id: 'e1629c76843bfab72df0275c9763ba49') in 0.015761 seconds 
========================================================================
Received Import Request.
  Time since last request: 0.000028 seconds.
  path: Assets/Game/Audio/SE/Battle3.ogg
  artifactKey: Guid(529d7acccf8a742428eaa73fafa5c0f6) Importer(815301076,1909f56bfc062723c751e8b465ee728b)
Start importing Assets/Game/Audio/SE/Battle3.ogg using Guid(529d7acccf8a742428eaa73fafa5c0f6) Importer(815301076,1909f56bfc062723c751e8b465ee728b)  -> (artifact id: 'ba6cc7e3526bfd95c9dac0147c951e3a') in 0.011385 seconds 
========================================================================
Received Import Request.
  Time since last request: 0.000024 seconds.
  path: Assets/Game/Audio/SE/Battle2.ogg
  artifactKey: Guid(8bc71ec00a0356e44961fd9df821724d) Importer(815301076,1909f56bfc062723c751e8b465ee728b)
Start importing Assets/Game/Audio/SE/Battle2.ogg using Guid(8bc71ec00a0356e44961fd9df821724d) Importer(815301076,1909f56bfc062723c751e8b465ee728b)  -> (artifact id: '8162b458aa4882c2a3d079378c062d5d') in 0.018408 seconds 
========================================================================
Received Import Request.
  Time since last request: 0.000040 seconds.
  path: Assets/Game/Audio/SE/Applause1.ogg
  artifactKey: Guid(9457fd4e4435eca43a00632801828f7a) Importer(815301076,1909f56bfc062723c751e8b465ee728b)
Start importing Assets/Game/Audio/SE/Applause1.ogg using Guid(9457fd4e4435eca43a00632801828f7a) Importer(815301076,1909f56bfc062723c751e8b465ee728b)  -> (artifact id: '1c96b57e323813adb2b01580e63d9e33') in 0.027460 seconds 
========================================================================
Received Import Request.
  Time since last request: 0.000047 seconds.
  path: Assets/Game/Audio/SE/Barrier.ogg
  artifactKey: Guid(ebf3fe9c1fd8e0247b7c774a1d5c4d81) Importer(815301076,1909f56bfc062723c751e8b465ee728b)
Start importing Assets/Game/Audio/SE/Barrier.ogg using Guid(ebf3fe9c1fd8e0247b7c774a1d5c4d81) Importer(815301076,1909f56bfc062723c751e8b465ee728b)  -> (artifact id: 'c1700c3e0b9165167793d0d881b5be12') in 0.018163 seconds 
========================================================================
Received Import Request.
  Time since last request: 0.000051 seconds.
  path: Assets/Audio/SE/Battle1.ogg
  artifactKey: Guid(3b3a029e19c9a994c988527e561a88ae) Importer(815301076,1909f56bfc062723c751e8b465ee728b)
Start importing Assets/Audio/SE/Battle1.ogg using Guid(3b3a029e19c9a994c988527e561a88ae) Importer(815301076,1909f56bfc062723c751e8b465ee728b)  -> (artifact id: '14d495b0ebf0c94d4d7b17fd708ac30f') in 0.018751 seconds 
========================================================================
Received Import Request.
  Time since last request: 0.000034 seconds.
  path: Assets/Game/Audio/BGM/Battle2.ogg
  artifactKey: Guid(7ce22001350bf10489a7b1c5e33955ad) Importer(815301076,1909f56bfc062723c751e8b465ee728b)
Start importing Assets/Game/Audio/BGM/Battle2.ogg using Guid(7ce22001350bf10489a7b1c5e33955ad) Importer(815301076,1909f56bfc062723c751e8b465ee728b)  -> (artifact id: '312a46f860613492be6cf38de2d3e26b') in 0.014169 seconds 
========================================================================
Received Import Request.
  Time since last request: 0.000049 seconds.
  path: Assets/Audio/SE/Applause2.ogg
  artifactKey: Guid(c8eb1b292d7197d4f9e4b683477977f1) Importer(815301076,1909f56bfc062723c751e8b465ee728b)
Start importing Assets/Audio/SE/Applause2.ogg using Guid(c8eb1b292d7197d4f9e4b683477977f1) Importer(815301076,1909f56bfc062723c751e8b465ee728b)  -> (artifact id: '496606ddb9d7f27a5f78645caa1596b6') in 0.019813 seconds 
========================================================================
Received Import Request.
  Time since last request: 0.000026 seconds.
  path: Assets/Audio/SE/Autodoor.ogg
  artifactKey: Guid(f7e5533fecb295b42828674ec39643b1) Importer(815301076,1909f56bfc062723c751e8b465ee728b)
Start importing Assets/Audio/SE/Autodoor.ogg using Guid(f7e5533fecb295b42828674ec39643b1) Importer(815301076,1909f56bfc062723c751e8b465ee728b)  -> (artifact id: '2f7320d29df2dfa9c16d2c8e9af53555') in 0.015312 seconds 
========================================================================
Received Import Request.
  Time since last request: 0.000043 seconds.
  path: Assets/Audio/SE/Absorb2.ogg
  artifactKey: Guid(e2523af0ddb6abd49a618a90d9cf6247) Importer(815301076,1909f56bfc062723c751e8b465ee728b)
Start importing Assets/Audio/SE/Absorb2.ogg using Guid(e2523af0ddb6abd49a618a90d9cf6247) Importer(815301076,1909f56bfc062723c751e8b465ee728b)  -> (artifact id: 'bc21c49f24085ccc283163a04738a6be') in 0.016263 seconds 
========================================================================
Received Import Request.
  Time since last request: 0.000042 seconds.
  path: Assets/Audio/BGM/Battle8.ogg
  artifactKey: Guid(582d55bf7bddc74478dedc1ad7fe9a30) Importer(815301076,1909f56bfc062723c751e8b465ee728b)
Start importing Assets/Audio/BGM/Battle8.ogg using Guid(582d55bf7bddc74478dedc1ad7fe9a30) Importer(815301076,1909f56bfc062723c751e8b465ee728b)  -> (artifact id: '672c29276a417be8118d6eb5283a0535') in 0.013452 seconds 
========================================================================
Received Import Request.
  Time since last request: 0.000025 seconds.
  path: Assets/Audio/SE/Attack1.ogg
  artifactKey: Guid(2d18eb7f9c3d364489bf3034a4e92c6a) Importer(815301076,1909f56bfc062723c751e8b465ee728b)
Start importing Assets/Audio/SE/Attack1.ogg using Guid(2d18eb7f9c3d364489bf3034a4e92c6a) Importer(815301076,1909f56bfc062723c751e8b465ee728b)  -> (artifact id: 'ee3d5c5e34811611af41c77b5fff2832') in 0.016579 seconds 
========================================================================
Received Import Request.
  Time since last request: 0.000059 seconds.
  path: Assets/Game/Audio/BGM/Battle6.ogg
  artifactKey: Guid(ddd22fc3f77392d4f88499e9b86a51a8) Importer(815301076,1909f56bfc062723c751e8b465ee728b)
Start importing Assets/Game/Audio/BGM/Battle6.ogg using Guid(ddd22fc3f77392d4f88499e9b86a51a8) Importer(815301076,1909f56bfc062723c751e8b465ee728b)  -> (artifact id: '96f73c3e22b070f590cdb4fab6e35485') in 0.013809 seconds 
========================================================================
Received Import Request.
  Time since last request: 0.000022 seconds.
  path: Assets/Game/Audio/SE/Autodoor.ogg
  artifactKey: Guid(32f13fe137380ef43b55230c20d44db5) Importer(815301076,1909f56bfc062723c751e8b465ee728b)
Start importing Assets/Game/Audio/SE/Autodoor.ogg using Guid(32f13fe137380ef43b55230c20d44db5) Importer(815301076,1909f56bfc062723c751e8b465ee728b)  -> (artifact id: 'bd4d8db2984eddc3a42f1e8dc17f1022') in 0.020998 seconds 
========================================================================
Received Import Request.
  Time since last request: 48.682726 seconds.
  path: Assets/Game/Audio/SE/Cancel1.ogg
  artifactKey: Guid(149e8b2fd7694ad47b186e5b3ec1aaec) Importer(815301076,1909f56bfc062723c751e8b465ee728b)
Start importing Assets/Game/Audio/SE/Cancel1.ogg using Guid(149e8b2fd7694ad47b186e5b3ec1aaec) Importer(815301076,1909f56bfc062723c751e8b465ee728b)  -> (artifact id: 'faa7fc8cebdb32c456a4cab81bd44706') in 0.042952 seconds 
========================================================================
Received Import Request.
  Time since last request: 0.000036 seconds.
  path: Assets/Audio/SE/Crash.ogg
  artifactKey: Guid(52c2473e032a3dc439fc1e5f4bc21c06) Importer(815301076,1909f56bfc062723c751e8b465ee728b)
Start importing Assets/Audio/SE/Crash.ogg using Guid(52c2473e032a3dc439fc1e5f4bc21c06) Importer(815301076,1909f56bfc062723c751e8b465ee728b)  -> (artifact id: 'c4ffa24c0a4ae7a42f96a80a12432069') in 0.019428 seconds 
========================================================================
Received Import Request.
  Time since last request: 0.000032 seconds.
  path: Assets/Audio/SE/Chicken.ogg
  artifactKey: Guid(e2d04972b8cdb1249bb0647d75b1c99e) Importer(815301076,1909f56bfc062723c751e8b465ee728b)
Start importing Assets/Audio/SE/Chicken.ogg using Guid(e2d04972b8cdb1249bb0647d75b1c99e) Importer(815301076,1909f56bfc062723c751e8b465ee728b)  -> (artifact id: '92a122061c83b4c6e091448380fd1da3') in 0.028489 seconds 
========================================================================
Received Import Request.
  Time since last request: 0.000022 seconds.
  path: Assets/Audio/SE/Collapse3.ogg
  artifactKey: Guid(68dc5a23a30b8c1448d76ceb3d042026) Importer(815301076,1909f56bfc062723c751e8b465ee728b)
Start importing Assets/Audio/SE/Collapse3.ogg using Guid(68dc5a23a30b8c1448d76ceb3d042026) Importer(815301076,1909f56bfc062723c751e8b465ee728b)  -> (artifact id: 'b01f36b9cd46284b06fc42f10791fba2') in 0.014860 seconds 
========================================================================
Received Import Request.
  Time since last request: 0.000022 seconds.
  path: Assets/Game/Audio/SE/Crow.ogg
  artifactKey: Guid(0ceac2900fe358a428dafee789c1689e) Importer(815301076,1909f56bfc062723c751e8b465ee728b)
Start importing Assets/Game/Audio/SE/Crow.ogg using Guid(0ceac2900fe358a428dafee789c1689e) Importer(815301076,1909f56bfc062723c751e8b465ee728b)  -> (artifact id: 'ebe5254c513a3ebfda09c2e9a107e4ba') in 0.016761 seconds 
========================================================================
Received Import Request.
  Time since last request: 0.000036 seconds.
  path: Assets/Game/Audio/SE/Collapse1.ogg
  artifactKey: Guid(17b24af29bba82542a0a9b5f7b687024) Importer(815301076,1909f56bfc062723c751e8b465ee728b)
Start importing Assets/Game/Audio/SE/Collapse1.ogg using Guid(17b24af29bba82542a0a9b5f7b687024) Importer(815301076,1909f56bfc062723c751e8b465ee728b)  -> (artifact id: 'd48d5e02a6bc5eb60588ced39e38377b') in 0.019453 seconds 
========================================================================
Received Import Request.
  Time since last request: 0.000038 seconds.
  path: Assets/Audio/SE/Collapse4.ogg
  artifactKey: Guid(c719acb63a573c047bb630fcf7952437) Importer(815301076,1909f56bfc062723c751e8b465ee728b)
Start importing Assets/Audio/SE/Collapse4.ogg using Guid(c719acb63a573c047bb630fcf7952437) Importer(815301076,1909f56bfc062723c751e8b465ee728b)  -> (artifact id: '0f74bb944aa9e4c19e5b5ec9bb60a9fe') in 0.023204 seconds 
========================================================================
Received Import Request.
  Time since last request: 0.000037 seconds.
  path: Assets/Game/Audio/SE/Confuse.ogg
  artifactKey: Guid(0e73c820cfd302b438dbff60f60f68bf) Importer(815301076,1909f56bfc062723c751e8b465ee728b)
Start importing Assets/Game/Audio/SE/Confuse.ogg using Guid(0e73c820cfd302b438dbff60f60f68bf) Importer(815301076,1909f56bfc062723c751e8b465ee728b)  -> (artifact id: '8abbb96294f6421624e65d3400b9eb0e') in 0.019405 seconds 
========================================================================
Received Import Request.
  Time since last request: 0.000031 seconds.
  path: Assets/Audio/SE/Cow.ogg
  artifactKey: Guid(d8887271a7c607649b53bfa70c9d5d94) Importer(815301076,1909f56bfc062723c751e8b465ee728b)
Start importing Assets/Audio/SE/Cow.ogg using Guid(d8887271a7c607649b53bfa70c9d5d94) Importer(815301076,1909f56bfc062723c751e8b465ee728b)  -> (artifact id: 'cebce6a722de9c72849e50913f2944f9') in 0.027364 seconds 
========================================================================
Received Import Request.
  Time since last request: 0.000026 seconds.
  path: Assets/Game/Audio/SE/Chest.ogg
  artifactKey: Guid(d0c89c77754d64d428291c7ee4f1b0d1) Importer(815301076,1909f56bfc062723c751e8b465ee728b)
Start importing Assets/Game/Audio/SE/Chest.ogg using Guid(d0c89c77754d64d428291c7ee4f1b0d1) Importer(815301076,1909f56bfc062723c751e8b465ee728b)  -> (artifact id: '4db3a174ea55ee40de730c713aa44da4') in 0.023039 seconds 
========================================================================
Received Import Request.
  Time since last request: 0.000057 seconds.
  path: Assets/Audio/SE/Close1.ogg
  artifactKey: Guid(3ac97fae67d9fb743b1c468320c4d7f4) Importer(815301076,1909f56bfc062723c751e8b465ee728b)
Start importing Assets/Audio/SE/Close1.ogg using Guid(3ac97fae67d9fb743b1c468320c4d7f4) Importer(815301076,1909f56bfc062723c751e8b465ee728b)  -> (artifact id: 'd54d5d265b245e5ce692316128f422f7') in 0.016298 seconds 
========================================================================
Received Import Request.
  Time since last request: 0.000037 seconds.
  path: Assets/Game/Audio/SE/Collapse4.ogg
  artifactKey: Guid(a6d87f3e37b19f4499c8dfd8db84ffaa) Importer(815301076,1909f56bfc062723c751e8b465ee728b)
Start importing Assets/Game/Audio/SE/Collapse4.ogg using Guid(a6d87f3e37b19f4499c8dfd8db84ffaa) Importer(815301076,1909f56bfc062723c751e8b465ee728b)  -> (artifact id: '1b5403bb58b76983d6c1fcd470018bb8') in 0.016045 seconds 
========================================================================
Received Import Request.
  Time since last request: 3.411795 seconds.
  path: Assets/Game/Audio/SE/Recovery.ogg
  artifactKey: Guid(9ae74150b3a76394c9f4b7c76c51527a) Importer(815301076,1909f56bfc062723c751e8b465ee728b)
Start importing Assets/Game/Audio/SE/Recovery.ogg using Guid(9ae74150b3a76394c9f4b7c76c51527a) Importer(815301076,1909f56bfc062723c751e8b465ee728b)  -> (artifact id: 'a168e92910ab1890c41a85fae7276f0d') in 0.014202 seconds 
========================================================================
Received Import Request.
  Time since last request: 5.595366 seconds.
  path: Assets/Audio/SE/Cursor1.ogg
  artifactKey: Guid(993f11ae88306784595bb308e0ba47ce) Importer(815301076,1909f56bfc062723c751e8b465ee728b)
Start importing Assets/Audio/SE/Cursor1.ogg using Guid(993f11ae88306784595bb308e0ba47ce) Importer(815301076,1909f56bfc062723c751e8b465ee728b)  -> (artifact id: '1e5b26523df30f77366ccac404111cfa') in 0.014672 seconds 
========================================================================
Received Import Request.
  Time since last request: 0.000021 seconds.
  path: Assets/Audio/SE/Darkness1.ogg
  artifactKey: Guid(4985079ea9f0f054499d3202bdc2a31a) Importer(815301076,1909f56bfc062723c751e8b465ee728b)
Start importing Assets/Audio/SE/Darkness1.ogg using Guid(4985079ea9f0f054499d3202bdc2a31a) Importer(815301076,1909f56bfc062723c751e8b465ee728b)  -> (artifact id: 'bac07dbda2454b2ed044ab2e377df275') in 0.019345 seconds 
========================================================================
Received Import Request.
  Time since last request: 0.000023 seconds.
  path: Assets/Audio/SE/Darkness2.ogg
  artifactKey: Guid(348a50b202ede744da1784482c81ffd4) Importer(815301076,1909f56bfc062723c751e8b465ee728b)
Start importing Assets/Audio/SE/Darkness2.ogg using Guid(348a50b202ede744da1784482c81ffd4) Importer(815301076,1909f56bfc062723c751e8b465ee728b)  -> (artifact id: 'aa642eede07ca378b97c7d23cb35e693') in 0.017333 seconds 
========================================================================
Received Import Request.
  Time since last request: 0.000052 seconds.
  path: Assets/Audio/SE/Darkness4.ogg
  artifactKey: Guid(00507d5ec6b3605439d07891d949a6e5) Importer(815301076,1909f56bfc062723c751e8b465ee728b)
Start importing Assets/Audio/SE/Darkness4.ogg using Guid(00507d5ec6b3605439d07891d949a6e5) Importer(815301076,1909f56bfc062723c751e8b465ee728b)  -> (artifact id: 'c0a8124ba48d57296e4b982c932d4858') in 0.015573 seconds 
========================================================================
Received Import Request.
  Time since last request: 0.955516 seconds.
  path: Assets/Game/Audio/SE/Magic1.ogg
  artifactKey: Guid(e7ade42eadffe2f4483d7e3010439da8) Importer(815301076,1909f56bfc062723c751e8b465ee728b)
Start importing Assets/Game/Audio/SE/Magic1.ogg using Guid(e7ade42eadffe2f4483d7e3010439da8) Importer(815301076,1909f56bfc062723c751e8b465ee728b)  -> (artifact id: 'ba486a254172f535087ef9f70539b983') in 0.033075 seconds 
========================================================================
Received Import Request.
  Time since last request: 2.233503 seconds.
  path: Assets/Game/Audio/SE/Buzzer1.ogg
  artifactKey: Guid(275eaad5b7095ea46806633660eded81) Importer(815301076,1909f56bfc062723c751e8b465ee728b)
Start importing Assets/Game/Audio/SE/Buzzer1.ogg using Guid(275eaad5b7095ea46806633660eded81) Importer(815301076,1909f56bfc062723c751e8b465ee728b)  -> (artifact id: '398b1601456ef121c872e1894f9aaa99') in 0.014704 seconds 
========================================================================
Received Import Request.
  Time since last request: 0.000030 seconds.
  path: Assets/Audio/SE/Water1.ogg
  artifactKey: Guid(03b6445979b8d624aaf3df6cd19aa3d2) Importer(815301076,1909f56bfc062723c751e8b465ee728b)
Start importing Assets/Audio/SE/Water1.ogg using Guid(03b6445979b8d624aaf3df6cd19aa3d2) Importer(815301076,1909f56bfc062723c751e8b465ee728b)  -> (artifact id: 'ec01bde5dc1c65e5a7cb68691c440a20') in 0.023407 seconds 
========================================================================
Received Import Request.
  Time since last request: 0.000034 seconds.
  path: Assets/Audio/SE/Thunder1.ogg
  artifactKey: Guid(0757d88ac72b39b4090d330c8a1de620) Importer(815301076,1909f56bfc062723c751e8b465ee728b)
Start importing Assets/Audio/SE/Thunder1.ogg using Guid(0757d88ac72b39b4090d330c8a1de620) Importer(815301076,1909f56bfc062723c751e8b465ee728b)  -> (artifact id: '62559f1b8f66250f3fe5467930951d45') in 0.073225 seconds 
========================================================================
Received Import Request.
  Time since last request: 17.831515 seconds.
  path: Assets/Game/Characters/Trainer.prefab
  artifactKey: Guid(fd1234c2f8144024bbbd4ceb070fc4b9) Importer(815301076,1909f56bfc062723c751e8b465ee728b)
Start importing Assets/Game/Characters/Trainer.prefab using Guid(fd1234c2f8144024bbbd4ceb070fc4b9) Importer(815301076,1909f56bfc062723c751e8b465ee728b)  -> (artifact id: '28d58e1fd46f326c6ca7600dba1d279d') in 0.025049 seconds 
========================================================================
Received Import Request.
  Time since last request: 131.026946 seconds.
  path: Assets/Audio/SE/Bell1.ogg
  artifactKey: Guid(9eb87cad39bae5e4a9bbd5f766306cfa) Importer(815301076,1909f56bfc062723c751e8b465ee728b)
Start importing Assets/Audio/SE/Bell1.ogg using Guid(9eb87cad39bae5e4a9bbd5f766306cfa) Importer(815301076,1909f56bfc062723c751e8b465ee728b)  -> (artifact id: 'ee9e7c21136414d890f99c5d4efedc99') in 0.017668 seconds 
========================================================================
Received Import Request.
  Time since last request: 0.011108 seconds.
  path: Assets/Audio/SE/Bite.ogg
  artifactKey: Guid(eef6f91c642400147923cfbe84c6d31d) Importer(815301076,1909f56bfc062723c751e8b465ee728b)
Start importing Assets/Audio/SE/Bite.ogg using Guid(eef6f91c642400147923cfbe84c6d31d) Importer(815301076,1909f56bfc062723c751e8b465ee728b)  -> (artifact id: '8949637483b1a00b18b35fe5d1a5abe4') in 0.022996 seconds 
========================================================================
Received Import Request.
  Time since last request: 0.000055 seconds.
  path: Assets/Audio/SE/Blow3.ogg
  artifactKey: Guid(4a51eb193ce891549a5077a0a1d044d6) Importer(815301076,1909f56bfc062723c751e8b465ee728b)
Start importing Assets/Audio/SE/Blow3.ogg using Guid(4a51eb193ce891549a5077a0a1d044d6) Importer(815301076,1909f56bfc062723c751e8b465ee728b)  -> (artifact id: '0f3fa699bb8364cff005990137879604') in 0.022059 seconds 
========================================================================
Received Import Request.
  Time since last request: 0.000024 seconds.
  path: Assets/Audio/SE/Break.ogg
  artifactKey: Guid(0c2e47c3907d91a4086942ac353e1230) Importer(815301076,1909f56bfc062723c751e8b465ee728b)
Start importing Assets/Audio/SE/Break.ogg using Guid(0c2e47c3907d91a4086942ac353e1230) Importer(815301076,1909f56bfc062723c751e8b465ee728b)  -> (artifact id: '27b3e45f8b47f0fa5e49262ef7554d6f') in 0.020801 seconds 
========================================================================
Received Import Request.
  Time since last request: 0.000029 seconds.
  path: Assets/Audio/SE/Book1.ogg
  artifactKey: Guid(241a4df1c30ba74429ea816f589efd27) Importer(815301076,1909f56bfc062723c751e8b465ee728b)
Start importing Assets/Audio/SE/Book1.ogg using Guid(241a4df1c30ba74429ea816f589efd27) Importer(815301076,1909f56bfc062723c751e8b465ee728b)  -> (artifact id: '6b9c961574eef742c5f46be1028948db') in 0.019493 seconds 
========================================================================
Received Import Request.
  Time since last request: 0.000055 seconds.
  path: Assets/Audio/SE/Buzzer2.ogg
  artifactKey: Guid(96f5079a0729b0f4a94c5c28a279a213) Importer(815301076,1909f56bfc062723c751e8b465ee728b)
Start importing Assets/Audio/SE/Buzzer2.ogg using Guid(96f5079a0729b0f4a94c5c28a279a213) Importer(815301076,1909f56bfc062723c751e8b465ee728b)  -> (artifact id: 'ea91b8b275010440cb9a3d0771a3fe76') in 0.024434 seconds 
========================================================================
Received Import Request.
  Time since last request: 0.000040 seconds.
  path: Assets/Audio/SE/Blow2.ogg
  artifactKey: Guid(1255f31e60f61db4d82be899815a37ff) Importer(815301076,1909f56bfc062723c751e8b465ee728b)
Start importing Assets/Audio/SE/Blow2.ogg using Guid(1255f31e60f61db4d82be899815a37ff) Importer(815301076,1909f56bfc062723c751e8b465ee728b)  -> (artifact id: 'f4848edc83ecd768cc001c0e3744e8fb') in 0.016905 seconds 
========================================================================
Received Import Request.
  Time since last request: 0.000037 seconds.
  path: Assets/Audio/SE/Blow6.ogg
  artifactKey: Guid(b722773ce9055234ca358ea37cadbbee) Importer(815301076,1909f56bfc062723c751e8b465ee728b)
Start importing Assets/Audio/SE/Blow6.ogg using Guid(b722773ce9055234ca358ea37cadbbee) Importer(815301076,1909f56bfc062723c751e8b465ee728b)  -> (artifact id: 'bd885f6248b78af7fafb35990463c953') in 0.014667 seconds 
========================================================================
Received Import Request.
  Time since last request: 0.000025 seconds.
  path: Assets/Audio/SE/Bell2.ogg
  artifactKey: Guid(67d106dfd36ab1a4aacc7c9e4b85dab6) Importer(815301076,1909f56bfc062723c751e8b465ee728b)
Start importing Assets/Audio/SE/Bell2.ogg using Guid(67d106dfd36ab1a4aacc7c9e4b85dab6) Importer(815301076,1909f56bfc062723c751e8b465ee728b)  -> (artifact id: 'f31de61c5744a2bb79ce3208c9c2ce70') in 0.019358 seconds 
========================================================================
Received Import Request.
  Time since last request: 0.000039 seconds.
  path: Assets/Audio/SE/Blow7.ogg
  artifactKey: Guid(d93a5149493bb744aa3c46e55bb5b79c) Importer(815301076,1909f56bfc062723c751e8b465ee728b)
Start importing Assets/Audio/SE/Blow7.ogg using Guid(d93a5149493bb744aa3c46e55bb5b79c) Importer(815301076,1909f56bfc062723c751e8b465ee728b)  -> (artifact id: 'd8c4db8235e9b49d8b618eac924d17c3') in 0.026247 seconds 
========================================================================
Received Import Request.
  Time since last request: 0.000038 seconds.
  path: Assets/Audio/SE/Bow1.ogg
  artifactKey: Guid(0bf2f92cc528a3141a51efadc8e05112) Importer(815301076,1909f56bfc062723c751e8b465ee728b)
Start importing Assets/Audio/SE/Bow1.ogg using Guid(0bf2f92cc528a3141a51efadc8e05112) Importer(815301076,1909f56bfc062723c751e8b465ee728b)  -> (artifact id: '35dc05d29ec63b53b8af33084e11e738') in 0.019392 seconds 
========================================================================
Received Import Request.
  Time since last request: 0.000024 seconds.
  path: Assets/Audio/SE/Bow3.ogg
  artifactKey: Guid(011ff93569fedbf4381a1e6582849bd2) Importer(815301076,1909f56bfc062723c751e8b465ee728b)
Start importing Assets/Audio/SE/Bow3.ogg using Guid(011ff93569fedbf4381a1e6582849bd2) Importer(815301076,1909f56bfc062723c751e8b465ee728b)  -> (artifact id: 'e853fcb2bd223e9c29f0b4182de5b50b') in 0.015114 seconds 
========================================================================
Received Import Request.
  Time since last request: 1.545725 seconds.
  path: Assets/Audio/SE/Item1.ogg
  artifactKey: Guid(ee62a92ebb1680e4987d33cca4fe56c7) Importer(815301076,1909f56bfc062723c751e8b465ee728b)
Start importing Assets/Audio/SE/Item1.ogg using Guid(ee62a92ebb1680e4987d33cca4fe56c7) Importer(815301076,1909f56bfc062723c751e8b465ee728b)  -> (artifact id: '953b1e40000a4c64b4d35cef31b18c1d') in 0.014321 seconds 
========================================================================
Received Import Request.
  Time since last request: 0.000020 seconds.
  path: Assets/Audio/SE/Item3.ogg
  artifactKey: Guid(8a249f5cc49d44a4983debcce27269c1) Importer(815301076,1909f56bfc062723c751e8b465ee728b)
Start importing Assets/Audio/SE/Item3.ogg using Guid(8a249f5cc49d44a4983debcce27269c1) Importer(815301076,1909f56bfc062723c751e8b465ee728b)  -> (artifact id: '353152775973fb992c7e0ce8fdd26acd') in 0.015247 seconds 
========================================================================
Received Import Request.
  Time since last request: 23.266643 seconds.
  path: Assets/Audio/SE/Earth2.ogg
  artifactKey: Guid(643e0a326e5595541940a2e2dbeb40c5) Importer(815301076,1909f56bfc062723c751e8b465ee728b)
Start importing Assets/Audio/SE/Earth2.ogg using Guid(643e0a326e5595541940a2e2dbeb40c5) Importer(815301076,1909f56bfc062723c751e8b465ee728b)  -> (artifact id: '4b8a0e79cae74249e205e7eec554dc7f') in 0.015333 seconds 
========================================================================
Received Import Request.
  Time since last request: 0.000030 seconds.
  path: Assets/Audio/SE/Earth8.ogg
  artifactKey: Guid(486037c715f1a194cbc35ffc029ead55) Importer(815301076,1909f56bfc062723c751e8b465ee728b)
Start importing Assets/Audio/SE/Earth8.ogg using Guid(486037c715f1a194cbc35ffc029ead55) Importer(815301076,1909f56bfc062723c751e8b465ee728b)  -> (artifact id: 'ff09314466198f9ccd065e0dcd6d0693') in 0.016315 seconds 
========================================================================
Received Import Request.
  Time since last request: 0.000040 seconds.
  path: Assets/Audio/SE/Earth5.ogg
  artifactKey: Guid(a5078824d3193e846a91cc7d199de27a) Importer(815301076,1909f56bfc062723c751e8b465ee728b)
Start importing Assets/Audio/SE/Earth5.ogg using Guid(a5078824d3193e846a91cc7d199de27a) Importer(815301076,1909f56bfc062723c751e8b465ee728b)  -> (artifact id: '74b9412eeea7b5fc2e175b325c9ec27b') in 0.019049 seconds 
========================================================================
Received Import Request.
  Time since last request: 20.376536 seconds.
  path: Assets/Audio/SE/Damage1.ogg
  artifactKey: Guid(acbaac1332c632e4a88abbdee0a35a9f) Importer(815301076,1909f56bfc062723c751e8b465ee728b)
Start importing Assets/Audio/SE/Damage1.ogg using Guid(acbaac1332c632e4a88abbdee0a35a9f) Importer(815301076,1909f56bfc062723c751e8b465ee728b)  -> (artifact id: '2c36760d3225c7941768f3d46f7ccf99') in 0.030820 seconds 
========================================================================
Received Import Request.
  Time since last request: 0.000032 seconds.
  path: Assets/Audio/SE/Darkness8.ogg
  artifactKey: Guid(b8caed32b27dad542b822da0c94e4a94) Importer(815301076,1909f56bfc062723c751e8b465ee728b)
Start importing Assets/Audio/SE/Darkness8.ogg using Guid(b8caed32b27dad542b822da0c94e4a94) Importer(815301076,1909f56bfc062723c751e8b465ee728b)  -> (artifact id: '996902af3f6908966b4ced45d2e5cb64') in 0.022274 seconds 
========================================================================
Received Import Request.
  Time since last request: 0.000046 seconds.
  path: Assets/Audio/BGS/Drips.ogg
  artifactKey: Guid(d74fa5460428e164d96ab23e96bd00ca) Importer(815301076,1909f56bfc062723c751e8b465ee728b)
Start importing Assets/Audio/BGS/Drips.ogg using Guid(d74fa5460428e164d96ab23e96bd00ca) Importer(815301076,1909f56bfc062723c751e8b465ee728b)  -> (artifact id: '304b511f7fb61b483192716b772893d1') in 0.017705 seconds 
========================================================================
Received Import Request.
  Time since last request: 0.000029 seconds.
  path: Assets/Audio/SE/Damage4.ogg
  artifactKey: Guid(073852651b8fd46459f8d8551383374f) Importer(815301076,1909f56bfc062723c751e8b465ee728b)
Start importing Assets/Audio/SE/Damage4.ogg using Guid(073852651b8fd46459f8d8551383374f) Importer(815301076,1909f56bfc062723c751e8b465ee728b)  -> (artifact id: '9aea8b1983e439afbf678b62a018065e') in 0.018890 seconds 
========================================================================
Received Import Request.
  Time since last request: 0.000097 seconds.
  path: Assets/Audio/SE/Down1.ogg
  artifactKey: Guid(f8bbcb7303a9fe54b9a4e9d331876527) Importer(815301076,1909f56bfc062723c751e8b465ee728b)
Start importing Assets/Audio/SE/Down1.ogg using Guid(f8bbcb7303a9fe54b9a4e9d331876527) Importer(815301076,1909f56bfc062723c751e8b465ee728b)  -> (artifact id: '3d842f5e46b11760409d16480ac52e03') in 0.023394 seconds 
========================================================================
Received Import Request.
  Time since last request: 0.000037 seconds.
  path: Assets/Audio/SE/Dog.ogg
  artifactKey: Guid(db7a4b9fc8e7ad948ad1d92d914afd17) Importer(815301076,1909f56bfc062723c751e8b465ee728b)
Start importing Assets/Audio/SE/Dog.ogg using Guid(db7a4b9fc8e7ad948ad1d92d914afd17) Importer(815301076,1909f56bfc062723c751e8b465ee728b)  -> (artifact id: 'db27f45bf62521f40ac9465008702fb9') in 0.020601 seconds 
========================================================================
Received Import Request.
  Time since last request: 0.000055 seconds.
  path: Assets/Audio/SE/Darkness6.ogg
  artifactKey: Guid(c06c203d39f32374eb18e579ba9e74fa) Importer(815301076,1909f56bfc062723c751e8b465ee728b)
Start importing Assets/Audio/SE/Darkness6.ogg using Guid(c06c203d39f32374eb18e579ba9e74fa) Importer(815301076,1909f56bfc062723c751e8b465ee728b)  -> (artifact id: '31f68dc2c843db55e0f8657ed1ea1061') in 0.019100 seconds 
========================================================================
Received Import Request.
  Time since last request: 0.000049 seconds.
  path: Assets/Audio/BGM/Dungeon6.ogg
  artifactKey: Guid(4448703915484ab49a191024b0422292) Importer(815301076,1909f56bfc062723c751e8b465ee728b)
Start importing Assets/Audio/BGM/Dungeon6.ogg using Guid(4448703915484ab49a191024b0422292) Importer(815301076,1909f56bfc062723c751e8b465ee728b)  -> (artifact id: '40407d52bda67f63a0cdf27ae12849d5') in 0.019144 seconds 
========================================================================
Received Import Request.
  Time since last request: 102.117893 seconds.
  path: Assets/Audio/SE/Saint2.ogg
  artifactKey: Guid(de6d4654747ba414d88f71730e2aa75a) Importer(815301076,1909f56bfc062723c751e8b465ee728b)
Start importing Assets/Audio/SE/Saint2.ogg using Guid(de6d4654747ba414d88f71730e2aa75a) Importer(815301076,1909f56bfc062723c751e8b465ee728b)  -> (artifact id: 'f048885fa4f4d38adc5129dd10d8b10e') in 0.018066 seconds 
========================================================================
Received Import Request.
  Time since last request: 0.009985 seconds.
  path: Assets/Audio/SE/Saint4.ogg
  artifactKey: Guid(74b3ce8142dda3b44a67bd431d529437) Importer(815301076,1909f56bfc062723c751e8b465ee728b)
Start importing Assets/Audio/SE/Saint4.ogg using Guid(74b3ce8142dda3b44a67bd431d529437) Importer(815301076,1909f56bfc062723c751e8b465ee728b)  -> (artifact id: '8dbbd344b884dbae3de1db16c5bc833f') in 0.021003 seconds 
========================================================================
Received Import Request.
  Time since last request: 0.000024 seconds.
  path: Assets/Audio/SE/Saint9.ogg
  artifactKey: Guid(8a19e519113e5c44fb32c0e6b423281f) Importer(815301076,1909f56bfc062723c751e8b465ee728b)
Start importing Assets/Audio/SE/Saint9.ogg using Guid(8a19e519113e5c44fb32c0e6b423281f) Importer(815301076,1909f56bfc062723c751e8b465ee728b)  -> (artifact id: '1ab995c6cc8e2a0c5225da731cab2ea8') in 0.023314 seconds 
========================================================================
Received Import Request.
  Time since last request: 0.000025 seconds.
  path: Assets/Audio/SE/Saint5.ogg
  artifactKey: Guid(272cea40fec002b4fadeb1422e275e51) Importer(815301076,1909f56bfc062723c751e8b465ee728b)
Start importing Assets/Audio/SE/Saint5.ogg using Guid(272cea40fec002b4fadeb1422e275e51) Importer(815301076,1909f56bfc062723c751e8b465ee728b)  -> (artifact id: '6cf969e857f553ae1306faab9b7700a0') in 0.021625 seconds 
Editor requested this worker to shutdown with reason: Scaling down because of idle timeout
AssetImportWorker is now disconnected from the server
Process exiting
Exiting without the bug reporter. Application will terminate with return code 0